{"meta": {"format": 3, "version": "7.14.1", "timestamp": "2026-06-19T07:35:07.432469", "branch_coverage": false, "show_contexts": false}, "files": {"skills/bmad-story-automator/src/story_automator/__init__.py": {"executed_lines": [1, 3], "summary": {"covered_lines": 2, "num_statements": 2, "percent_covered": 100.0, "percent_covered_display": "100", "missing_lines": 0, "excluded_lines": 0, "percent_statements_covered": 100.0, "percent_statements_covered_display": "100"}, "missing_lines": [], "excluded_lines": [], "functions": {"": {"executed_lines": [1, 3], "summary": {"covered_lines": 2, "num_statements": 2, "percent_covered": 100.0, "percent_covered_display": "100", "missing_lines": 0, "excluded_lines": 0, "percent_statements_covered": 100.0, "percent_statements_covered_display": "100"}, "missing_lines": [], "excluded_lines": [], "start_line": 1}}, "classes": {"": {"executed_lines": [1, 3], "summary": {"covered_lines": 2, "num_statements": 2, "percent_covered": 100.0, "percent_covered_display": "100", "missing_lines": 0, "excluded_lines": 0, "percent_statements_covered": 100.0, "percent_statements_covered_display": "100"}, "missing_lines": [], "excluded_lines": [], "start_line": 1}}}, "skills/bmad-story-automator/src/story_automator/__main__.py": {"executed_lines": [], "summary": {"covered_lines": 0, "num_statements": 3, "percent_covered": 0.0, "percent_covered_display": "0", "missing_lines": 3, "excluded_lines": 0, "percent_statements_covered": 0.0, "percent_statements_covered_display": "0"}, "missing_lines": [1, 4, 5], "excluded_lines": [], "functions": {"": {"executed_lines": [], "summary": {"covered_lines": 0, "num_statements": 3, "percent_covered": 0.0, "percent_covered_display": "0", "missing_lines": 3, "excluded_lines": 0, "percent_statements_covered": 0.0, "percent_statements_covered_display": "0"}, "missing_lines": [1, 4, 5], "excluded_lines": [], "start_line": 1}}, "classes": {"": {"executed_lines": [], "summary": {"covered_lines": 0, "num_statements": 3, "percent_covered": 0.0, "percent_covered_display": "0", "missing_lines": 3, "excluded_lines": 0, "percent_statements_covered": 0.0, "percent_statements_covered_display": "0"}, "missing_lines": [1, 4, 5], "excluded_lines": [], "start_line": 1}}}, "skills/bmad-story-automator/src/story_automator/cli.py": {"executed_lines": [1, 3, 4, 5, 7, 8, 9, 17, 18, 19, 20, 21, 22, 23, 24, 25, 26, 32, 39, 40, 41, 49, 52, 53, 54, 57, 60, 61, 62, 63, 64, 65, 66, 67, 68, 69, 70, 71, 74, 75, 76, 77, 78, 79, 80, 85, 93, 96, 104, 141, 142, 143, 144, 145, 146, 149, 150, 151, 154, 167, 168, 169, 170, 171, 174, 177, 178, 180, 188, 189, 190, 193, 194, 198, 199, 200, 201, 203, 204, 205, 208, 225, 226, 227, 228, 229], "summary": {"covered_lines": 86, "num_statements": 122, "percent_covered": 70.49180327868852, "percent_covered_display": "70", "missing_lines": 36, "excluded_lines": 0, "percent_statements_covered": 70.49180327868852, "percent_statements_covered_display": "70"}, "missing_lines": [55, 56, 58, 59, 155, 156, 157, 158, 159, 160, 161, 162, 163, 164, 172, 173, 175, 176, 179, 181, 187, 202, 209, 210, 211, 212, 213, 214, 215, 216, 217, 218, 219, 220, 221, 222], "excluded_lines": [], "functions": {"main": {"executed_lines": [53, 54, 57, 60, 61, 62, 63, 64, 65, 66, 67, 68, 69, 70, 71, 74, 75, 76, 77, 78, 79, 80, 85, 93], "summary": {"covered_lines": 24, "num_statements": 28, "percent_covered": 85.71428571428571, "percent_covered_display": "86", "missing_lines": 4, "excluded_lines": 0, "percent_statements_covered": 85.71428571428571, "percent_statements_covered_display": "86"}, "missing_lines": [55, 56, 58, 59], "excluded_lines": [], "start_line": 52}, "_command_registry": {"executed_lines": [104], "summary": {"covered_lines": 1, "num_statements": 1, "percent_covered": 100.0, "percent_covered_display": "100", "missing_lines": 0, "excluded_lines": 0, "percent_statements_covered": 100.0, "percent_statements_covered_display": "100"}, "missing_lines": [], "excluded_lines": [], "start_line": 96}, "_usage": {"executed_lines": [142, 143, 144, 145, 146], "summary": {"covered_lines": 5, "num_statements": 5, "percent_covered": 100.0, "percent_covered_display": "100", "missing_lines": 0, "excluded_lines": 0, "percent_statements_covered": 100.0, "percent_statements_covered_display": "100"}, "missing_lines": [], "excluded_lines": [], "start_line": 141}, "_cmd_version": {"executed_lines": [150, 151], "summary": {"covered_lines": 2, "num_statements": 2, "percent_covered": 100.0, "percent_covered_display": "100", "missing_lines": 0, "excluded_lines": 0, "percent_statements_covered": 100.0, "percent_statements_covered_display": "100"}, "missing_lines": [], "excluded_lines": [], "start_line": 149}, "_cmd_parse_epic": {"executed_lines": [], "summary": {"covered_lines": 0, "num_statements": 10, "percent_covered": 0.0, "percent_covered_display": "0", "missing_lines": 10, "excluded_lines": 0, "percent_statements_covered": 0.0, "percent_statements_covered_display": "0"}, "missing_lines": [155, 156, 157, 158, 159, 160, 161, 162, 163, 164], "excluded_lines": [], "start_line": 154}, "_cmd_parse_story": {"executed_lines": [168, 169, 170, 171, 174, 177, 178, 180, 188, 189, 190], "summary": {"covered_lines": 11, "num_statements": 18, "percent_covered": 61.111111111111114, "percent_covered_display": "61", "missing_lines": 7, "excluded_lines": 0, "percent_statements_covered": 61.111111111111114, "percent_statements_covered_display": "61"}, "missing_lines": [172, 173, 175, 176, 179, 181, 187], "excluded_lines": [], "start_line": 167}, "_cmd_parse_story_range": {"executed_lines": [194, 198, 199, 200, 201, 203, 204, 205], "summary": {"covered_lines": 8, "num_statements": 9, "percent_covered": 88.88888888888889, "percent_covered_display": "89", "missing_lines": 1, "excluded_lines": 0, "percent_statements_covered": 88.88888888888889, "percent_statements_covered_display": "89"}, "missing_lines": [202], "excluded_lines": [], "start_line": 193}, "_cmd_epic_complete": {"executed_lines": [], "summary": {"covered_lines": 0, "num_statements": 14, "percent_covered": 0.0, "percent_covered_display": "0", "missing_lines": 14, "excluded_lines": 0, "percent_statements_covered": 0.0, "percent_statements_covered_display": "0"}, "missing_lines": [209, 210, 211, 212, 213, 214, 215, 216, 217, 218, 219, 220, 221, 222], "excluded_lines": [], "start_line": 208}, "_arg_value": {"executed_lines": [226, 227, 228, 229], "summary": {"covered_lines": 4, "num_statements": 4, "percent_covered": 100.0, "percent_covered_display": "100", "missing_lines": 0, "excluded_lines": 0, "percent_statements_covered": 100.0, "percent_statements_covered_display": "100"}, "missing_lines": [], "excluded_lines": [], "start_line": 225}, "": {"executed_lines": [1, 3, 4, 5, 7, 8, 9, 17, 18, 19, 20, 21, 22, 23, 24, 25, 26, 32, 39, 40, 41, 49, 52, 96, 141, 149, 154, 167, 193, 208, 225], "summary": {"covered_lines": 31, "num_statements": 31, "percent_covered": 100.0, "percent_covered_display": "100", "missing_lines": 0, "excluded_lines": 0, "percent_statements_covered": 100.0, "percent_statements_covered_display": "100"}, "missing_lines": [], "excluded_lines": [], "start_line": 1}}, "classes": {"": {"executed_lines": [1, 3, 4, 5, 7, 8, 9, 17, 18, 19, 20, 21, 22, 23, 24, 25, 26, 32, 39, 40, 41, 49, 52, 53, 54, 57, 60, 61, 62, 63, 64, 65, 66, 67, 68, 69, 70, 71, 74, 75, 76, 77, 78, 79, 80, 85, 93, 96, 104, 141, 142, 143, 144, 145, 146, 149, 150, 151, 154, 167, 168, 169, 170, 171, 174, 177, 178, 180, 188, 189, 190, 193, 194, 198, 199, 200, 201, 203, 204, 205, 208, 225, 226, 227, 228, 229], "summary": {"covered_lines": 86, "num_statements": 122, "percent_covered": 70.49180327868852, "percent_covered_display": "70", "missing_lines": 36, "excluded_lines": 0, "percent_statements_covered": 70.49180327868852, "percent_statements_covered_display": "70"}, "missing_lines": [55, 56, 58, 59, 155, 156, 157, 158, 159, 160, 161, 162, 163, 164, 172, 173, 175, 176, 179, 181, 187, 202, 209, 210, 211, 212, 213, 214, 215, 216, 217, 218, 219, 220, 221, 222], "excluded_lines": [], "start_line": 1}}}, "skills/bmad-story-automator/src/story_automator/commands/__init__.py": {"executed_lines": [], "summary": {"covered_lines": 0, "num_statements": 0, "percent_covered": 100.0, "percent_covered_display": "100", "missing_lines": 0, "excluded_lines": 0, "percent_statements_covered": 100.0, "percent_statements_covered_display": "100"}, "missing_lines": [], "excluded_lines": [], "functions": {"": {"executed_lines": [], "summary": {"covered_lines": 0, "num_statements": 0, "percent_covered": 100.0, "percent_covered_display": "100", "missing_lines": 0, "excluded_lines": 0, "percent_statements_covered": 100.0, "percent_statements_covered_display": "100"}, "missing_lines": [], "excluded_lines": [], "start_line": 1}}, "classes": {"": {"executed_lines": [], "summary": {"covered_lines": 0, "num_statements": 0, "percent_covered": 100.0, "percent_covered_display": "100", "missing_lines": 0, "excluded_lines": 0, "percent_statements_covered": 100.0, "percent_statements_covered_display": "100"}, "missing_lines": [], "excluded_lines": [], "start_line": 1}}}, "skills/bmad-story-automator/src/story_automator/commands/_audit_hooks.py": {"executed_lines": [9, 11, 12, 14, 17, 26, 29, 38, 39, 40, 41], "summary": {"covered_lines": 11, "num_statements": 11, "percent_covered": 100.0, "percent_covered_display": "100", "missing_lines": 0, "excluded_lines": 0, "percent_statements_covered": 100.0, "percent_statements_covered_display": "100"}, "missing_lines": [], "excluded_lines": [], "functions": {"_audit_path_for": {"executed_lines": [26], "summary": {"covered_lines": 1, "num_statements": 1, "percent_covered": 100.0, "percent_covered_display": "100", "missing_lines": 0, "excluded_lines": 0, "percent_statements_covered": 100.0, "percent_statements_covered_display": "100"}, "missing_lines": [], "excluded_lines": [], "start_line": 17}, "_maybe_audit_event": {"executed_lines": [38, 39, 40, 41], "summary": {"covered_lines": 4, "num_statements": 4, "percent_covered": 100.0, "percent_covered_display": "100", "missing_lines": 0, "excluded_lines": 0, "percent_statements_covered": 100.0, "percent_statements_covered_display": "100"}, "missing_lines": [], "excluded_lines": [], "start_line": 29}, "": {"executed_lines": [9, 11, 12, 14, 17, 29], "summary": {"covered_lines": 6, "num_statements": 6, "percent_covered": 100.0, "percent_covered_display": "100", "missing_lines": 0, "excluded_lines": 0, "percent_statements_covered": 100.0, "percent_statements_covered_display": "100"}, "missing_lines": [], "excluded_lines": [], "start_line": 1}}, "classes": {"": {"executed_lines": [9, 11, 12, 14, 17, 26, 29, 38, 39, 40, 41], "summary": {"covered_lines": 11, "num_statements": 11, "percent_covered": 100.0, "percent_covered_display": "100", "missing_lines": 0, "excluded_lines": 0, "percent_statements_covered": 100.0, "percent_statements_covered_display": "100"}, "missing_lines": [], "excluded_lines": [], "start_line": 1}}}, "skills/bmad-story-automator/src/story_automator/commands/agent_config_cmd.py": {"executed_lines": [1, 3, 5, 6, 9, 75], "summary": {"covered_lines": 6, "num_statements": 77, "percent_covered": 7.792207792207792, "percent_covered_display": "8", "missing_lines": 71, "excluded_lines": 0, "percent_statements_covered": 7.792207792207792, "percent_statements_covered_display": "8"}, "missing_lines": [10, 11, 12, 13, 14, 15, 16, 17, 18, 19, 20, 21, 22, 23, 24, 25, 26, 27, 28, 29, 30, 31, 32, 33, 34, 35, 36, 37, 38, 39, 40, 41, 42, 44, 45, 46, 47, 48, 49, 50, 51, 52, 53, 54, 55, 56, 57, 58, 59, 60, 61, 62, 63, 64, 65, 66, 67, 68, 69, 70, 71, 72, 76, 77, 78, 79, 80, 81, 82, 83, 84], "excluded_lines": [], "functions": {"cmd_agent_config": {"executed_lines": [], "summary": {"covered_lines": 0, "num_statements": 62, "percent_covered": 0.0, "percent_covered_display": "0", "missing_lines": 62, "excluded_lines": 0, "percent_statements_covered": 0.0, "percent_statements_covered_display": "0"}, "missing_lines": [10, 11, 12, 13, 14, 15, 16, 17, 18, 19, 20, 21, 22, 23, 24, 25, 26, 27, 28, 29, 30, 31, 32, 33, 34, 35, 36, 37, 38, 39, 40, 41, 42, 44, 45, 46, 47, 48, 49, 50, 51, 52, 53, 54, 55, 56, 57, 58, 59, 60, 61, 62, 63, 64, 65, 66, 67, 68, 69, 70, 71, 72], "excluded_lines": [], "start_line": 9}, "_flag_map": {"executed_lines": [], "summary": {"covered_lines": 0, "num_statements": 9, "percent_covered": 0.0, "percent_covered_display": "0", "missing_lines": 9, "excluded_lines": 0, "percent_statements_covered": 0.0, "percent_statements_covered_display": "0"}, "missing_lines": [76, 77, 78, 79, 80, 81, 82, 83, 84], "excluded_lines": [], "start_line": 75}, "": {"executed_lines": [1, 3, 5, 6, 9, 75], "summary": {"covered_lines": 6, "num_statements": 6, "percent_covered": 100.0, "percent_covered_display": "100", "missing_lines": 0, "excluded_lines": 0, "percent_statements_covered": 100.0, "percent_statements_covered_display": "100"}, "missing_lines": [], "excluded_lines": [], "start_line": 1}}, "classes": {"": {"executed_lines": [1, 3, 5, 6, 9, 75], "summary": {"covered_lines": 6, "num_statements": 77, "percent_covered": 7.792207792207792, "percent_covered_display": "8", "missing_lines": 71, "excluded_lines": 0, "percent_statements_covered": 7.792207792207792, "percent_statements_covered_display": "8"}, "missing_lines": [10, 11, 12, 13, 14, 15, 16, 17, 18, 19, 20, 21, 22, 23, 24, 25, 26, 27, 28, 29, 30, 31, 32, 33, 34, 35, 36, 37, 38, 39, 40, 41, 42, 44, 45, 46, 47, 48, 49, 50, 51, 52, 53, 54, 55, 56, 57, 58, 59, 60, 61, 62, 63, 64, 65, 66, 67, 68, 69, 70, 71, 72, 76, 77, 78, 79, 80, 81, 82, 83, 84], "excluded_lines": [], "start_line": 1}}}, "skills/bmad-story-automator/src/story_automator/commands/audit_verify_cmd.py": {"executed_lines": [14, 16, 17, 18, 21, 22, 23, 24, 25, 26, 27, 28, 29, 31, 34, 47, 48, 50, 51, 54, 55, 57, 58, 59, 69, 77], "summary": {"covered_lines": 26, "num_statements": 30, "percent_covered": 86.66666666666667, "percent_covered_display": "87", "missing_lines": 4, "excluded_lines": 0, "percent_statements_covered": 86.66666666666667, "percent_statements_covered_display": "87"}, "missing_lines": [30, 60, 66, 67], "excluded_lines": [], "functions": {"_flag_map": {"executed_lines": [22, 23, 24, 25, 26, 27, 28, 29, 31], "summary": {"covered_lines": 9, "num_statements": 10, "percent_covered": 90.0, "percent_covered_display": "90", "missing_lines": 1, "excluded_lines": 0, "percent_statements_covered": 90.0, "percent_statements_covered_display": "90"}, "missing_lines": [30], "excluded_lines": [], "start_line": 21}, "cmd_audit_verify": {"executed_lines": [47, 48, 50, 51, 54, 55, 57, 58, 59, 69, 77], "summary": {"covered_lines": 11, "num_statements": 14, "percent_covered": 78.57142857142857, "percent_covered_display": "79", "missing_lines": 3, "excluded_lines": 0, "percent_statements_covered": 78.57142857142857, "percent_statements_covered_display": "79"}, "missing_lines": [60, 66, 67], "excluded_lines": [], "start_line": 34}, "": {"executed_lines": [14, 16, 17, 18, 21, 34], "summary": {"covered_lines": 6, "num_statements": 6, "percent_covered": 100.0, "percent_covered_display": "100", "missing_lines": 0, "excluded_lines": 0, "percent_statements_covered": 100.0, "percent_statements_covered_display": "100"}, "missing_lines": [], "excluded_lines": [], "start_line": 1}}, "classes": {"": {"executed_lines": [14, 16, 17, 18, 21, 22, 23, 24, 25, 26, 27, 28, 29, 31, 34, 47, 48, 50, 51, 54, 55, 57, 58, 59, 69, 77], "summary": {"covered_lines": 26, "num_statements": 30, "percent_covered": 86.66666666666667, "percent_covered_display": "87", "missing_lines": 4, "excluded_lines": 0, "percent_statements_covered": 86.66666666666667, "percent_statements_covered_display": "87"}, "missing_lines": [30, 60, 66, 67], "excluded_lines": [], "start_line": 1}}}, "skills/bmad-story-automator/src/story_automator/commands/basic.py": {"executed_lines": [1, 3, 4, 5, 6, 7, 8, 10, 11, 12, 13, 20, 21, 24, 25, 26, 27, 30, 31, 32, 35, 36, 37, 39, 44, 45, 46, 47, 51, 63, 90, 91, 92, 93, 94, 95, 96, 97, 98, 99, 100, 101, 102, 103, 104, 105, 106, 107, 108, 109, 110, 113, 116, 117, 118, 121, 122, 123, 124, 131, 132, 141, 142, 143, 146, 147, 148, 150, 151, 153, 154, 159, 163, 164, 165, 167, 169, 175, 176, 181, 182, 185, 223], "summary": {"covered_lines": 83, "num_statements": 185, "percent_covered": 44.86486486486486, "percent_covered_display": "45", "missing_lines": 102, "excluded_lines": 0, "percent_statements_covered": 44.86486486486486, "percent_statements_covered_display": "45"}, "missing_lines": [38, 48, 52, 53, 54, 55, 56, 57, 58, 59, 60, 64, 65, 66, 67, 68, 69, 70, 71, 72, 73, 74, 75, 76, 77, 78, 79, 80, 81, 82, 83, 84, 85, 86, 87, 112, 114, 115, 119, 120, 149, 152, 155, 158, 166, 168, 186, 187, 188, 189, 190, 191, 192, 193, 194, 195, 196, 197, 198, 199, 200, 201, 202, 203, 204, 205, 206, 207, 208, 209, 210, 211, 212, 213, 214, 215, 216, 217, 218, 219, 220, 224, 225, 226, 227, 228, 229, 230, 231, 232, 233, 234, 235, 236, 237, 238, 239, 240, 241, 242, 243, 244], "excluded_lines": [], "functions": {"_workflow_root": {"executed_lines": [21], "summary": {"covered_lines": 1, "num_statements": 1, "percent_covered": 100.0, "percent_covered_display": "100", "missing_lines": 0, "excluded_lines": 0, "percent_statements_covered": 100.0, "percent_statements_covered_display": "100"}, "missing_lines": [], "excluded_lines": [], "start_line": 20}, "_workflow_doc_relative": {"executed_lines": [25, 26, 27, 30, 31, 32], "summary": {"covered_lines": 6, "num_statements": 6, "percent_covered": 100.0, "percent_covered_display": "100", "missing_lines": 0, "excluded_lines": 0, "percent_statements_covered": 100.0, "percent_statements_covered_display": "100"}, "missing_lines": [], "excluded_lines": [], "start_line": 24}, "_stop_hook_command": {"executed_lines": [36, 37, 39, 44, 45, 46, 47], "summary": {"covered_lines": 7, "num_statements": 9, "percent_covered": 77.77777777777777, "percent_covered_display": "78", "missing_lines": 2, "excluded_lines": 0, "percent_statements_covered": 77.77777777777777, "percent_statements_covered_display": "78"}, "missing_lines": [38, 48], "excluded_lines": [], "start_line": 35}, "cmd_derive_project_slug": {"executed_lines": [], "summary": {"covered_lines": 0, "num_statements": 9, "percent_covered": 0.0, "percent_covered_display": "0", "missing_lines": 9, "excluded_lines": 0, "percent_statements_covered": 0.0, "percent_statements_covered_display": "0"}, "missing_lines": [52, 53, 54, 55, 56, 57, 58, 59, 60], "excluded_lines": [], "start_line": 51}, "cmd_ensure_marker_gitignore": {"executed_lines": [], "summary": {"covered_lines": 0, "num_statements": 24, "percent_covered": 0.0, "percent_covered_display": "0", "missing_lines": 24, "excluded_lines": 0, "percent_statements_covered": 0.0, "percent_statements_covered_display": "0"}, "missing_lines": [64, 65, 66, 67, 68, 69, 70, 71, 72, 73, 74, 75, 76, 77, 78, 79, 80, 81, 82, 83, 84, 85, 86, 87], "excluded_lines": [], "start_line": 63}, "cmd_ensure_stop_hook": {"executed_lines": [91, 92, 93, 94, 95, 96, 97, 98, 99, 100, 101, 102, 103, 104, 105, 106, 107, 108, 109, 110, 113, 116, 117, 118, 121, 122, 123, 124, 131, 132, 141, 142, 143], "summary": {"covered_lines": 33, "num_statements": 38, "percent_covered": 86.84210526315789, "percent_covered_display": "87", "missing_lines": 5, "excluded_lines": 0, "percent_statements_covered": 86.84210526315789, "percent_statements_covered_display": "87"}, "missing_lines": [112, 114, 115, 119, 120], "excluded_lines": [], "start_line": 90}, "cmd_stop_hook": {"executed_lines": [147, 148, 150, 151, 153, 154, 159, 163, 164, 165, 167, 169, 175, 176, 181, 182], "summary": {"covered_lines": 16, "num_statements": 22, "percent_covered": 72.72727272727273, "percent_covered_display": "73", "missing_lines": 6, "excluded_lines": 0, "percent_statements_covered": 72.72727272727273, "percent_statements_covered_display": "73"}, "missing_lines": [149, 152, 155, 158, 166, 168], "excluded_lines": [], "start_line": 146}, "cmd_commit_story": {"executed_lines": [], "summary": {"covered_lines": 0, "num_statements": 35, "percent_covered": 0.0, "percent_covered_display": "0", "missing_lines": 35, "excluded_lines": 0, "percent_statements_covered": 0.0, "percent_statements_covered_display": "0"}, "missing_lines": [186, 187, 188, 189, 190, 191, 192, 193, 194, 195, 196, 197, 198, 199, 200, 201, 202, 203, 204, 205, 206, 207, 208, 209, 210, 211, 212, 213, 214, 215, 216, 217, 218, 219, 220], "excluded_lines": [], "start_line": 185}, "cmd_list_sessions": {"executed_lines": [], "summary": {"covered_lines": 0, "num_statements": 21, "percent_covered": 0.0, "percent_covered_display": "0", "missing_lines": 21, "excluded_lines": 0, "percent_statements_covered": 0.0, "percent_statements_covered_display": "0"}, "missing_lines": [224, 225, 226, 227, 228, 229, 230, 231, 232, 233, 234, 235, 236, 237, 238, 239, 240, 241, 242, 243, 244], "excluded_lines": [], "start_line": 223}, "": {"executed_lines": [1, 3, 4, 5, 6, 7, 8, 10, 11, 12, 13, 20, 24, 35, 51, 63, 90, 146, 185, 223], "summary": {"covered_lines": 20, "num_statements": 20, "percent_covered": 100.0, "percent_covered_display": "100", "missing_lines": 0, "excluded_lines": 0, "percent_statements_covered": 100.0, "percent_statements_covered_display": "100"}, "missing_lines": [], "excluded_lines": [], "start_line": 1}}, "classes": {"": {"executed_lines": [1, 3, 4, 5, 6, 7, 8, 10, 11, 12, 13, 20, 21, 24, 25, 26, 27, 30, 31, 32, 35, 36, 37, 39, 44, 45, 46, 47, 51, 63, 90, 91, 92, 93, 94, 95, 96, 97, 98, 99, 100, 101, 102, 103, 104, 105, 106, 107, 108, 109, 110, 113, 116, 117, 118, 121, 122, 123, 124, 131, 132, 141, 142, 143, 146, 147, 148, 150, 151, 153, 154, 159, 163, 164, 165, 167, 169, 175, 176, 181, 182, 185, 223], "summary": {"covered_lines": 83, "num_statements": 185, "percent_covered": 44.86486486486486, "percent_covered_display": "45", "missing_lines": 102, "excluded_lines": 0, "percent_statements_covered": 44.86486486486486, "percent_statements_covered_display": "45"}, "missing_lines": [38, 48, 52, 53, 54, 55, 56, 57, 58, 59, 60, 64, 65, 66, 67, 68, 69, 70, 71, 72, 73, 74, 75, 76, 77, 78, 79, 80, 81, 82, 83, 84, 85, 86, 87, 112, 114, 115, 119, 120, 149, 152, 155, 158, 166, 168, 186, 187, 188, 189, 190, 191, 192, 193, 194, 195, 196, 197, 198, 199, 200, 201, 202, 203, 204, 205, 206, 207, 208, 209, 210, 211, 212, 213, 214, 215, 216, 217, 218, 219, 220, 224, 225, 226, 227, 228, 229, 230, 231, 232, 233, 234, 235, 236, 237, 238, 239, 240, 241, 242, 243, 244], "excluded_lines": [], "start_line": 1}}}, "skills/bmad-story-automator/src/story_automator/commands/calibration_cmd.py": {"executed_lines": [12, 14, 16, 21, 22, 25, 26, 27, 28, 29, 30, 31, 32, 33, 34, 35, 38, 47, 48, 51, 52, 60, 76, 77, 78, 79, 86, 87, 88, 89], "summary": {"covered_lines": 30, "num_statements": 33, "percent_covered": 90.9090909090909, "percent_covered_display": "91", "missing_lines": 3, "excluded_lines": 0, "percent_statements_covered": 90.9090909090909, "percent_statements_covered_display": "91"}, "missing_lines": [53, 58, 59], "excluded_lines": [], "functions": {"_flag_map": {"executed_lines": [26, 27, 28, 29, 30, 31, 32, 33, 34, 35], "summary": {"covered_lines": 10, "num_statements": 10, "percent_covered": 100.0, "percent_covered_display": "100", "missing_lines": 0, "excluded_lines": 0, "percent_statements_covered": 100.0, "percent_statements_covered_display": "100"}, "missing_lines": [], "excluded_lines": [], "start_line": 25}, "cmd_calibration": {"executed_lines": [47, 48, 51, 52, 60, 76, 77, 78, 79, 86, 87, 88, 89], "summary": {"covered_lines": 13, "num_statements": 16, "percent_covered": 81.25, "percent_covered_display": "81", "missing_lines": 3, "excluded_lines": 0, "percent_statements_covered": 81.25, "percent_statements_covered_display": "81"}, "missing_lines": [53, 58, 59], "excluded_lines": [], "start_line": 38}, "": {"executed_lines": [12, 14, 16, 21, 22, 25, 38], "summary": {"covered_lines": 7, "num_statements": 7, "percent_covered": 100.0, "percent_covered_display": "100", "missing_lines": 0, "excluded_lines": 0, "percent_statements_covered": 100.0, "percent_statements_covered_display": "100"}, "missing_lines": [], "excluded_lines": [], "start_line": 1}}, "classes": {"": {"executed_lines": [12, 14, 16, 21, 22, 25, 26, 27, 28, 29, 30, 31, 32, 33, 34, 35, 38, 47, 48, 51, 52, 60, 76, 77, 78, 79, 86, 87, 88, 89], "summary": {"covered_lines": 30, "num_statements": 33, "percent_covered": 90.9090909090909, "percent_covered_display": "91", "missing_lines": 3, "excluded_lines": 0, "percent_statements_covered": 90.9090909090909, "percent_statements_covered_display": "91"}, "missing_lines": [53, 58, 59], "excluded_lines": [], "start_line": 1}}}, "skills/bmad-story-automator/src/story_automator/commands/ceiling_check.py": {"executed_lines": [11, 13, 14, 17, 20, 21, 22, 23, 24, 25, 26, 27, 28, 30, 33, 40, 41, 42, 43, 44, 45, 46, 47, 48, 49, 50, 51, 52, 53, 54, 55, 61, 66, 67, 68, 76], "summary": {"covered_lines": 36, "num_statements": 37, "percent_covered": 97.29729729729729, "percent_covered_display": "97", "missing_lines": 1, "excluded_lines": 0, "percent_statements_covered": 97.29729729729729, "percent_statements_covered_display": "97"}, "missing_lines": [29], "excluded_lines": [], "functions": {"_flag_map": {"executed_lines": [21, 22, 23, 24, 25, 26, 27, 28, 30], "summary": {"covered_lines": 9, "num_statements": 10, "percent_covered": 90.0, "percent_covered_display": "90", "missing_lines": 1, "excluded_lines": 0, "percent_statements_covered": 90.0, "percent_statements_covered_display": "90"}, "missing_lines": [29], "excluded_lines": [], "start_line": 20}, "cmd_ceiling_check": {"executed_lines": [40, 41, 42, 43, 44, 45, 46, 47, 48, 49, 50, 51, 52, 53, 54, 55, 61, 66, 67, 68, 76], "summary": {"covered_lines": 21, "num_statements": 21, "percent_covered": 100.0, "percent_covered_display": "100", "missing_lines": 0, "excluded_lines": 0, "percent_statements_covered": 100.0, "percent_statements_covered_display": "100"}, "missing_lines": [], "excluded_lines": [], "start_line": 33}, "": {"executed_lines": [11, 13, 14, 17, 20, 33], "summary": {"covered_lines": 6, "num_statements": 6, "percent_covered": 100.0, "percent_covered_display": "100", "missing_lines": 0, "excluded_lines": 0, "percent_statements_covered": 100.0, "percent_statements_covered_display": "100"}, "missing_lines": [], "excluded_lines": [], "start_line": 1}}, "classes": {"": {"executed_lines": [11, 13, 14, 17, 20, 21, 22, 23, 24, 25, 26, 27, 28, 30, 33, 40, 41, 42, 43, 44, 45, 46, 47, 48, 49, 50, 51, 52, 53, 54, 55, 61, 66, 67, 68, 76], "summary": {"covered_lines": 36, "num_statements": 37, "percent_covered": 97.29729729729729, "percent_covered_display": "97", "missing_lines": 1, "excluded_lines": 0, "percent_statements_covered": 97.29729729729729, "percent_statements_covered_display": "97"}, "missing_lines": [29], "excluded_lines": [], "start_line": 1}}}, "skills/bmad-story-automator/src/story_automator/commands/drift_cmd.py": {"executed_lines": [14, 16, 17, 18, 25, 28, 29, 30, 31, 32, 33, 34, 35, 36, 38, 41, 42, 52, 53, 61, 70, 71, 72, 73, 74, 75, 76, 77, 78, 79, 80, 81, 84, 85, 86, 87, 88, 89, 90, 91, 92], "summary": {"covered_lines": 41, "num_statements": 42, "percent_covered": 97.61904761904762, "percent_covered_display": "98", "missing_lines": 1, "excluded_lines": 0, "percent_statements_covered": 97.61904761904762, "percent_statements_covered_display": "98"}, "missing_lines": [37], "excluded_lines": [], "functions": {"_flag_map": {"executed_lines": [29, 30, 31, 32, 33, 34, 35, 36, 38], "summary": {"covered_lines": 9, "num_statements": 10, "percent_covered": 90.0, "percent_covered_display": "90", "missing_lines": 1, "excluded_lines": 0, "percent_statements_covered": 90.0, "percent_statements_covered_display": "90"}, "missing_lines": [37], "excluded_lines": [], "start_line": 28}, "_entry_to_dict": {"executed_lines": [42], "summary": {"covered_lines": 1, "num_statements": 1, "percent_covered": 100.0, "percent_covered_display": "100", "missing_lines": 0, "excluded_lines": 0, "percent_statements_covered": 100.0, "percent_statements_covered_display": "100"}, "missing_lines": [], "excluded_lines": [], "start_line": 41}, "_report_to_dict": {"executed_lines": [53], "summary": {"covered_lines": 1, "num_statements": 1, "percent_covered": 100.0, "percent_covered_display": "100", "missing_lines": 0, "excluded_lines": 0, "percent_statements_covered": 100.0, "percent_statements_covered_display": "100"}, "missing_lines": [], "excluded_lines": [], "start_line": 52}, "cmd_drift": {"executed_lines": [70, 71, 72, 73, 74, 75, 76, 77, 78, 79, 80, 81, 84, 85, 86, 87, 88, 89, 90, 91, 92], "summary": {"covered_lines": 21, "num_statements": 21, "percent_covered": 100.0, "percent_covered_display": "100", "missing_lines": 0, "excluded_lines": 0, "percent_statements_covered": 100.0, "percent_statements_covered_display": "100"}, "missing_lines": [], "excluded_lines": [], "start_line": 61}, "": {"executed_lines": [14, 16, 17, 18, 25, 28, 41, 52, 61], "summary": {"covered_lines": 9, "num_statements": 9, "percent_covered": 100.0, "percent_covered_display": "100", "missing_lines": 0, "excluded_lines": 0, "percent_statements_covered": 100.0, "percent_statements_covered_display": "100"}, "missing_lines": [], "excluded_lines": [], "start_line": 1}}, "classes": {"": {"executed_lines": [14, 16, 17, 18, 25, 28, 29, 30, 31, 32, 33, 34, 35, 36, 38, 41, 42, 52, 53, 61, 70, 71, 72, 73, 74, 75, 76, 77, 78, 79, 80, 81, 84, 85, 86, 87, 88, 89, 90, 91, 92], "summary": {"covered_lines": 41, "num_statements": 42, "percent_covered": 97.61904761904762, "percent_covered_display": "98", "missing_lines": 1, "excluded_lines": 0, "percent_statements_covered": 97.61904761904762, "percent_statements_covered_display": "98"}, "missing_lines": [37], "excluded_lines": [], "start_line": 1}}}, "skills/bmad-story-automator/src/story_automator/commands/orchestrator.py": {"executed_lines": [1, 3, 4, 5, 6, 8, 9, 15, 22, 23, 27, 31, 32, 33, 43, 51, 52, 56, 63, 64, 65, 66, 67, 70, 73, 74, 77, 86, 87, 88, 89, 92, 93, 95, 97, 98, 120, 121, 123, 126, 171, 172, 178, 179, 180, 181, 187, 205, 206, 208, 209, 215, 239, 240, 241, 249, 250, 251, 252, 263, 271, 272, 278, 279, 280, 281, 287, 288, 289, 298, 299, 300, 301, 302, 303, 312, 313, 314, 315, 316, 317, 318, 325, 326, 327, 337, 338, 349, 350, 351, 352, 353, 354, 355, 356, 357, 358, 359, 367, 368, 369, 372, 373, 379, 380, 381, 382, 383, 384, 385, 386, 387, 388, 389, 390, 398, 415, 434, 452, 453, 456, 457, 463, 477, 478, 479, 480, 483, 484, 487, 488, 489, 490, 491, 492, 493, 494, 497, 500, 501, 502, 507, 508, 509, 510, 511, 513, 520, 525, 526, 527, 528, 529, 530, 531, 540, 541, 544, 545, 546, 547, 548, 549, 550, 551, 552, 553, 554, 556, 559, 560, 561, 562, 563, 566, 567, 569, 570, 571, 572, 573, 578, 579, 580, 581, 582, 583, 584, 585, 586, 587, 599, 621, 622, 632, 633, 636, 637, 640, 641, 642, 643, 644, 645, 646, 647, 648, 649, 650, 651, 664, 672, 688, 689, 692, 693, 695, 696, 697, 698, 699, 716, 717, 720, 721, 722, 731, 734, 735, 736, 737, 742, 751, 754, 755, 758, 759, 760, 761, 762, 763, 764, 768, 769, 777, 778, 781, 782, 783, 794, 795, 798, 799, 802, 803, 804, 805, 806, 807, 808, 809, 810, 811, 816, 817, 818, 821, 822, 824, 827, 828, 830, 837, 838, 839, 846, 847, 848, 851, 852, 853, 856, 857, 858, 861, 867, 868, 871, 872, 877, 878], "summary": {"covered_lines": 291, "num_statements": 450, "percent_covered": 64.66666666666667, "percent_covered_display": "65", "missing_lines": 159, "excluded_lines": 0, "percent_statements_covered": 64.66666666666667, "percent_statements_covered_display": "65"}, "missing_lines": [94, 96, 122, 127, 128, 129, 130, 131, 132, 133, 134, 135, 136, 139, 140, 141, 142, 143, 144, 145, 146, 147, 148, 149, 150, 151, 155, 156, 157, 158, 159, 163, 167, 168, 173, 177, 182, 186, 188, 189, 192, 193, 194, 195, 196, 204, 207, 210, 214, 216, 217, 226, 227, 238, 262, 264, 268, 273, 277, 305, 360, 361, 364, 370, 371, 374, 375, 391, 395, 399, 400, 401, 402, 403, 404, 411, 412, 416, 417, 418, 419, 420, 421, 422, 423, 424, 425, 426, 427, 428, 429, 430, 431, 435, 436, 437, 438, 439, 440, 441, 442, 443, 444, 445, 446, 447, 448, 449, 454, 455, 485, 486, 512, 514, 515, 555, 604, 605, 606, 607, 608, 615, 617, 638, 639, 673, 676, 677, 685, 690, 691, 694, 700, 701, 702, 703, 704, 705, 706, 707, 708, 710, 713, 718, 719, 723, 730, 738, 741, 756, 757, 765, 766, 767, 800, 801, 820, 823, 829], "excluded_lines": [], "functions": {"_telemetry_emitter": {"executed_lines": [74], "summary": {"covered_lines": 1, "num_statements": 1, "percent_covered": 100.0, "percent_covered_display": "100", "missing_lines": 0, "excluded_lines": 0, "percent_statements_covered": 100.0, "percent_statements_covered_display": "100"}, "missing_lines": [], "excluded_lines": [], "start_line": 73}, "_emit_safe": {"executed_lines": [86, 87, 88, 89], "summary": {"covered_lines": 4, "num_statements": 4, "percent_covered": 100.0, "percent_covered_display": "100", "missing_lines": 0, "excluded_lines": 0, "percent_statements_covered": 100.0, "percent_statements_covered_display": "100"}, "missing_lines": [], "excluded_lines": [], "start_line": 77}, "cmd_orchestrator_helper": {"executed_lines": [93, 95, 97, 98, 120, 121, 123], "summary": {"covered_lines": 7, "num_statements": 10, "percent_covered": 70.0, "percent_covered_display": "70", "missing_lines": 3, "excluded_lines": 0, "percent_statements_covered": 70.0, "percent_statements_covered_display": "70"}, "missing_lines": [94, 96, 122], "excluded_lines": [], "start_line": 92}, "_usage": {"executed_lines": [], "summary": {"covered_lines": 0, "num_statements": 31, "percent_covered": 0.0, "percent_covered_display": "0", "missing_lines": 31, "excluded_lines": 0, "percent_statements_covered": 0.0, "percent_statements_covered_display": "0"}, "missing_lines": [127, 128, 129, 130, 131, 132, 133, 134, 135, 136, 139, 140, 141, 142, 143, 144, 145, 146, 147, 148, 149, 150, 151, 155, 156, 157, 158, 159, 163, 167, 168], "excluded_lines": [], "start_line": 126}, "_sprint_status": {"executed_lines": [172, 178, 179, 180, 181, 187, 205, 206, 208, 209, 215, 239, 240, 241, 249, 250, 251, 252, 263], "summary": {"covered_lines": 19, "num_statements": 42, "percent_covered": 45.23809523809524, "percent_covered_display": "45", "missing_lines": 23, "excluded_lines": 0, "percent_statements_covered": 45.23809523809524, "percent_statements_covered_display": "45"}, "missing_lines": [173, 177, 182, 186, 188, 189, 192, 193, 194, 195, 196, 204, 207, 210, 214, 216, 217, 226, 227, 238, 262, 264, 268], "excluded_lines": [], "start_line": 171}, "_marker": {"executed_lines": [272, 278, 279, 280, 281, 287, 288, 289, 298, 299, 300, 301, 302, 303, 312, 313, 314, 315, 316, 317, 318, 325, 326, 327, 337, 338, 349, 350, 351, 352, 353, 354, 355, 356, 357, 358, 359, 367, 368, 369, 372, 373, 379, 380, 381, 382, 383, 384, 385, 386, 387, 388, 389, 390], "summary": {"covered_lines": 54, "num_statements": 66, "percent_covered": 81.81818181818181, "percent_covered_display": "82", "missing_lines": 12, "excluded_lines": 0, "percent_statements_covered": 81.81818181818181, "percent_statements_covered_display": "82"}, "missing_lines": [273, 277, 305, 360, 361, 364, 370, 371, 374, 375, 391, 395], "excluded_lines": [], "start_line": 271}, "_state_list": {"executed_lines": [], "summary": {"covered_lines": 0, "num_statements": 8, "percent_covered": 0.0, "percent_covered_display": "0", "missing_lines": 8, "excluded_lines": 0, "percent_statements_covered": 0.0, "percent_statements_covered_display": "0"}, "missing_lines": [399, 400, 401, 402, 403, 404, 411, 412], "excluded_lines": [], "start_line": 398}, "_state_latest": {"executed_lines": [], "summary": {"covered_lines": 0, "num_statements": 16, "percent_covered": 0.0, "percent_covered_display": "0", "missing_lines": 16, "excluded_lines": 0, "percent_statements_covered": 0.0, "percent_statements_covered_display": "0"}, "missing_lines": [416, 417, 418, 419, 420, 421, 422, 423, 424, 425, 426, 427, 428, 429, 430, 431], "excluded_lines": [], "start_line": 415}, "_state_latest_incomplete": {"executed_lines": [], "summary": {"covered_lines": 0, "num_statements": 15, "percent_covered": 0.0, "percent_covered_display": "0", "missing_lines": 15, "excluded_lines": 0, "percent_statements_covered": 0.0, "percent_statements_covered_display": "0"}, "missing_lines": [435, 436, 437, 438, 439, 440, 441, 442, 443, 444, 445, 446, 447, 448, 449], "excluded_lines": [], "start_line": 434}, "_state_summary": {"executed_lines": [453, 456, 457, 463, 477, 478, 479, 480], "summary": {"covered_lines": 8, "num_statements": 10, "percent_covered": 80.0, "percent_covered_display": "80", "missing_lines": 2, "excluded_lines": 0, "percent_statements_covered": 80.0, "percent_statements_covered_display": "80"}, "missing_lines": [454, 455], "excluded_lines": [], "start_line": 452}, "_state_update": {"executed_lines": [484, 487, 488, 489, 490, 491, 492, 493, 494, 497, 500, 501, 502, 507, 508, 509, 510, 511, 513, 520, 525, 526, 527, 528, 529, 530, 531, 540, 541], "summary": {"covered_lines": 29, "num_statements": 34, "percent_covered": 85.29411764705883, "percent_covered_display": "85", "missing_lines": 5, "excluded_lines": 0, "percent_statements_covered": 85.29411764705883, "percent_statements_covered_display": "85"}, "missing_lines": [485, 486, 512, 514, 515], "excluded_lines": [], "start_line": 483}, "_escalate": {"executed_lines": [545, 546, 547, 548, 549, 550, 551, 552, 553, 554, 556, 559, 560, 561, 562, 563, 566, 567, 569, 570, 571, 572, 573, 578, 579, 580, 581, 582, 583, 584, 585, 586, 587, 599, 621, 622, 632, 633], "summary": {"covered_lines": 38, "num_statements": 46, "percent_covered": 82.6086956521739, "percent_covered_display": "83", "missing_lines": 8, "excluded_lines": 0, "percent_statements_covered": 82.6086956521739, "percent_statements_covered_display": "83"}, "missing_lines": [555, 604, 605, 606, 607, 608, 615, 617], "excluded_lines": [], "start_line": 544}, "_commit_ready": {"executed_lines": [637, 640, 641, 642, 643, 644, 645, 646, 647, 648, 649, 650, 651, 664, 672], "summary": {"covered_lines": 15, "num_statements": 21, "percent_covered": 71.42857142857143, "percent_covered_display": "71", "missing_lines": 6, "excluded_lines": 0, "percent_statements_covered": 71.42857142857143, "percent_statements_covered_display": "71"}, "missing_lines": [638, 639, 673, 676, 677, 685], "excluded_lines": [], "start_line": 636}, "_normalize_key": {"executed_lines": [689, 692, 693, 695, 696, 697, 698, 699], "summary": {"covered_lines": 8, "num_statements": 22, "percent_covered": 36.36363636363637, "percent_covered_display": "36", "missing_lines": 14, "excluded_lines": 0, "percent_statements_covered": 36.36363636363637, "percent_statements_covered_display": "36"}, "missing_lines": [690, 691, 694, 700, 701, 702, 703, 704, 705, 706, 707, 708, 710, 713], "excluded_lines": [], "start_line": 688}, "_story_file_status": {"executed_lines": [717, 720, 721, 722, 731, 734, 735, 736, 737, 742, 751], "summary": {"covered_lines": 11, "num_statements": 17, "percent_covered": 64.70588235294117, "percent_covered_display": "65", "missing_lines": 6, "excluded_lines": 0, "percent_statements_covered": 64.70588235294117, "percent_statements_covered_display": "65"}, "missing_lines": [718, 719, 723, 730, 738, 741], "excluded_lines": [], "start_line": 716}, "_verify_code_review": {"executed_lines": [755, 758, 759, 760, 761, 762, 763, 764, 768, 769, 777, 778, 781, 782, 783, 794, 795], "summary": {"covered_lines": 17, "num_statements": 22, "percent_covered": 77.27272727272727, "percent_covered_display": "77", "missing_lines": 5, "excluded_lines": 0, "percent_statements_covered": 77.27272727272727, "percent_statements_covered_display": "77"}, "missing_lines": [756, 757, 765, 766, 767], "excluded_lines": [], "start_line": 754}, "_verify_step": {"executed_lines": [799, 802, 803, 804, 805, 806, 807, 808, 809, 810, 811, 816, 817, 818, 821, 822, 824, 827, 828, 830, 837, 838, 839, 846, 847, 848], "summary": {"covered_lines": 26, "num_statements": 31, "percent_covered": 83.87096774193549, "percent_covered_display": "84", "missing_lines": 5, "excluded_lines": 0, "percent_statements_covered": 83.87096774193549, "percent_statements_covered_display": "84"}, "missing_lines": [800, 801, 820, 823, 829], "excluded_lines": [], "start_line": 798}, "_parse_context_int": {"executed_lines": [852, 853], "summary": {"covered_lines": 2, "num_statements": 2, "percent_covered": 100.0, "percent_covered_display": "100", "missing_lines": 0, "excluded_lines": 0, "percent_statements_covered": 100.0, "percent_statements_covered_display": "100"}, "missing_lines": [], "excluded_lines": [], "start_line": 851}, "_parse_context_str": {"executed_lines": [857, 858], "summary": {"covered_lines": 2, "num_statements": 2, "percent_covered": 100.0, "percent_covered_display": "100", "missing_lines": 0, "excluded_lines": 0, "percent_statements_covered": 100.0, "percent_statements_covered_display": "100"}, "missing_lines": [], "excluded_lines": [], "start_line": 856}, "_escalate_correlation_id": {"executed_lines": [867, 868], "summary": {"covered_lines": 2, "num_statements": 2, "percent_covered": 100.0, "percent_covered_display": "100", "missing_lines": 0, "excluded_lines": 0, "percent_statements_covered": 100.0, "percent_statements_covered_display": "100"}, "missing_lines": [], "excluded_lines": [], "start_line": 861}, "_flag_value": {"executed_lines": [872, 877, 878], "summary": {"covered_lines": 3, "num_statements": 3, "percent_covered": 100.0, "percent_covered_display": "100", "missing_lines": 0, "excluded_lines": 0, "percent_statements_covered": 100.0, "percent_statements_covered_display": "100"}, "missing_lines": [], "excluded_lines": [], "start_line": 871}, "": {"executed_lines": [1, 3, 4, 5, 6, 8, 9, 15, 22, 23, 27, 31, 32, 33, 43, 51, 52, 56, 63, 64, 65, 66, 67, 70, 73, 77, 92, 126, 171, 271, 398, 415, 434, 452, 483, 544, 636, 688, 716, 754, 798, 851, 856, 861, 871], "summary": {"covered_lines": 45, "num_statements": 45, "percent_covered": 100.0, "percent_covered_display": "100", "missing_lines": 0, "excluded_lines": 0, "percent_statements_covered": 100.0, "percent_statements_covered_display": "100"}, "missing_lines": [], "excluded_lines": [], "start_line": 1}}, "classes": {"": {"executed_lines": [1, 3, 4, 5, 6, 8, 9, 15, 22, 23, 27, 31, 32, 33, 43, 51, 52, 56, 63, 64, 65, 66, 67, 70, 73, 74, 77, 86, 87, 88, 89, 92, 93, 95, 97, 98, 120, 121, 123, 126, 171, 172, 178, 179, 180, 181, 187, 205, 206, 208, 209, 215, 239, 240, 241, 249, 250, 251, 252, 263, 271, 272, 278, 279, 280, 281, 287, 288, 289, 298, 299, 300, 301, 302, 303, 312, 313, 314, 315, 316, 317, 318, 325, 326, 327, 337, 338, 349, 350, 351, 352, 353, 354, 355, 356, 357, 358, 359, 367, 368, 369, 372, 373, 379, 380, 381, 382, 383, 384, 385, 386, 387, 388, 389, 390, 398, 415, 434, 452, 453, 456, 457, 463, 477, 478, 479, 480, 483, 484, 487, 488, 489, 490, 491, 492, 493, 494, 497, 500, 501, 502, 507, 508, 509, 510, 511, 513, 520, 525, 526, 527, 528, 529, 530, 531, 540, 541, 544, 545, 546, 547, 548, 549, 550, 551, 552, 553, 554, 556, 559, 560, 561, 562, 563, 566, 567, 569, 570, 571, 572, 573, 578, 579, 580, 581, 582, 583, 584, 585, 586, 587, 599, 621, 622, 632, 633, 636, 637, 640, 641, 642, 643, 644, 645, 646, 647, 648, 649, 650, 651, 664, 672, 688, 689, 692, 693, 695, 696, 697, 698, 699, 716, 717, 720, 721, 722, 731, 734, 735, 736, 737, 742, 751, 754, 755, 758, 759, 760, 761, 762, 763, 764, 768, 769, 777, 778, 781, 782, 783, 794, 795, 798, 799, 802, 803, 804, 805, 806, 807, 808, 809, 810, 811, 816, 817, 818, 821, 822, 824, 827, 828, 830, 837, 838, 839, 846, 847, 848, 851, 852, 853, 856, 857, 858, 861, 867, 868, 871, 872, 877, 878], "summary": {"covered_lines": 291, "num_statements": 450, "percent_covered": 64.66666666666667, "percent_covered_display": "65", "missing_lines": 159, "excluded_lines": 0, "percent_statements_covered": 64.66666666666667, "percent_statements_covered_display": "65"}, "missing_lines": [94, 96, 122, 127, 128, 129, 130, 131, 132, 133, 134, 135, 136, 139, 140, 141, 142, 143, 144, 145, 146, 147, 148, 149, 150, 151, 155, 156, 157, 158, 159, 163, 167, 168, 173, 177, 182, 186, 188, 189, 192, 193, 194, 195, 196, 204, 207, 210, 214, 216, 217, 226, 227, 238, 262, 264, 268, 273, 277, 305, 360, 361, 364, 370, 371, 374, 375, 391, 395, 399, 400, 401, 402, 403, 404, 411, 412, 416, 417, 418, 419, 420, 421, 422, 423, 424, 425, 426, 427, 428, 429, 430, 431, 435, 436, 437, 438, 439, 440, 441, 442, 443, 444, 445, 446, 447, 448, 449, 454, 455, 485, 486, 512, 514, 515, 555, 604, 605, 606, 607, 608, 615, 617, 638, 639, 673, 676, 677, 685, 690, 691, 694, 700, 701, 702, 703, 704, 705, 706, 707, 708, 710, 713, 718, 719, 723, 730, 738, 741, 756, 757, 765, 766, 767, 800, 801, 820, 823, 829], "excluded_lines": [], "start_line": 1}}}, "skills/bmad-story-automator/src/story_automator/commands/orchestrator_epic_agents.py": {"executed_lines": [1, 3, 4, 5, 7, 8, 13, 14, 15, 20, 21, 31, 35, 41, 42, 45, 46, 49, 50, 51, 54, 55, 56, 57, 58, 59, 60, 61, 62, 67, 68, 69, 78, 79, 80, 81, 82, 87, 89, 90, 91, 92, 96, 97, 108, 120, 121, 131, 134, 135, 136, 139, 140, 141, 142, 143, 144, 145, 146, 147, 154, 155, 156, 165, 166, 167, 178, 179, 180, 181, 185, 186, 195, 196, 197, 198, 199, 207, 210, 211, 212, 215, 216, 217, 222, 223, 224, 225, 236, 237, 238, 239, 240, 241, 242, 243, 248, 249, 252, 253, 254, 255, 266, 280, 281, 292, 293, 294, 304, 307, 373, 374, 382, 383, 384, 385, 386, 387, 390, 397, 400, 403, 404, 405, 406, 407, 408, 410, 411, 414, 415, 416, 417, 418, 419, 420, 425, 437, 448, 453, 454, 455, 456, 457, 458, 459, 460, 463, 466, 469, 470, 471, 484, 485, 488, 489, 490, 491, 502, 511, 514, 515, 516, 517, 518, 521, 522, 523, 524, 525, 526, 529, 530, 531, 532, 533, 534, 535, 538, 539, 542, 543, 544, 545, 546, 547, 548, 549, 550, 551, 552, 553, 554, 555, 556, 557, 560, 561, 562, 563, 564, 567, 568, 573, 574, 575, 576, 580, 581, 582, 583, 584, 585, 586, 590, 593, 594, 595, 596, 597, 598, 599, 600, 601, 602, 603, 604, 607, 608, 609, 610, 613, 616, 617, 621, 622, 623, 624, 625, 626, 627, 630, 631, 634, 635, 636, 637, 638, 639, 640, 641, 642, 643, 644, 649, 650, 651, 654, 655, 666, 667, 668, 669, 670, 671, 672, 673, 674, 675, 683, 684, 685, 686, 688, 689, 690, 691, 692, 693, 698, 700, 705, 708, 709, 710, 711, 712, 715, 716, 717, 718, 719, 720, 723, 724, 725, 728, 729, 730, 731, 732, 733, 735, 736, 737, 738, 739, 741, 742, 744, 745, 746, 748, 749, 750, 751, 752, 753, 754, 755, 756, 757, 758, 759, 760, 761, 762, 763, 764, 765, 766, 767, 768, 769, 771, 772, 773, 774, 775, 776, 778, 779, 780, 781, 782, 783, 784, 786, 787, 788, 789, 790, 791, 793, 794, 795, 796, 797, 798, 799, 800, 802, 808, 809, 810, 811, 812, 813, 814, 816, 823, 824, 825, 826, 827, 828, 829, 830, 832, 836, 837, 838, 839, 842, 843, 844, 845, 846, 847, 849], "summary": {"covered_lines": 390, "num_statements": 456, "percent_covered": 85.52631578947368, "percent_covered_display": "86", "missing_lines": 66, "excluded_lines": 0, "percent_statements_covered": 85.52631578947368, "percent_statements_covered_display": "86"}, "missing_lines": [52, 53, 109, 119, 137, 138, 168, 177, 213, 214, 218, 221, 308, 309, 310, 311, 312, 313, 314, 316, 317, 322, 330, 331, 332, 333, 334, 335, 336, 339, 340, 341, 342, 346, 347, 348, 349, 357, 365, 366, 367, 368, 369, 370, 389, 395, 396, 401, 402, 409, 412, 413, 449, 450, 462, 464, 465, 467, 468, 577, 587, 652, 687, 699, 726, 848], "excluded_lines": [], "functions": {"_telemetry_emitter": {"executed_lines": [46], "summary": {"covered_lines": 1, "num_statements": 1, "percent_covered": 100.0, "percent_covered_display": "100", "missing_lines": 0, "excluded_lines": 0, "percent_statements_covered": 100.0, "percent_statements_covered_display": "100"}, "missing_lines": [], "excluded_lines": [], "start_line": 45}, "check_epic_complete_action": {"executed_lines": [50, 51, 54, 55, 56, 57, 58, 59, 60, 61, 62, 67, 68, 69, 78, 79, 80, 81, 82, 87, 89, 90, 91, 92, 96, 97, 108, 120, 121, 131], "summary": {"covered_lines": 30, "num_statements": 34, "percent_covered": 88.23529411764706, "percent_covered_display": "88", "missing_lines": 4, "excluded_lines": 0, "percent_statements_covered": 88.23529411764706, "percent_statements_covered_display": "88"}, "missing_lines": [52, 53, 109, 119], "excluded_lines": [], "start_line": 49}, "get_epic_stories_action": {"executed_lines": [135, 136, 139, 140, 141, 142, 143, 144, 145, 146, 147, 154, 155, 156, 165, 166, 167, 178, 179, 180, 181, 185, 186, 195, 196, 197, 198, 199, 207], "summary": {"covered_lines": 29, "num_statements": 33, "percent_covered": 87.87878787878788, "percent_covered_display": "88", "missing_lines": 4, "excluded_lines": 0, "percent_statements_covered": 87.87878787878788, "percent_statements_covered_display": "88"}, "missing_lines": [137, 138, 168, 177], "excluded_lines": [], "start_line": 134}, "check_blocking_action": {"executed_lines": [211, 212, 215, 216, 217, 222, 223, 224, 225, 236, 237, 238, 239, 240, 241, 242, 243, 248, 249, 252, 253, 254, 255, 266, 280, 281, 292, 293, 294, 304], "summary": {"covered_lines": 30, "num_statements": 34, "percent_covered": 88.23529411764706, "percent_covered_display": "88", "missing_lines": 4, "excluded_lines": 0, "percent_statements_covered": 88.23529411764706, "percent_statements_covered_display": "88"}, "missing_lines": [213, 214, 218, 221], "excluded_lines": [], "start_line": 210}, "agents_build_action": {"executed_lines": [], "summary": {"covered_lines": 0, "num_statements": 32, "percent_covered": 0.0, "percent_covered_display": "0", "missing_lines": 32, "excluded_lines": 0, "percent_statements_covered": 0.0, "percent_statements_covered_display": "0"}, "missing_lines": [308, 309, 310, 311, 312, 313, 314, 316, 317, 322, 330, 331, 332, 333, 334, 335, 336, 339, 340, 341, 342, 346, 347, 348, 349, 357, 365, 366, 367, 368, 369, 370], "excluded_lines": [], "start_line": 307}, "agents_resolve_action": {"executed_lines": [374, 382, 383, 384, 385, 386, 387, 390, 397, 400, 403, 404, 405, 406, 407, 408, 410, 411, 414, 415, 416, 417, 418, 419, 420, 425, 437, 448], "summary": {"covered_lines": 28, "num_statements": 38, "percent_covered": 73.6842105263158, "percent_covered_display": "74", "missing_lines": 10, "excluded_lines": 0, "percent_statements_covered": 73.6842105263158, "percent_statements_covered_display": "74"}, "missing_lines": [389, 395, 396, 401, 402, 409, 412, 413, 449, 450], "excluded_lines": [], "start_line": 373}, "retro_agent_action": {"executed_lines": [454, 455, 456, 457, 458, 459, 460, 463, 466, 469, 470, 471, 484, 485, 488, 489, 490, 491, 502, 511], "summary": {"covered_lines": 20, "num_statements": 25, "percent_covered": 80.0, "percent_covered_display": "80", "missing_lines": 5, "excluded_lines": 0, "percent_statements_covered": 80.0, "percent_statements_covered_display": "80"}, "missing_lines": [462, 464, 465, 467, 468], "excluded_lines": [], "start_line": 453}, "find_epic_file": {"executed_lines": [515, 516, 517, 518, 521, 522, 523, 524, 525, 526], "summary": {"covered_lines": 10, "num_statements": 10, "percent_covered": 100.0, "percent_covered_display": "100", "missing_lines": 0, "excluded_lines": 0, "percent_statements_covered": 100.0, "percent_statements_covered_display": "100"}, "missing_lines": [], "excluded_lines": [], "start_line": 514}, "_epic_file_has_story": {"executed_lines": [530, 531, 532, 533, 534, 535], "summary": {"covered_lines": 6, "num_statements": 6, "percent_covered": 100.0, "percent_covered_display": "100", "missing_lines": 0, "excluded_lines": 0, "percent_statements_covered": 100.0, "percent_statements_covered_display": "100"}, "missing_lines": [], "excluded_lines": [], "start_line": 529}, "_epic_json_value": {"executed_lines": [539], "summary": {"covered_lines": 1, "num_statements": 1, "percent_covered": 100.0, "percent_covered_display": "100", "missing_lines": 0, "excluded_lines": 0, "percent_statements_covered": 100.0, "percent_statements_covered_display": "100"}, "missing_lines": [], "excluded_lines": [], "start_line": 538}, "_story_ids_from_epic_file": {"executed_lines": [543, 544, 545, 546, 547, 548, 549, 550, 551, 552, 553, 554, 555, 556, 557], "summary": {"covered_lines": 15, "num_statements": 15, "percent_covered": 100.0, "percent_covered_display": "100", "missing_lines": 0, "excluded_lines": 0, "percent_statements_covered": 100.0, "percent_statements_covered_display": "100"}, "missing_lines": [], "excluded_lines": [], "start_line": 542}, "_story_matches_epic": {"executed_lines": [561, 562, 563, 564], "summary": {"covered_lines": 4, "num_statements": 4, "percent_covered": 100.0, "percent_covered_display": "100", "missing_lines": 0, "excluded_lines": 0, "percent_statements_covered": 100.0, "percent_statements_covered_display": "100"}, "missing_lines": [], "excluded_lines": [], "start_line": 560}, "_story_sort_key": {"executed_lines": [568, 573, 574, 575, 576], "summary": {"covered_lines": 5, "num_statements": 6, "percent_covered": 83.33333333333333, "percent_covered_display": "83", "missing_lines": 1, "excluded_lines": 0, "percent_statements_covered": 83.33333333333333, "percent_statements_covered_display": "83"}, "missing_lines": [577], "excluded_lines": [], "start_line": 567}, "_same_story": {"executed_lines": [581, 582, 583, 584, 585, 586], "summary": {"covered_lines": 6, "num_statements": 7, "percent_covered": 85.71428571428571, "percent_covered_display": "86", "missing_lines": 1, "excluded_lines": 0, "percent_statements_covered": 85.71428571428571, "percent_statements_covered_display": "86"}, "missing_lines": [587], "excluded_lines": [], "start_line": 580}, "_dedupe_stories_for_epic": {"executed_lines": [593, 594, 595, 596, 597, 598, 599, 600, 601, 602, 603, 604], "summary": {"covered_lines": 12, "num_statements": 12, "percent_covered": 100.0, "percent_covered_display": "100", "missing_lines": 0, "excluded_lines": 0, "percent_statements_covered": 100.0, "percent_statements_covered_display": "100"}, "missing_lines": [], "excluded_lines": [], "start_line": 590}, "_story_key_rank": {"executed_lines": [608, 609, 610], "summary": {"covered_lines": 3, "num_statements": 3, "percent_covered": 100.0, "percent_covered_display": "100", "missing_lines": 0, "excluded_lines": 0, "percent_statements_covered": 100.0, "percent_statements_covered_display": "100"}, "missing_lines": [], "excluded_lines": [], "start_line": 607}, "_line_references_story": {"executed_lines": [616, 617, 621, 622, 623, 624, 625, 626, 627], "summary": {"covered_lines": 9, "num_statements": 9, "percent_covered": 100.0, "percent_covered_display": "100", "missing_lines": 0, "excluded_lines": 0, "percent_statements_covered": 100.0, "percent_statements_covered_display": "100"}, "missing_lines": [], "excluded_lines": [], "start_line": 613}, "_is_explicit_full_key": {"executed_lines": [631], "summary": {"covered_lines": 1, "num_statements": 1, "percent_covered": 100.0, "percent_covered_display": "100", "missing_lines": 0, "excluded_lines": 0, "percent_statements_covered": 100.0, "percent_statements_covered_display": "100"}, "missing_lines": [], "excluded_lines": [], "start_line": 630}, "parse_agent_config": {"executed_lines": [635, 636, 637, 638, 639, 640, 641, 642, 643, 644, 649, 650, 651, 654, 655], "summary": {"covered_lines": 15, "num_statements": 16, "percent_covered": 93.75, "percent_covered_display": "94", "missing_lines": 1, "excluded_lines": 0, "percent_statements_covered": 93.75, "percent_statements_covered_display": "94"}, "missing_lines": [652], "excluded_lines": [], "start_line": 634}, "resolve_agent": {"executed_lines": [667, 668, 669, 670, 671, 672, 673, 674, 675, 683, 684, 685, 686, 688, 689, 690, 691, 692, 693, 698, 700], "summary": {"covered_lines": 21, "num_statements": 23, "percent_covered": 91.30434782608695, "percent_covered_display": "91", "missing_lines": 2, "excluded_lines": 0, "percent_statements_covered": 91.30434782608695, "percent_statements_covered_display": "91"}, "missing_lines": [687, 699], "excluded_lines": [], "start_line": 666}, "_resolve_primary_agent": {"executed_lines": [709, 710, 711, 712], "summary": {"covered_lines": 4, "num_statements": 4, "percent_covered": 100.0, "percent_covered_display": "100", "missing_lines": 0, "excluded_lines": 0, "percent_statements_covered": 100.0, "percent_statements_covered_display": "100"}, "missing_lines": [], "excluded_lines": [], "start_line": 708}, "_resolve_fallback_agent": {"executed_lines": [716, 717, 718, 719, 720], "summary": {"covered_lines": 5, "num_statements": 5, "percent_covered": 100.0, "percent_covered_display": "100", "missing_lines": 0, "excluded_lines": 0, "percent_statements_covered": 100.0, "percent_statements_covered_display": "100"}, "missing_lines": [], "excluded_lines": [], "start_line": 715}, "_load_agent_config_from_state": {"executed_lines": [724, 725, 728, 729, 730, 731, 732, 733, 735, 736, 737, 738, 739, 741, 742, 744, 745, 746, 748, 749, 750, 751, 752, 753, 754, 755, 756, 757, 758, 759, 760, 761, 762, 763, 764, 765, 766, 767, 768, 769, 771, 772, 773, 774, 775, 776, 778, 779, 780, 781, 782, 783, 784, 786, 787, 788, 789, 790, 791, 793, 794, 795, 796, 797, 798, 799, 800, 802, 808, 809, 810, 811, 812, 813, 814, 816, 823, 824, 825, 826, 827, 828, 829, 830, 832, 836, 837, 838, 839], "summary": {"covered_lines": 89, "num_statements": 90, "percent_covered": 98.88888888888889, "percent_covered_display": "99", "missing_lines": 1, "excluded_lines": 0, "percent_statements_covered": 98.88888888888889, "percent_statements_covered_display": "99"}, "missing_lines": [726], "excluded_lines": [], "start_line": 723}, "_parse_scalar": {"executed_lines": [843, 844, 845, 846, 847, 849], "summary": {"covered_lines": 6, "num_statements": 7, "percent_covered": 85.71428571428571, "percent_covered_display": "86", "missing_lines": 1, "excluded_lines": 0, "percent_statements_covered": 85.71428571428571, "percent_statements_covered_display": "86"}, "missing_lines": [848], "excluded_lines": [], "start_line": 842}, "": {"executed_lines": [1, 3, 4, 5, 7, 8, 13, 14, 15, 20, 21, 31, 35, 41, 42, 45, 49, 134, 210, 307, 373, 453, 514, 529, 538, 542, 560, 567, 580, 590, 607, 613, 630, 634, 666, 705, 708, 715, 723, 842], "summary": {"covered_lines": 40, "num_statements": 40, "percent_covered": 100.0, "percent_covered_display": "100", "missing_lines": 0, "excluded_lines": 0, "percent_statements_covered": 100.0, "percent_statements_covered_display": "100"}, "missing_lines": [], "excluded_lines": [], "start_line": 1}}, "classes": {"": {"executed_lines": [1, 3, 4, 5, 7, 8, 13, 14, 15, 20, 21, 31, 35, 41, 42, 45, 46, 49, 50, 51, 54, 55, 56, 57, 58, 59, 60, 61, 62, 67, 68, 69, 78, 79, 80, 81, 82, 87, 89, 90, 91, 92, 96, 97, 108, 120, 121, 131, 134, 135, 136, 139, 140, 141, 142, 143, 144, 145, 146, 147, 154, 155, 156, 165, 166, 167, 178, 179, 180, 181, 185, 186, 195, 196, 197, 198, 199, 207, 210, 211, 212, 215, 216, 217, 222, 223, 224, 225, 236, 237, 238, 239, 240, 241, 242, 243, 248, 249, 252, 253, 254, 255, 266, 280, 281, 292, 293, 294, 304, 307, 373, 374, 382, 383, 384, 385, 386, 387, 390, 397, 400, 403, 404, 405, 406, 407, 408, 410, 411, 414, 415, 416, 417, 418, 419, 420, 425, 437, 448, 453, 454, 455, 456, 457, 458, 459, 460, 463, 466, 469, 470, 471, 484, 485, 488, 489, 490, 491, 502, 511, 514, 515, 516, 517, 518, 521, 522, 523, 524, 525, 526, 529, 530, 531, 532, 533, 534, 535, 538, 539, 542, 543, 544, 545, 546, 547, 548, 549, 550, 551, 552, 553, 554, 555, 556, 557, 560, 561, 562, 563, 564, 567, 568, 573, 574, 575, 576, 580, 581, 582, 583, 584, 585, 586, 590, 593, 594, 595, 596, 597, 598, 599, 600, 601, 602, 603, 604, 607, 608, 609, 610, 613, 616, 617, 621, 622, 623, 624, 625, 626, 627, 630, 631, 634, 635, 636, 637, 638, 639, 640, 641, 642, 643, 644, 649, 650, 651, 654, 655, 666, 667, 668, 669, 670, 671, 672, 673, 674, 675, 683, 684, 685, 686, 688, 689, 690, 691, 692, 693, 698, 700, 705, 708, 709, 710, 711, 712, 715, 716, 717, 718, 719, 720, 723, 724, 725, 728, 729, 730, 731, 732, 733, 735, 736, 737, 738, 739, 741, 742, 744, 745, 746, 748, 749, 750, 751, 752, 753, 754, 755, 756, 757, 758, 759, 760, 761, 762, 763, 764, 765, 766, 767, 768, 769, 771, 772, 773, 774, 775, 776, 778, 779, 780, 781, 782, 783, 784, 786, 787, 788, 789, 790, 791, 793, 794, 795, 796, 797, 798, 799, 800, 802, 808, 809, 810, 811, 812, 813, 814, 816, 823, 824, 825, 826, 827, 828, 829, 830, 832, 836, 837, 838, 839, 842, 843, 844, 845, 846, 847, 849], "summary": {"covered_lines": 390, "num_statements": 456, "percent_covered": 85.52631578947368, "percent_covered_display": "86", "missing_lines": 66, "excluded_lines": 0, "percent_statements_covered": 85.52631578947368, "percent_statements_covered_display": "86"}, "missing_lines": [52, 53, 109, 119, 137, 138, 168, 177, 213, 214, 218, 221, 308, 309, 310, 311, 312, 313, 314, 316, 317, 322, 330, 331, 332, 333, 334, 335, 336, 339, 340, 341, 342, 346, 347, 348, 349, 357, 365, 366, 367, 368, 369, 370, 389, 395, 396, 401, 402, 409, 412, 413, 449, 450, 462, 464, 465, 467, 468, 577, 587, 652, 687, 699, 726, 848], "excluded_lines": [], "start_line": 1}}}, "skills/bmad-story-automator/src/story_automator/commands/orchestrator_parse.py": {"executed_lines": [1, 3, 4, 6, 7, 10, 11, 14, 15, 16, 17, 18, 19, 20, 21, 22, 23, 24, 26, 27, 31, 34, 35, 36, 37, 38, 39, 40, 41, 42, 43, 44, 53, 57, 58, 59, 60, 61, 62, 66, 69, 70, 71, 72, 73, 76, 77, 78, 79, 81, 82, 84, 85, 86, 88, 91, 92, 93, 94, 97, 98, 100, 103, 104, 105, 107, 108, 109, 110, 111, 113, 114, 115, 116, 117, 118, 119, 120, 121, 122], "summary": {"covered_lines": 80, "num_statements": 102, "percent_covered": 78.43137254901961, "percent_covered_display": "78", "missing_lines": 22, "excluded_lines": 0, "percent_statements_covered": 78.43137254901961, "percent_statements_covered_display": "78"}, "missing_lines": [12, 13, 25, 28, 29, 30, 32, 33, 54, 55, 56, 63, 64, 65, 67, 68, 80, 83, 87, 99, 106, 112], "excluded_lines": [], "functions": {"parse_output_action": {"executed_lines": [11, 14, 15, 16, 17, 18, 19, 20, 21, 22, 23, 24, 26, 27, 31, 34, 35, 36, 37, 38, 39, 40, 41, 42, 43, 44, 53, 57, 58, 59, 60, 61, 62, 66, 69, 70, 71, 72, 73], "summary": {"covered_lines": 39, "num_statements": 55, "percent_covered": 70.9090909090909, "percent_covered_display": "71", "missing_lines": 16, "excluded_lines": 0, "percent_statements_covered": 70.9090909090909, "percent_statements_covered_display": "71"}, "missing_lines": [12, 13, 25, 28, 29, 30, 32, 33, 54, 55, 56, 63, 64, 65, 67, 68], "excluded_lines": [], "start_line": 10}, "_load_parse_contract": {"executed_lines": [77, 78, 79, 81, 82, 84, 85, 86, 88], "summary": {"covered_lines": 9, "num_statements": 12, "percent_covered": 75.0, "percent_covered_display": "75", "missing_lines": 3, "excluded_lines": 0, "percent_statements_covered": 75.0, "percent_statements_covered_display": "75"}, "missing_lines": [80, 83, 87], "excluded_lines": [], "start_line": 76}, "_build_parse_prompt": {"executed_lines": [92, 93, 94], "summary": {"covered_lines": 3, "num_statements": 3, "percent_covered": 100.0, "percent_covered_display": "100", "missing_lines": 0, "excluded_lines": 0, "percent_statements_covered": 100.0, "percent_statements_covered_display": "100"}, "missing_lines": [], "excluded_lines": [], "start_line": 91}, "_has_required_keys": {"executed_lines": [98, 100], "summary": {"covered_lines": 2, "num_statements": 3, "percent_covered": 66.66666666666667, "percent_covered_display": "67", "missing_lines": 1, "excluded_lines": 0, "percent_statements_covered": 66.66666666666667, "percent_statements_covered_display": "67"}, "missing_lines": [99], "excluded_lines": [], "start_line": 97}, "_matches_schema": {"executed_lines": [104, 105, 107, 108, 109, 110, 111, 113, 114, 115, 116, 117, 118, 119, 120, 121, 122], "summary": {"covered_lines": 17, "num_statements": 19, "percent_covered": 89.47368421052632, "percent_covered_display": "89", "missing_lines": 2, "excluded_lines": 0, "percent_statements_covered": 89.47368421052632, "percent_statements_covered_display": "89"}, "missing_lines": [106, 112], "excluded_lines": [], "start_line": 103}, "": {"executed_lines": [1, 3, 4, 6, 7, 10, 76, 91, 97, 103], "summary": {"covered_lines": 10, "num_statements": 10, "percent_covered": 100.0, "percent_covered_display": "100", "missing_lines": 0, "excluded_lines": 0, "percent_statements_covered": 100.0, "percent_statements_covered_display": "100"}, "missing_lines": [], "excluded_lines": [], "start_line": 1}}, "classes": {"": {"executed_lines": [1, 3, 4, 6, 7, 10, 11, 14, 15, 16, 17, 18, 19, 20, 21, 22, 23, 24, 26, 27, 31, 34, 35, 36, 37, 38, 39, 40, 41, 42, 43, 44, 53, 57, 58, 59, 60, 61, 62, 66, 69, 70, 71, 72, 73, 76, 77, 78, 79, 81, 82, 84, 85, 86, 88, 91, 92, 93, 94, 97, 98, 100, 103, 104, 105, 107, 108, 109, 110, 111, 113, 114, 115, 116, 117, 118, 119, 120, 121, 122], "summary": {"covered_lines": 80, "num_statements": 102, "percent_covered": 78.43137254901961, "percent_covered_display": "78", "missing_lines": 22, "excluded_lines": 0, "percent_statements_covered": 78.43137254901961, "percent_statements_covered_display": "78"}, "missing_lines": [12, 13, 25, 28, 29, 30, 32, 33, 54, 55, 56, 63, 64, 65, 67, 68, 80, 83, 87, 99, 106, 112], "excluded_lines": [], "start_line": 1}}}, "skills/bmad-story-automator/src/story_automator/commands/record_cost.py": {"executed_lines": [18, 20, 21, 22, 23, 26, 27, 28, 29, 30, 31, 32, 33, 34, 36, 39, 40, 43, 50, 51, 52, 53, 56, 71, 72, 73, 74, 75, 76, 78, 79, 80, 81, 82, 83, 85, 97, 98, 107, 116], "summary": {"covered_lines": 40, "num_statements": 44, "percent_covered": 90.9090909090909, "percent_covered_display": "91", "missing_lines": 4, "excluded_lines": 0, "percent_statements_covered": 90.9090909090909, "percent_statements_covered_display": "91"}, "missing_lines": [35, 99, 104, 105], "excluded_lines": [], "functions": {"_flag_map": {"executed_lines": [27, 28, 29, 30, 31, 32, 33, 34, 36], "summary": {"covered_lines": 9, "num_statements": 10, "percent_covered": 90.0, "percent_covered_display": "90", "missing_lines": 1, "excluded_lines": 0, "percent_statements_covered": 90.0, "percent_statements_covered_display": "90"}, "missing_lines": [35], "excluded_lines": [], "start_line": 26}, "_telemetry_emitter": {"executed_lines": [40], "summary": {"covered_lines": 1, "num_statements": 1, "percent_covered": 100.0, "percent_covered_display": "100", "missing_lines": 0, "excluded_lines": 0, "percent_statements_covered": 100.0, "percent_statements_covered_display": "100"}, "missing_lines": [], "excluded_lines": [], "start_line": 39}, "_safe_int": {"executed_lines": [50, 51, 52, 53], "summary": {"covered_lines": 4, "num_statements": 4, "percent_covered": 100.0, "percent_covered_display": "100", "missing_lines": 0, "excluded_lines": 0, "percent_statements_covered": 100.0, "percent_statements_covered_display": "100"}, "missing_lines": [], "excluded_lines": [], "start_line": 43}, "cmd_record_cost": {"executed_lines": [71, 72, 73, 74, 75, 76, 78, 79, 80, 81, 82, 83, 85, 97, 98, 107, 116], "summary": {"covered_lines": 17, "num_statements": 20, "percent_covered": 85.0, "percent_covered_display": "85", "missing_lines": 3, "excluded_lines": 0, "percent_statements_covered": 85.0, "percent_statements_covered_display": "85"}, "missing_lines": [99, 104, 105], "excluded_lines": [], "start_line": 56}, "": {"executed_lines": [18, 20, 21, 22, 23, 26, 39, 43, 56], "summary": {"covered_lines": 9, "num_statements": 9, "percent_covered": 100.0, "percent_covered_display": "100", "missing_lines": 0, "excluded_lines": 0, "percent_statements_covered": 100.0, "percent_statements_covered_display": "100"}, "missing_lines": [], "excluded_lines": [], "start_line": 1}}, "classes": {"": {"executed_lines": [18, 20, 21, 22, 23, 26, 27, 28, 29, 30, 31, 32, 33, 34, 36, 39, 40, 43, 50, 51, 52, 53, 56, 71, 72, 73, 74, 75, 76, 78, 79, 80, 81, 82, 83, 85, 97, 98, 107, 116], "summary": {"covered_lines": 40, "num_statements": 44, "percent_covered": 90.9090909090909, "percent_covered_display": "91", "missing_lines": 4, "excluded_lines": 0, "percent_statements_covered": 90.9090909090909, "percent_statements_covered_display": "91"}, "missing_lines": [35, 99, 104, 105], "excluded_lines": [], "start_line": 1}}}, "skills/bmad-story-automator/src/story_automator/commands/state.py": {"executed_lines": [1, 3, 4, 5, 6, 8, 9, 10, 15, 16, 26, 27, 30, 31, 34, 42, 45, 46, 47, 48, 49, 50, 51, 52, 53, 54, 55, 57, 58, 59, 60, 61, 62, 64, 65, 66, 67, 68, 69, 70, 71, 72, 73, 74, 75, 76, 77, 78, 79, 80, 81, 82, 83, 84, 85, 103, 106, 113, 114, 119, 120, 121, 122, 124, 125, 126, 127, 128, 129, 130, 131, 132, 133, 134, 136, 153, 154, 157, 158, 159, 160, 161, 163, 164, 165, 166, 167, 168, 171, 172, 175, 176, 177, 178, 179, 180, 182, 183, 184, 185, 187, 188, 189, 190, 195, 196, 199, 200, 201, 202, 207, 210, 213, 224, 225, 226, 227, 228, 229, 230, 231, 232, 233, 234, 235, 238, 239, 240, 241, 242, 243, 244, 245, 246, 249, 252, 253, 258, 259, 260, 262, 263, 264, 265, 266, 268, 269, 272, 318, 319, 322, 323, 324, 325, 326, 329, 330, 331, 332, 334, 335, 336, 339, 342, 351, 352, 353, 354, 355, 361, 362, 363, 364, 365, 366, 367, 370, 373, 374, 375, 376, 377, 380, 381, 382, 383, 384, 385, 386, 387, 388, 390, 392, 393, 400, 404, 405, 408, 423, 424, 425, 426], "summary": {"covered_lines": 202, "num_statements": 252, "percent_covered": 80.15873015873017, "percent_covered_display": "80", "missing_lines": 50, "excluded_lines": 0, "percent_statements_covered": 80.15873015873017, "percent_statements_covered_display": "80"}, "missing_lines": [56, 63, 123, 162, 181, 186, 191, 192, 247, 248, 250, 251, 261, 267, 273, 274, 275, 276, 277, 278, 279, 280, 281, 282, 283, 284, 285, 286, 287, 288, 289, 290, 291, 292, 293, 297, 298, 299, 300, 301, 315, 320, 321, 327, 328, 337, 338, 340, 389, 391], "excluded_lines": [], "functions": {"_cleanup_legacy_state_build_marker": {"executed_lines": [42], "summary": {"covered_lines": 1, "num_statements": 1, "percent_covered": 100.0, "percent_covered_display": "100", "missing_lines": 0, "excluded_lines": 0, "percent_statements_covered": 100.0, "percent_statements_covered_display": "100"}, "missing_lines": [], "excluded_lines": [], "start_line": 34}, "cmd_build_state_doc": {"executed_lines": [46, 47, 48, 49, 50, 51, 52, 53, 54, 55, 57, 58, 59, 60, 61, 62, 64, 65, 66, 67, 68, 69, 70, 71, 72, 73, 74, 75, 76, 77, 78, 79, 80, 81, 82, 83, 84, 85, 103, 106, 113, 114, 119, 120, 121, 122, 124, 125, 126, 127, 128, 129, 130, 131, 132, 133, 134, 136, 153, 154, 157, 158, 159, 160, 161, 163, 164, 165, 166, 167, 168, 171, 172, 175, 176, 177, 178, 179, 180, 182, 183, 184, 185, 187, 188, 189, 190, 195, 196, 199, 200, 201, 202, 207, 210, 213, 224, 225, 226, 227, 228, 229, 230, 231, 232, 233, 234, 235], "summary": {"covered_lines": 108, "num_statements": 116, "percent_covered": 93.10344827586206, "percent_covered_display": "93", "missing_lines": 8, "excluded_lines": 0, "percent_statements_covered": 93.10344827586206, "percent_statements_covered_display": "93"}, "missing_lines": [56, 63, 123, 162, 181, 186, 191, 192], "excluded_lines": [], "start_line": 45}, "cmd_sprint_compare": {"executed_lines": [239, 240, 241, 242, 243, 244, 245, 246, 249, 252, 253, 258, 259, 260, 262, 263, 264, 265, 266, 268, 269], "summary": {"covered_lines": 21, "num_statements": 27, "percent_covered": 77.77777777777777, "percent_covered_display": "78", "missing_lines": 6, "excluded_lines": 0, "percent_statements_covered": 77.77777777777777, "percent_statements_covered_display": "78"}, "missing_lines": [247, 248, 250, 251, 261, 267], "excluded_lines": [], "start_line": 238}, "cmd_state_metrics": {"executed_lines": [], "summary": {"covered_lines": 0, "num_statements": 27, "percent_covered": 0.0, "percent_covered_display": "0", "missing_lines": 27, "excluded_lines": 0, "percent_statements_covered": 0.0, "percent_statements_covered_display": "0"}, "missing_lines": [273, 274, 275, 276, 277, 278, 279, 280, 281, 282, 283, 284, 285, 286, 287, 288, 289, 290, 291, 292, 293, 297, 298, 299, 300, 301, 315], "excluded_lines": [], "start_line": 272}, "cmd_validate_state": {"executed_lines": [319, 322, 323, 324, 325, 326, 329, 330, 331, 332, 334, 342, 351, 352, 353, 354, 355, 361, 362, 363, 364, 365, 366, 367, 370], "summary": {"covered_lines": 25, "num_statements": 29, "percent_covered": 86.20689655172414, "percent_covered_display": "86", "missing_lines": 4, "excluded_lines": 0, "percent_statements_covered": 86.20689655172414, "percent_statements_covered_display": "86"}, "missing_lines": [320, 321, 327, 328], "excluded_lines": [], "start_line": 318}, "cmd_validate_state.required": {"executed_lines": [335, 336, 339], "summary": {"covered_lines": 3, "num_statements": 6, "percent_covered": 50.0, "percent_covered_display": "50", "missing_lines": 3, "excluded_lines": 0, "percent_statements_covered": 50.0, "percent_statements_covered_display": "50"}, "missing_lines": [337, 338, 340], "excluded_lines": [], "start_line": 334}, "_has_runtime_command_config": {"executed_lines": [374, 375, 376, 377], "summary": {"covered_lines": 4, "num_statements": 4, "percent_covered": 100.0, "percent_covered_display": "100", "missing_lines": 0, "excluded_lines": 0, "percent_statements_covered": 100.0, "percent_statements_covered_display": "100"}, "missing_lines": [], "excluded_lines": [], "start_line": 373}, "_has_agent_config_block": {"executed_lines": [381, 382, 383, 384, 385, 386, 387, 388, 390, 392, 393, 400, 404, 405], "summary": {"covered_lines": 14, "num_statements": 16, "percent_covered": 87.5, "percent_covered_display": "88", "missing_lines": 2, "excluded_lines": 0, "percent_statements_covered": 87.5, "percent_statements_covered_display": "88"}, "missing_lines": [389, 391], "excluded_lines": [], "start_line": 380}, "audit_state_change": {"executed_lines": [423, 424, 425, 426], "summary": {"covered_lines": 4, "num_statements": 4, "percent_covered": 100.0, "percent_covered_display": "100", "missing_lines": 0, "excluded_lines": 0, "percent_statements_covered": 100.0, "percent_statements_covered_display": "100"}, "missing_lines": [], "excluded_lines": [], "start_line": 408}, "": {"executed_lines": [1, 3, 4, 5, 6, 8, 9, 10, 15, 16, 26, 27, 30, 31, 34, 45, 238, 272, 318, 373, 380, 408], "summary": {"covered_lines": 22, "num_statements": 22, "percent_covered": 100.0, "percent_covered_display": "100", "missing_lines": 0, "excluded_lines": 0, "percent_statements_covered": 100.0, "percent_statements_covered_display": "100"}, "missing_lines": [], "excluded_lines": [], "start_line": 1}}, "classes": {"": {"executed_lines": [1, 3, 4, 5, 6, 8, 9, 10, 15, 16, 26, 27, 30, 31, 34, 42, 45, 46, 47, 48, 49, 50, 51, 52, 53, 54, 55, 57, 58, 59, 60, 61, 62, 64, 65, 66, 67, 68, 69, 70, 71, 72, 73, 74, 75, 76, 77, 78, 79, 80, 81, 82, 83, 84, 85, 103, 106, 113, 114, 119, 120, 121, 122, 124, 125, 126, 127, 128, 129, 130, 131, 132, 133, 134, 136, 153, 154, 157, 158, 159, 160, 161, 163, 164, 165, 166, 167, 168, 171, 172, 175, 176, 177, 178, 179, 180, 182, 183, 184, 185, 187, 188, 189, 190, 195, 196, 199, 200, 201, 202, 207, 210, 213, 224, 225, 226, 227, 228, 229, 230, 231, 232, 233, 234, 235, 238, 239, 240, 241, 242, 243, 244, 245, 246, 249, 252, 253, 258, 259, 260, 262, 263, 264, 265, 266, 268, 269, 272, 318, 319, 322, 323, 324, 325, 326, 329, 330, 331, 332, 334, 335, 336, 339, 342, 351, 352, 353, 354, 355, 361, 362, 363, 364, 365, 366, 367, 370, 373, 374, 375, 376, 377, 380, 381, 382, 383, 384, 385, 386, 387, 388, 390, 392, 393, 400, 404, 405, 408, 423, 424, 425, 426], "summary": {"covered_lines": 202, "num_statements": 252, "percent_covered": 80.15873015873017, "percent_covered_display": "80", "missing_lines": 50, "excluded_lines": 0, "percent_statements_covered": 80.15873015873017, "percent_statements_covered_display": "80"}, "missing_lines": [56, 63, 123, 162, 181, 186, 191, 192, 247, 248, 250, 251, 261, 267, 273, 274, 275, 276, 277, 278, 279, 280, 281, 282, 283, 284, 285, 286, 287, 288, 289, 290, 291, 292, 293, 297, 298, 299, 300, 301, 315, 320, 321, 327, 328, 337, 338, 340, 389, 391], "excluded_lines": [], "start_line": 1}}}, "skills/bmad-story-automator/src/story_automator/commands/telemetry_report.py": {"executed_lines": [12, 14, 16, 17, 18, 21, 24, 25, 26, 27, 28, 29, 30, 31, 32, 34, 37, 38, 41, 49, 55, 65, 67, 68, 69, 70, 72, 73, 75, 76, 77, 79, 80, 81, 82, 83, 84, 85, 86, 87, 88, 90, 91, 92, 93, 94, 96, 97, 98, 106, 107, 112, 113], "summary": {"covered_lines": 53, "num_statements": 57, "percent_covered": 92.98245614035088, "percent_covered_display": "93", "missing_lines": 4, "excluded_lines": 0, "percent_statements_covered": 92.98245614035088, "percent_statements_covered_display": "93"}, "missing_lines": [33, 108, 109, 110], "excluded_lines": [], "functions": {"_flag_map": {"executed_lines": [25, 26, 27, 28, 29, 30, 31, 32, 34], "summary": {"covered_lines": 9, "num_statements": 10, "percent_covered": 90.0, "percent_covered_display": "90", "missing_lines": 1, "excluded_lines": 0, "percent_statements_covered": 90.0, "percent_statements_covered_display": "90"}, "missing_lines": [33], "excluded_lines": [], "start_line": 24}, "_default_events_path": {"executed_lines": [38], "summary": {"covered_lines": 1, "num_statements": 1, "percent_covered": 100.0, "percent_covered_display": "100", "missing_lines": 0, "excluded_lines": 0, "percent_statements_covered": 100.0, "percent_statements_covered_display": "100"}, "missing_lines": [], "excluded_lines": [], "start_line": 37}, "_attempts_list": {"executed_lines": [49], "summary": {"covered_lines": 1, "num_statements": 1, "percent_covered": 100.0, "percent_covered_display": "100", "missing_lines": 0, "excluded_lines": 0, "percent_statements_covered": 100.0, "percent_statements_covered_display": "100"}, "missing_lines": [], "excluded_lines": [], "start_line": 41}, "cmd_telemetry_report": {"executed_lines": [65, 67, 68, 69, 70, 72, 73, 75, 76, 77, 79, 80, 81, 82, 83, 84, 85, 86, 87, 88, 90, 91, 92, 93, 94, 96, 97, 98, 106, 107, 112, 113], "summary": {"covered_lines": 32, "num_statements": 35, "percent_covered": 91.42857142857143, "percent_covered_display": "91", "missing_lines": 3, "excluded_lines": 0, "percent_statements_covered": 91.42857142857143, "percent_statements_covered_display": "91"}, "missing_lines": [108, 109, 110], "excluded_lines": [], "start_line": 55}, "": {"executed_lines": [12, 14, 16, 17, 18, 21, 24, 37, 41, 55], "summary": {"covered_lines": 10, "num_statements": 10, "percent_covered": 100.0, "percent_covered_display": "100", "missing_lines": 0, "excluded_lines": 0, "percent_statements_covered": 100.0, "percent_statements_covered_display": "100"}, "missing_lines": [], "excluded_lines": [], "start_line": 1}}, "classes": {"": {"executed_lines": [12, 14, 16, 17, 18, 21, 24, 25, 26, 27, 28, 29, 30, 31, 32, 34, 37, 38, 41, 49, 55, 65, 67, 68, 69, 70, 72, 73, 75, 76, 77, 79, 80, 81, 82, 83, 84, 85, 86, 87, 88, 90, 91, 92, 93, 94, 96, 97, 98, 106, 107, 112, 113], "summary": {"covered_lines": 53, "num_statements": 57, "percent_covered": 92.98245614035088, "percent_covered_display": "93", "missing_lines": 4, "excluded_lines": 0, "percent_statements_covered": 92.98245614035088, "percent_statements_covered_display": "93"}, "missing_lines": [33, 108, 109, 110], "excluded_lines": [], "start_line": 1}}}, "skills/bmad-story-automator/src/story_automator/commands/tmux.py": {"executed_lines": [1, 3, 4, 5, 6, 7, 9, 10, 11, 12, 13, 26, 36, 46, 47, 48, 49, 50, 51, 53, 54, 55, 56, 59, 60, 62, 64, 65, 66, 67, 73, 77, 82, 88, 96, 97, 98, 101, 104, 109, 112, 113, 114, 115, 116, 117, 118, 119, 120, 121, 122, 134, 135, 136, 137, 138, 139, 140, 141, 142, 143, 144, 145, 146, 147, 148, 149, 150, 151, 152, 155, 156, 157, 186, 187, 188, 189, 191, 192, 193, 194, 195, 196, 197, 198, 199, 200, 201, 202, 203, 204, 205, 206, 207, 208, 209, 210, 211, 214, 215, 216, 217, 218, 219, 220, 221, 222, 223, 224, 225, 226, 227, 228, 229, 231, 232, 234, 235, 236, 237, 238, 239, 240, 248, 249, 252, 253, 254, 261, 262, 2
[...]
 0, "percent_covered": 100.0, "percent_covered_display": "100", "missing_lines": 0, "excluded_lines": 0, "percent_statements_covered": 100.0, "percent_statements_covered_display": "100"}, "missing_lines": [], "excluded_lines": [], "start_line": 71}, "": {"executed_lines": [1, 3, 4, 5, 6, 7, 8, 9, 10, 11, 12, 13, 14, 16, 28, 29, 30, 31, 38, 39, 42, 43, 44, 45, 46, 47, 48, 49, 50, 51, 52, 57, 59, 62, 63, 64, 65, 66, 67, 70, 71, 72, 73, 74, 75, 76, 79, 80, 81, 84, 85, 90, 91, 92, 98, 101, 112, 113, 114, 115, 118, 127, 128, 129, 131, 134, 135, 136, 137, 139, 140, 141, 142, 145, 146, 149, 150, 153, 154, 155, 156, 157, 165, 166, 172, 173, 174, 177, 178, 179, 181, 182, 185, 200, 201, 202, 204, 205, 208, 211, 212, 215, 216, 217, 218, 219, 220, 221, 224, 237, 238, 239, 240, 241, 244, 247, 250, 251, 252, 253, 254, 255, 256, 257, 260, 261, 262, 263, 264, 268, 269, 270, 275, 276, 277, 281, 282, 283, 287, 288, 289, 290, 293, 307, 308, 309, 310, 311, 313, 314, 315, 316, 319, 320, 321, 329, 330, 342, 343, 351, 354, 361, 364, 365, 368, 369, 370, 371, 374, 383, 384, 387, 388, 389, 416, 428, 433, 434, 435, 439, 440, 441, 442, 443, 455, 460, 461, 462, 466, 467, 470, 482, 490, 491, 495, 500, 501, 502, 504, 505, 506, 507, 509, 513, 520, 526, 527, 528, 529, 530, 531, 532, 542, 543, 546, 547, 548, 550, 551, 552, 555, 565, 566, 567, 569, 571, 573, 575, 584, 587, 590, 592, 593, 595, 597, 598, 599, 600, 602, 603, 609, 637, 641, 642, 643, 644, 646, 649, 653, 654, 655, 659, 683, 686, 690, 691, 692, 693, 694, 695, 697, 701, 706, 709, 712, 714, 715, 716, 717, 740, 742, 746, 747, 750, 757, 758, 759, 760, 767, 768, 770, 771, 772, 773, 774, 776, 790, 791, 794, 795, 796, 797, 798, 800, 801, 802, 804, 805, 806, 815, 816, 817, 837, 844, 845, 846, 847, 848, 849, 850, 852, 853, 862, 863, 872, 882, 885, 888, 889, 890, 891, 892, 893, 895, 896, 897, 898, 912, 914, 930, 949, 952, 958, 959, 960, 962, 963, 964, 967, 968, 980, 983, 992, 994, 1002, 1016, 1087, 1229, 1232, 1234, 1236, 1237, 1238, 1239, 1240, 1241, 1243, 1244, 1245, 1247, 1248, 1249, 1251, 1254, 1255, 1256, 1258, 1259, 1260, 1261, 1262, 1263, 1264, 1269, 1276, 1277, 1280, 1281, 1282, 1284, 1287, 1290, 1291, 1292, 1293, 1294, 1295, 1423, 1424, 1427, 1428, 1429, 1432, 1433, 1435, 1436, 1438, 1441, 1442, 1444, 1445, 1453, 1454, 1455, 1456, 1459, 1461, 1464, 1473, 1479, 1480, 1481, 1482, 1487, 1488, 1489, 1496, 1497, 1498, 1499, 1502, 1503, 1505, 1506, 1507, 1508, 1509, 1518, 1537, 1559, 1566, 1567, 1568, 1569, 1570, 1571, 1572, 1574, 1575, 1576, 1579, 1595, 1605, 1606, 1608, 1609, 1610, 1612, 1613, 1616, 1619, 1620, 1622, 1623, 1631, 1632, 1635, 1646, 1647, 1648, 1649, 1650, 1651, 1658, 1659, 1660, 1661, 1662, 1665, 1676, 1677, 1678, 1679, 1682, 1683, 1684, 1686, 1687, 1692, 1693, 1697, 1698, 1699, 1700, 1701, 1702], "summary": {"covered_lines": 486, "num_statements": 783, "percent_covered": 62.06896551724138, "percent_covered_display": "62", "missing_lines": 297, "excluded_lines": 0, "percent_statements_covered": 62.06896551724138, "percent_statements_covered_display": "62"}, "missing_lines": [95, 119, 120, 121, 122, 123, 124, 130, 180, 186, 187, 188, 189, 190, 191, 194, 195, 196, 197, 203, 206, 207, 229, 230, 231, 232, 233, 234, 258, 259, 265, 266, 267, 278, 279, 280, 284, 362, 366, 372, 375, 376, 377, 378, 379, 380, 381, 385, 391, 394, 395, 402, 403, 404, 405, 406, 407, 408, 409, 410, 411, 412, 413, 422, 423, 425, 468, 469, 492, 503, 508, 510, 525, 533, 534, 535, 536, 537, 538, 539, 549, 556, 557, 558, 561, 562, 568, 570, 572, 574, 576, 577, 578, 579, 580, 581, 582, 583, 591, 594, 638, 639, 650, 651, 656, 657, 687, 688, 696, 698, 699, 713, 741, 743, 744, 761, 762, 765, 777, 778, 779, 782, 783, 784, 785, 786, 787, 788, 792, 826, 827, 886, 915, 916, 928, 935, 947, 961, 965, 993, 1009, 1010, 1013, 1022, 1023, 1031, 1032, 1033, 1034, 1035, 1036, 1037, 1045, 1046, 1047, 1048, 1056, 1057, 1058, 1066, 1067, 1068, 1076, 1077, 1093, 1094, 1103, 1104, 1106, 1107, 1108, 1110, 1111, 1112, 1113, 1114, 1115, 1116, 1117, 1126, 1127, 1129, 1130, 1131, 1140, 1141, 1143, 1144, 1152, 1153, 1162, 1163, 1166, 1173, 1174, 1175, 1176, 1184, 1193, 1194, 1195, 1196, 1197, 1198, 1199, 1204, 1205, 1207, 1208, 1209, 1211, 1219, 1233, 1235, 1242, 1246, 1250, 1257, 1283, 1434, 1437, 1443, 1450, 1460, 1467, 1468, 1469, 1470, 1474, 1490, 1491, 1492, 1493, 1504, 1519, 1526, 1527, 1528, 1529, 1530, 1531, 1532, 1533, 1534, 1546, 1560, 1561, 1562, 1563, 1573, 1580, 1581, 1582, 1583, 1584, 1585, 1586, 1587, 1588, 1589, 1590, 1591, 1592, 1596, 1597, 1598, 1599, 1600, 1601, 1602, 1607, 1611, 1614, 1615, 1621, 1624, 1625, 1626, 1627, 1628, 1636, 1637, 1638, 1639, 1640, 1641, 1642, 1643, 1654, 1655, 1666, 1685, 1688, 1689, 1703, 1704, 1705], "excluded_lines": [], "start_line": 1}}}, "skills/bmad-story-automator/src/story_automator/core/utils.py": {"executed_lines": [1, 3, 4, 5, 6, 7, 8, 9, 10, 11, 12, 13, 14, 16, 19, 20, 23, 24, 25, 26, 27, 29, 30, 31, 33, 34, 36, 37, 41, 42, 45, 46, 49, 50, 53, 54, 57, 58, 61, 65, 66, 69, 70, 71, 72, 73, 79, 80, 81, 82, 83, 84, 85, 87, 88, 91, 92, 95, 101, 102, 104, 105, 115, 125, 126, 129, 130, 133, 139, 140, 143, 144, 147, 151, 152, 155, 156, 159, 160, 161, 162, 163, 164, 167, 170, 172, 173, 176, 180, 184, 185, 186, 187, 188, 189, 192, 195, 196, 197, 198, 199, 200, 201, 202, 203, 206, 207, 208, 209, 210, 213, 214, 215, 216, 217, 218, 219, 220, 221, 222, 223, 226, 230, 234, 235, 236, 237, 238, 241, 242, 245, 255, 256, 259, 260, 263, 264], "summary": {"covered_lines": 137, "num_statements": 174, "percent_covered": 78.73563218390805, "percent_covered_display": "79", "missing_lines": 37, "excluded_lines": 0, "percent_statements_covered": 78.73563218390805, "percent_statements_covered_display": "79"}, "missing_lines": [35, 38, 62, 103, 116, 117, 118, 119, 120, 121, 122, 134, 135, 136, 148, 165, 166, 168, 169, 171, 177, 181, 190, 191, 193, 194, 227, 231, 239, 240, 246, 247, 248, 249, 250, 251, 252], "excluded_lines": [], "functions": {"CommandResult.__iter__": {"executed_lines": [30, 31], "summary": {"covered_lines": 2, "num_statements": 2, "percent_covered": 100.0, "percent_covered_display": "100", "missing_lines": 0, "excluded_lines": 0, "percent_statements_covered": 100.0, "percent_statements_covered_display": "100"}, "missing_lines": [], "excluded_lines": [], "start_line": 29}, "CommandResult.__getitem__": {"executed_lines": [34, 36, 37], "summary": {"covered_lines": 3, "num_statements": 5, "percent_covered": 60.0, "percent_covered_display": "60", "missing_lines": 2, "excluded_lines": 0, "percent_statements_covered": 60.0, "percent_statements_covered_display": "60"}, "missing_lines": [35, 38], "excluded_lines": [], "start_line": 33}, "now_utc": {"executed_lines": [42], "summary": {"covered_lines": 1, "num_statements": 1, "percent_covered": 100.0, "percent_covered_display": "100", "missing_lines": 0, "excluded_lines": 0, "percent_statements_covered": 100.0, "percent_statements_covered_display": "100"}, "missing_lines": [], "excluded_lines": [], "start_line": 41}, "now_utc_z": {"executed_lines": [46], "summary": {"covered_lines": 1, "num_statements": 1, "percent_covered": 100.0, "percent_covered_display": "100", "missing_lines": 0, "excluded_lines": 0, "percent_statements_covered": 100.0, "percent_statements_covered_display": "100"}, "missing_lines": [], "excluded_lines": [], "start_line": 45}, "write_json": {"executed_lines": [50], "summary": {"covered_lines": 1, "num_statements": 1, "percent_covered": 100.0, "percent_covered_display": "100", "missing_lines": 0, "excluded_lines": 0, "percent_statements_covered": 100.0, "percent_statements_covered_display": "100"}, "missing_lines": [], "excluded_lines": [], "start_line": 49}, "read_text": {"executed_lines": [54], "summary": {"covered_lines": 1, "num_statements": 1, "percent_covered": 100.0, "percent_covered_display": "100", "missing_lines": 0, "excluded_lines": 0, "percent_statements_covered": 100.0, "percent_statements_covered_display": "100"}, "missing_lines": [], "excluded_lines": [], "start_line": 53}, "file_exists": {"executed_lines": [58], "summary": {"covered_lines": 1, "num_statements": 1, "percent_covered": 100.0, "percent_covered_display": "100", "missing_lines": 0, "excluded_lines": 0, "percent_statements_covered": 100.0, "percent_statements_covered_display": "100"}, "missing_lines": [], "excluded_lines": [], "start_line": 57}, "dir_exists": {"executed_lines": [], "summary": {"covered_lines": 0, "num_statements": 1, "percent_covered": 0.0, "percent_covered_display": "0", "missing_lines": 1, "excluded_lines": 0, "percent_statements_covered": 0.0, "percent_statements_covered_display": "0"}, "missing_lines": [62], "excluded_lines": [], "start_line": 61}, "ensure_dir": {"executed_lines": [66], "summary": {"covered_lines": 1, "num_statements": 1, "percent_covered": 100.0, "percent_covered_display": "100", "missing_lines": 0, "excluded_lines": 0, "percent_statements_covered": 100.0, "percent_statements_covered_display": "100"}, "missing_lines": [], "excluded_lines": [], "start_line": 65}, "write_atomic": {"executed_lines": [70, 71, 72, 73, 79, 80, 81, 82, 83, 84, 85, 87, 88], "summary": {"covered_lines": 13, "num_statements": 13, "percent_covered": 100.0, "percent_covered_display": "100", "missing_lines": 0, "excluded_lines": 0, "percent_statements_covered": 100.0, "percent_statements_covered_display": "100"}, "missing_lines": [], "excluded_lines": [], "start_line": 69}, "atomic_write": {"executed_lines": [92], "summary": {"covered_lines": 1, "num_statements": 1, "percent_covered": 100.0, "percent_covered_display": "100", "missing_lines": 0, "excluded_lines": 0, "percent_statements_covered": 100.0, "percent_statements_covered_display": "100"}, "missing_lines": [], "excluded_lines": [], "start_line": 91}, "run_cmd": {"executed_lines": [101, 102, 104, 105, 115], "summary": {"covered_lines": 5, "num_statements": 13, "percent_covered": 38.46153846153846, "percent_covered_display": "38", "missing_lines": 8, "excluded_lines": 0, "percent_statements_covered": 38.46153846153846, "percent_statements_covered_display": "38"}, "missing_lines": [103, 116, 117, 118, 119, 120, 121, 122], "excluded_lines": [], "start_line": 95}, "get_pwd": {"executed_lines": [126], "summary": {"covered_lines": 1, "num_statements": 1, "percent_covered": 100.0, "percent_covered_display": "100", "missing_lines": 0, "excluded_lines": 0, "percent_statements_covered": 100.0, "percent_statements_covered_display": "100"}, "missing_lines": [], "excluded_lines": [], "start_line": 125}, "get_project_root": {"executed_lines": [130], "summary": {"covered_lines": 1, "num_statements": 1, "percent_covered": 100.0, "percent_covered_display": "100", "missing_lines": 0, "excluded_lines": 0, "percent_statements_covered": 100.0, "percent_statements_covered_display": "100"}, "missing_lines": [], "excluded_lines": [], "start_line": 129}, "get_project_slug": {"executed_lines": [], "summary": {"covered_lines": 0, "num_statements": 3, "percent_covered": 0.0, "percent_covered_display": "0", "missing_lines": 3, "excluded_lines": 0, "percent_statements_covered": 0.0, "percent_statements_covered_display": "0"}, "missing_lines": [134, 135, 136], "excluded_lines": [], "start_line": 133}, "md5_hex8": {"executed_lines": [140], "summary": {"covered_lines": 1, "num_statements": 1, "percent_covered": 100.0, "percent_covered_display": "100", "missing_lines": 0, "excluded_lines": 0, "percent_statements_covered": 100.0, "percent_statements_covered_display": "100"}, "missing_lines": [], "excluded_lines": [], "start_line": 139}, "get_project_hash": {"executed_lines": [144], "summary": {"covered_lines": 1, "num_statements": 1, "percent_covered": 100.0, "percent_covered_display": "100", "missing_lines": 0, "excluded_lines": 0, "percent_statements_covered": 100.0, "percent_statements_covered_display": "100"}, "missing_lines": [], "excluded_lines": [], "start_line": 143}, "project_slug": {"executed_lines": [], "summary": {"covered_lines": 0, "num_statements": 1, "percent_covered": 0.0, "percent_covered_display": "0", "missing_lines": 1, "excluded_lines": 0, "percent_statements_covered": 0.0, "percent_statements_covered_display": "0"}, "missing_lines": [148], "excluded_lines": [], "start_line": 147}, "project_hash": {"executed_lines": [152], "summary": {"covered_lines": 1, "num_statements": 1, "percent_covered": 100.0, "percent_covered_display": "100", "missing_lines": 0, "excluded_lines": 0, "percent_statements_covered": 100.0, "percent_statements_covered_display": "100"}, "missing_lines": [], "excluded_lines": [], "start_line": 151}, "trim_lines": {"executed_lines": [156], "summary": {"covered_lines": 1, "num_statements": 1, "percent_covered": 100.0, "percent_covered_display": "100", "missing_lines": 0, "excluded_lines": 0, "percent_statements_covered": 100.0, "percent_statements_covered_display": "100"}, "missing_lines": [], "excluded_lines": [], "start_line": 155}, "filter_input_box": {"executed_lines": [160, 161, 162, 163, 164, 167, 170, 172, 173], "summary": {"covered_lines": 9, "num_statements": 14, "percent_covered": 64.28571428571429, "percent_covered_display": "64", "missing_lines": 5, "excluded_lines": 0, "percent_statements_covered": 64.28571428571429, "percent_statements_covered_display": "64"}, "missing_lines": [165, 166, 168, 169, 171], "excluded_lines": [], "start_line": 159}, "is_help_flag": {"executed_lines": [], "summary": {"covered_lines": 0, "num_statements": 1, "percent_covered": 0.0, "percent_covered_display": "0", "missing_lines": 1, "excluded_lines": 0, "percent_statements_covered": 0.0, "percent_statements_covered_display": "0"}, "missing_lines": [177], "excluded_lines": [], "start_line": 176}, "help_flag": {"executed_lines": [], "summary": {"covered_lines": 0, "num_statements": 1, "percent_covered": 0.0, "percent_covered_display": "0", "missing_lines": 1, "excluded_lines": 0, "percent_statements_covered": 0.0, "percent_statements_covered_display": "0"}, "missing_lines": [181], "excluded_lines": [], "start_line": 180}, "strip_inline_yaml_comment": {"executed_lines": [185, 186, 187, 188, 189, 192, 195, 196, 197, 198, 199, 200, 201, 202, 203], "summary": {"covered_lines": 15, "num_statements": 19, "percent_covered": 78.94736842105263, "percent_covered_display": "79", "missing_lines": 4, "excluded_lines": 0, "percent_statements_covered": 78.94736842105263, "percent_statements_covered_display": "79"}, "missing_lines": [190, 191, 193, 194], "excluded_lines": [], "start_line": 184}, "unquote_scalar": {"executed_lines": [207, 208, 209, 210], "summary": {"covered_lines": 4, "num_statements": 4, "percent_covered": 100.0, "percent_covered_display": "100", "missing_lines": 0, "excluded_lines": 0, "percent_statements_covered": 100.0, "percent_statements_covered_display": "100"}, "missing_lines": [], "excluded_lines": [], "start_line": 206}, "parse_string_list_literal": {"executed_lines": [214, 215, 216, 217, 218, 219, 220, 221, 222, 223], "summary": {"covered_lines": 10, "num_statements": 10, "percent_covered": 100.0, "percent_covered_display": "100", "missing_lines": 0, "excluded_lines": 0, "percent_statements_covered": 100.0, "percent_statements_covered_display": "100"}, "missing_lines": [], "excluded_lines": [], "start_line": 213}, "default_string": {"executed_lines": [], "summary": {"covered_lines": 0, "num_statements": 1, "percent_covered": 0.0, "percent_covered_display": "0", "missing_lines": 1, "excluded_lines": 0, "percent_statements_covered": 0.0, "percent_statements_covered_display": "0"}, "missing_lines": [227], "excluded_lines": [], "start_line": 226}, "count_matches": {"executed_lines": [], "summary": {"covered_lines": 0, "num_statements": 1, "percent_covered": 0.0, "percent_covered_display": "0", "missing_lines": 1, "excluded_lines": 0, "percent_statements_covered": 0.0, "percent_statements_covered_display": "0"}, "missing_lines": [231], "excluded_lines": [], "start_line": 230}, "extract_json_line": {"executed_lines": [235, 236, 237, 238, 241, 242], "summary": {"covered_lines": 6, "num_statements": 8, "percent_covered": 75.0, "percent_covered_display": "75", "missing_lines": 2, "excluded_lines": 0, "percent_statements_covered": 75.0, "percent_statements_covered_display": "75"}, "missing_lines": [239, 240], "excluded_lines": [], "start_line": 234}, "truthy": {"executed_lines": [], "summary": {"covered_lines": 0, "num_statements": 7, "percent_covered": 0.0, "percent_covered_display": "0", "missing_lines": 7, "excluded_lines": 0, "percent_statements_covered": 0.0, "percent_statements_covered_display": "0"}, "missing_lines": [246, 247, 248, 249, 250, 251, 252], "excluded_lines": [], "start_line": 245}, "iso_now": {"executed_lines": [256], "summary": {"covered_lines": 1, "num_statements": 1, "percent_covered": 100.0, "percent_covered_display": "100", "missing_lines": 0, "excluded_lines": 0, "percent_statements_covered": 100.0, "percent_statements_covered_display": "100"}, "missing_lines": [], "excluded_lines": [], "start_line": 255}, "print_json": {"executed_lines": [260], "summary": {"covered_lines": 1, "num_statements": 1, "percent_covered": 100.0, "percent_covered_display": "100", "missing_lines": 0, "excluded_lines": 0, "percent_statements_covered": 100.0, "percent_statements_covered_display": "100"}, "missing_lines": [], "excluded_lines": [], "start_line": 259}, "command_exists": {"executed_lines": [264], "summary": {"covered_lines": 1, "num_statements": 1, "percent_covered": 100.0, "percent_covered_display": "100", "missing_lines": 0, "excluded_lines": 0, "percent_statements_covered": 100.0, "percent_statements_covered_display": "100"}, "missing_lines": [], "excluded_lines": [], "start_line": 263}, "": {"executed_lines": [1, 3, 4, 5, 6, 7, 8, 9, 10, 11, 12, 13, 14, 16, 19, 20, 23, 24, 25, 26, 27, 29, 33, 41, 45, 49, 53, 57, 61, 65, 69, 91, 95, 125, 129, 133, 139, 143, 147, 151, 155, 159, 176, 180, 184, 206, 213, 226, 230, 234, 245, 255, 259, 263], "summary": {"covered_lines": 54, "num_statements": 54, "percent_covered": 100.0, "percent_covered_display": "100", "missing_lines": 0, "excluded_lines": 0, "percent_statements_covered": 100.0, "percent_statements_covered_display": "100"}, "missing_lines": [], "excluded_lines": [], "start_line": 1}}, "classes": {"CommandResult": {"executed_lines": [30, 31, 34, 36, 37], "summary": {"covered_lines": 5, "num_statements": 7, "percent_covered": 71.42857142857143, "percent_covered_display": "71", "missing_lines": 2, "excluded_lines": 0, "percent_statements_covered": 71.42857142857143, "percent_statements_covered_display": "71"}, "missing_lines": [35, 38], "excluded_lines": [], "start_line": 24}, "": {"executed_lines": [1, 3, 4, 5, 6, 7, 8, 9, 10, 11, 12, 13, 14, 16, 19, 20, 23, 24, 25, 26, 27, 29, 33, 41, 42, 45, 46, 49, 50, 53, 54, 57, 58, 61, 65, 66, 69, 70, 71, 72, 73, 79, 80, 81, 82, 83, 84, 85, 87, 88, 91, 92, 95, 101, 102, 104, 105, 115, 125, 126, 129, 130, 133, 139, 140, 143, 144, 147, 151, 152, 155, 156, 159, 160, 161, 162, 163, 164, 167, 170, 172, 173, 176, 180, 184, 185, 186, 187, 188, 189, 192, 195, 196, 197, 198, 199, 200, 201, 202, 203, 206, 207, 208, 209, 210, 213, 214, 215, 216, 217, 218, 219, 220, 221, 222, 223, 226, 230, 234, 235, 236, 237, 238, 241, 242, 245, 255, 256, 259, 260, 263, 264], "summary": {"covered_lines": 132, "num_statements": 167, "percent_covered": 79.04191616766467, "percent_covered_display": "79", "missing_lines": 35, "excluded_lines": 0, "percent_statements_covered": 79.04191616766467, "percent_statements_covered_display": "79"}, "missing_lines": [62, 103, 116, 117, 118, 119, 120, 121, 122, 134, 135, 136, 148, 165, 166, 168, 169, 171, 177, 181, 190, 191, 193, 194, 227, 231, 239, 240, 246, 247, 248, 249, 250, 251, 252], "excluded_lines": [], "start_line": 1}}}}, "totals": {"covered_lines": 5687, "num_statements": 7106, "percent_covered": 80.03095975232198, "percent_covered_display": "80", "missing_lines": 1419, "excluded_lines": 20, "percent_statements_covered": 80.03095975232198, "percent_statements_covered_display": "80"}}