{"meta": {"format": 3, "version": "7.14.1", "timestamp": "2026-06-19T07:36:13.892456", "branch_coverage": true, "show_contexts": false}, "files": {"skills/bmad-story-automator/src/story_automator/__init__.py": {"executed_lines": [1, 3], "summary": {"covered_lines": 2, "num_statements": 2, "percent_covered": 100.0, "percent_covered_display": "100", "missing_lines": 0, "excluded_lines": 0, "percent_statements_covered": 100.0, "percent_statements_covered_display": "100", "num_branches": 0, "num_partial_branches": 0, "covered_branches": 0, "missing_branches": 0, "percent_branches_covered": 100.0, "percent_branches_covered_display": "100"}, "missing_lines": [], "excluded_lines": [], "executed_branches": [], "missing_branches": [], "functions": {"": {"executed_lines": [1, 3], "summary": {"covered_lines": 2, "num_statements": 2, "percent_covered": 100.0, "percent_covered_display": "100", "missing_lines": 0, "excluded_lines": 0, "percent_statements_covered": 100.0, "percent_statements_covered_display": "100", "num_branches": 0, "num_partial_branches": 0, "covered_branches": 0, "missing_branches": 0, "percent_branches_covered": 100.0, "percent_branches_covered_display": "100"}, "missing_lines": [], "excluded_lines": [], "start_line": 1, "executed_branches": [], "missing_branches": []}}, "classes": {"": {"executed_lines": [1, 3], "summary": {"covered_lines": 2, "num_statements": 2, "percent_covered": 100.0, "percent_covered_display": "100", "missing_lines": 0, "excluded_lines": 0, "percent_statements_covered": 100.0, "percent_statements_covered_display": "100", "num_branches": 0, "num_partial_branches": 0, "covered_branches": 0, "missing_branches": 0, "percent_branches_covered": 100.0, "percent_branches_covered_display": "100"}, "missing_lines": [], "excluded_lines": [], "start_line": 1, "executed_branches": [], "missing_branches": []}}}, "skills/bmad-story-automator/src/story_automator/__main__.py": {"executed_lines": [], "summary": {"covered_lines": 0, "num_statements": 3, "percent_covered": 0.0, "percent_covered_display": "0", "missing_lines": 3, "excluded_lines": 0, "percent_statements_covered": 0.0, "percent_statements_covered_display": "0", "num_branches": 2, "num_partial_branches": 0, "covered_branches": 0, "missing_branches": 2, "percent_branches_covered": 0.0, "percent_branches_covered_display": "0"}, "missing_lines": [1, 4, 5], "excluded_lines": [], "executed_branches": [], "missing_branches": [[4, -1], [4, 5]], "functions": {"": {"executed_lines": [], "summary": {"covered_lines": 0, "num_statements": 3, "percent_covered": 0.0, "percent_covered_display": "0", "missing_lines": 3, "excluded_lines": 0, "percent_statements_covered": 0.0, "percent_statements_covered_display": "0", "num_branches": 2, "num_partial_branches": 0, "covered_branches": 0, "missing_branches": 2, "percent_branches_covered": 0.0, "percent_branches_covered_display": "0"}, "missing_lines": [1, 4, 5], "excluded_lines": [], "start_line": 1, "executed_branches": [], "missing_branches": [[4, -1], [4, 5]]}}, "classes": {"": {"executed_lines": [], "summary": {"covered_lines": 0, "num_statements": 3, "percent_covered": 0.0, "percent_covered_display": "0", "missing_lines": 3, "excluded_lines": 0, "percent_statements_covered": 0.0, "percent_statements_covered_display": "0", "num_branches": 2, "num_partial_branches": 0, "covered_branches": 0, "missing_branches": 2, "percent_branches_covered": 0.0, "percent_branches_covered_display": "0"}, "missing_lines": [1, 4, 5], "excluded_lines": [], "start_line": 1, "executed_branches": [], "missing_branches": [[4, -1], [4, 5]]}}}, "skills/bmad-story-automator/src/story_automator/cli.py": {"executed_lines": [1, 3, 4, 5, 7, 8, 9, 17, 18, 19, 20, 21, 22, 23, 24, 25, 26, 32, 39, 40, 41, 49, 52, 53, 54, 57, 60, 61, 62, 63, 64, 65, 66, 67, 68, 69, 70, 71, 74, 75, 76, 77, 78, 79, 80, 85, 93, 96, 104, 141, 142, 143, 144, 145, 146, 149, 150, 151, 154, 167, 168, 169, 170, 171, 174, 177, 178, 180, 188, 189, 190, 193, 194, 198, 199, 200, 201, 203, 204, 205, 208, 225, 226, 227, 228, 229], "summary": {"covered_lines": 86, "num_statements": 122, "percent_covered": 69.5945945945946, "percent_covered_display": "70", "missing_lines": 36, "excluded_lines": 0, "percent_statements_covered": 70.49180327868852, "percent_statements_covered_display": "70", "num_branches": 26, "num_partial_branches": 5, "covered_branches": 17, "missing_branches": 9, "percent_branches_covered": 65.38461538461539, "percent_branches_covered_display": "65"}, "missing_lines": [55, 56, 58, 59, 155, 156, 157, 158, 159, 160, 161, 162, 163, 164, 172, 173, 175, 176, 179, 181, 187, 202, 209, 210, 211, 212, 213, 214, 215, 216, 217, 218, 219, 220, 221, 222], "excluded_lines": [], "executed_branches": [[54, 57], [57, 60], [60, 61], [60, 63], [67, 68], [67, 78], [70, 71], [74, 75], [74, 76], [145, -141], [145, 146], [171, 174], [174, 177], [226, 227], [226, 229], [227, 226], [227, 228]], "missing_branches": [[54, 55], [57, 58], [70, 74], [156, 157], [156, 159], [171, 172], [174, 175], [211, 212], [211, 214]], "functions": {"main": {"executed_lines": [53, 54, 57, 60, 61, 62, 63, 64, 65, 66, 67, 68, 69, 70, 71, 74, 75, 76, 77, 78, 79, 80, 85, 93], "summary": {"covered_lines": 24, "num_statements": 28, "percent_covered": 82.5, "percent_covered_display": "82", "missing_lines": 4, "excluded_lines": 0, "percent_statements_covered": 85.71428571428571, "percent_statements_covered_display": "86", "num_branches": 12, "num_partial_branches": 3, "covered_branches": 9, "missing_branches": 3, "percent_branches_covered": 75.0, "percent_branches_covered_display": "75"}, "missing_lines": [55, 56, 58, 59], "excluded_lines": [], "start_line": 52, "executed_branches": [[54, 57], [57, 60], [60, 61], [60, 63], [67, 68], [67, 78], [70, 71], [74, 75], [74, 76]], "missing_branches": [[54, 55], [57, 58], [70, 74]]}, "_command_registry": {"executed_lines": [104], "summary": {"covered_lines": 1, "num_statements": 1, "percent_covered": 100.0, "percent_covered_display": "100", "missing_lines": 0, "excluded_lines": 0, "percent_statements_covered": 100.0, "percent_statements_covered_display": "100", "num_branches": 0, "num_partial_branches": 0, "covered_branches": 0, "missing_branches": 0, "percent_branches_covered": 100.0, "percent_branches_covered_display": "100"}, "missing_lines": [], "excluded_lines": [], "start_line": 96, "executed_branches": [], "missing_branches": []}, "_usage": {"executed_lines": [142, 143, 144, 145, 146], "summary": {"covered_lines": 5, "num_statements": 5, "percent_covered": 100.0, "percent_covered_display": "100", "missing_lines": 0, "excluded_lines": 0, "percent_statements_covered": 100.0, "percent_statements_covered_display": "100", "num_branches": 2, "num_partial_branches": 0, "covered_branches": 2, "missing_branches": 0, "percent_branches_covered": 100.0, "percent_branches_covered_display": "100"}, "missing_lines": [], "excluded_lines": [], "start_line": 141, "executed_branches": [[145, -141], [145, 146]], "missing_branches": []}, "_cmd_version": {"executed_lines": [150, 151], "summary": {"covered_lines": 2, "num_statements": 2, "percent_covered": 100.0, "percent_covered_display": "100", "missing_lines": 0, "excluded_lines": 0, "percent_statements_covered": 100.0, "percent_statements_covered_display": "100", "num_branches": 0, "num_partial_branches": 0, "covered_branches": 0, "missing_branches": 0, "percent_branches_covered": 100.0, "percent_branches_covered_display": "100"}, "missing_lines": [], "excluded_lines": [], "start_line": 149, "executed_branches": [], "missing_branches": []}, "_cmd_parse_epic": {"executed_lines": [], "summary": {"covered_lines": 0, "num_statements": 10, "percent_covered": 0.0, "percent_covered_display": "0", "missing_lines": 10, "excluded_lines": 0, "percent_statements_covered": 0.0, "percent_statements_covered_display": "0", "num_branches": 2, "num_partial_branches": 0, "covered_branches": 0, "missing_branches": 2, "percent_branches_covered": 0.0, "percent_branches_covered_display": "0"}, "missing_lines": [155, 156, 157, 158, 159, 160, 161, 162, 163, 164], "excluded_lines": [], "start_line": 154, "executed_branches": [], "missing_branches": [[156, 157], [156, 159]]}, "_cmd_parse_story": {"executed_lines": [168, 169, 170, 171, 174, 177, 178, 180, 188, 189, 190], "summary": {"covered_lines": 11, "num_statements": 18, "percent_covered": 59.09090909090909, "percent_covered_display": "59", "missing_lines": 7, "excluded_lines": 0, "percent_statements_covered": 61.111111111111114, "percent_statements_covered_display": "61", "num_branches": 4, "num_partial_branches": 2, "covered_branches": 2, "missing_branches": 2, "percent_branches_covered": 50.0, "percent_branches_covered_display": "50"}, "missing_lines": [172, 173, 175, 176, 179, 181, 187], "excluded_lines": [], "start_line": 167, "executed_branches": [[171, 174], [174, 177]], "missing_branches": [[171, 172], [174, 175]]}, "_cmd_parse_story_range": {"executed_lines": [194, 198, 199, 200, 201, 203, 204, 205], "summary": {"covered_lines": 8, "num_statements": 9, "percent_covered": 88.88888888888889, "percent_covered_display": "89", "missing_lines": 1, "excluded_lines": 0, "percent_statements_covered": 88.88888888888889, "percent_statements_covered_display": "89", "num_branches": 0, "num_partial_branches": 0, "covered_branches": 0, "missing_branches": 0, "percent_branches_covered": 100.0, "percent_branches_covered_display": "100"}, "missing_lines": [202], "excluded_lines": [], "start_line": 193, "executed_branches": [], "missing_branches": []}, "_cmd_epic_complete": {"executed_lines": [], "summary": {"covered_lines": 0, "num_statements": 14, "percent_covered": 0.0, "percent_covered_display": "0", "missing_lines": 14, "excluded_lines": 0, "percent_statements_covered": 0.0, "percent_statements_covered_display": "0", "num_branches": 2, "num_partial_branches": 0, "covered_branches": 0, "missing_branches": 2, "percent_branches_covered": 0.0, "percent_branches_covered_display": "0"}, "missing_lines": [209, 210, 211, 212, 213, 214, 215, 216, 217, 218, 219, 220, 221, 222], "excluded_lines": [], "start_line": 208, "executed_branches": [], "missing_branches": [[211, 212], [211, 214]]}, "_arg_value": {"executed_lines": [226, 227, 228, 229], "summary": {"covered_lines": 4, "num_statements": 4, "percent_covered": 100.0, "percent_covered_display": "100", "missing_lines": 0, "excluded_lines": 0, "percent_statements_covered": 100.0, "percent_statements_covered_display": "100", "num_branches": 4, "num_partial_branches": 0, "covered_branches": 4, "missing_branches": 0, "percent_branches_covered": 100.0, "percent_branches_covered_display": "100"}, "missing_lines": [], "excluded_lines": [], "start_line": 225, "executed_branches": [[226, 227], [226, 229], [227, 226], [227, 228]], "missing_branches": []}, "": {"executed_lines": [1, 3, 4, 5, 7, 8, 9, 17, 18, 19, 20, 21, 22, 23, 24, 25, 26, 32, 39, 40, 41, 49, 52, 96, 141, 149, 154, 167, 193, 208, 225], "summary": {"covered_lines": 31, "num_statements": 31, "percent_covered": 100.0, "percent_covered_display": "100", "missing_lines": 0, "excluded_lines": 0, "percent_statements_covered": 100.0, "percent_statements_covered_display": "100", "num_branches": 0, "num_partial_branches": 0, "covered_branches": 0, "missing_branches": 0, "percent_branches_covered": 100.0, "percent_branches_covered_display": "100"}, "missing_lines": [], "excluded_lines": [], "start_line": 1, "executed_branches": [], "missing_branches": []}}, "classes": {"": {"executed_lines": [1, 3, 4, 5, 7, 8, 9, 17, 18, 19, 20, 21, 22, 23, 24, 25, 26, 32, 39, 40, 41, 49, 52, 53, 54, 57, 60, 61, 62, 63, 64, 65, 66, 67, 68, 69, 70, 71, 74, 75, 76, 77, 78, 79, 80, 85, 93, 96, 104, 141, 142, 143, 144, 145, 146, 149, 150, 151, 154, 167, 168, 169, 170, 171, 174, 177, 178, 180, 188, 189, 190, 193, 194, 198, 199, 200, 201, 203, 204, 205, 208, 225, 226, 227, 228, 229], "summary": {"covered_lines": 86, "num_statements": 122, "percent_covered": 69.5945945945946, "percent_covered_display": "70", "missing_lines": 36, "excluded_lines": 0, "percent_statements_covered": 70.49180327868852, "percent_statements_covered_display": "70", "num_branches": 26, "num_partial_branches": 5, "covered_branches": 17, "missing_branches": 9, "percent_branches_covered": 65.38461538461539, "percent_branches_covered_display": "65"}, "missing_lines": [55, 56, 58, 59, 155, 156, 157, 158, 159, 160, 161, 162, 163, 164, 172, 173, 175, 176, 179, 181, 187, 202, 209, 210, 211, 212, 213, 214, 215, 216, 217, 218, 219, 220, 221, 222], "excluded_lines": [], "start_line": 1, "executed_branches": [[54, 57], [57, 60], [60, 61], [60, 63], [67, 68], [67, 78], [70, 71], [74, 75], [74, 76], [145, -141], [145, 146], [171, 174], [174, 177], [226, 227], [226, 229], [227, 226], [227, 228]], "missing_branches": [[54, 55], [57, 58], [70, 74], [156, 157], [156, 159], [171, 172], [174, 175], [211, 212], [211, 214]]}}}, "skills/bmad-story-automator/src/story_automator/commands/__init__.py": {"executed_lines": [], "summary": {"covered_lines": 0, "num_statements": 0, "percent_covered": 100.0, "percent_covered_display": "100", "missing_lines": 0, "excluded_lines": 0, "percent_statements_covered": 100.0, "percent_statements_covered_display": "100", "num_branches": 0, "num_partial_branches": 0, "covered_branches": 0, "missing_branches": 0, "percent_branches_covered": 100.0, "percent_branches_covered_display": "100"}, "missing_lines": [], "excluded_lines": [], "executed_branches": [], "missing_branches": [], "functions": {"": {"executed_lines": [], "summary": {"covered_lines": 0, "num_statements": 0, "percent_covered": 100.0, "percent_covered_display": "100", "missing_lines": 0, "excluded_lines": 0, "percent_statements_covered": 100.0, "percent_statements_covered_display": "100", "num_branches": 0, "num_partial_branches": 0, "covered_branches": 0, "missing_branches": 0, "percent_branches_covered": 100.0, "percent_branches_covered_display": "100"}, "missing_lines": [], "excluded_lines": [], "start_line": 1, "executed_branches": [], "missing_branches": []}}, "classes": {"": {"executed_lines": [], "summary": {"covered_lines": 0, "num_statements": 0, "percent_covered": 100.0, "percent_covered_display": "100", "missing_lines": 0, "excluded_lines": 0, "percent_statements_covered": 100.0, "percent_statements_covered_display": "100", "num_branches": 0, "num_partial_branches": 0, "covered_branches": 0, "missing_branches": 0, "percent_branches_covered": 100.0, "percent_branches_covered_display": "100"}, "missing_lines": [], "excluded_lines": [], "start_line": 1, "executed_branches": [], "missing_branches": []}}}, "skills/bmad-story-automator/src/story_automator/commands/_audit_hooks.py": {"executed_lines": [9, 11, 12, 14, 17, 26, 29, 38, 39, 40, 41], "summary": {"covered_lines": 11, "num_statements": 11, "percent_covered": 100.0, "percent_covered_display": "100", "missing_lines": 0, "excluded_lines": 0, "percent_statements_covered": 100.0, "percent_statements_covered_display": "100", "num_branches": 2, "num_partial_branches": 0, "covered_branches": 2, "missing_branches": 0, "percent_branches_covered": 100.0, "percent_branches_covered_display": "100"}, "missing_lines": [], "excluded_lines": [], "executed_branches": [[39, 40], [39, 41]], "missing_branches": [], "functions": {"_audit_path_for": {"executed_lines": [26], "summary": {"covered_lines": 1, "num_statements": 1, "percent_covered": 100.0, "percent_covered_display": "100", "missing_lines": 0, "excluded_lines": 0, "percent_statements_covered": 100.0, "percent_statements_covered_display": "100", "num_branches": 0, "num_partial_branches": 0, "covered_branches": 0, "missing_branches": 0, "percent_branches_covered": 100.0, "percent_branches_covered_display": "100"}, "missing_lines": [], "excluded_lines": [], "start_line": 17, "executed_branches": [], "missing_branches": []}, "_maybe_audit_event": {"executed_lines": [38, 39, 40, 41], "summary": {"covered_lines": 4, "num_statements": 4, "percent_covered": 100.0, "percent_covered_display": "100", "missing_lines": 0, "excluded_lines": 0, "percent_statements_covered": 100.0, "percent_statements_covered_display": "100", "num_branches": 2, "num_partial_branches": 0, "covered_branches": 2, "missing_branches": 0, "percent_branches_covered": 100.0, "percent_branches_covered_display": "100"}, "missing_lines": [], "excluded_lines": [], "start_line": 29, "executed_branches": [[39, 40], [39, 41]], "missing_branches": []}, "": {"executed_lines": [9, 11, 12, 14, 17, 29], "summary": {"covered_lines": 6, "num_statements": 6, "percent_covered": 100.0, "percent_covered_display": "100", "missing_lines": 0, "excluded_lines": 0, "percent_statements_covered": 100.0, "percent_statements_covered_display": "100", "num_branches": 0, "num_partial_branches": 0, "covered_branches": 0, "missing_branches": 0, "percent_branches_covered": 100.0, "percent_branches_covered_display": "100"}, "missing_lines": [], "excluded_lines": [], "start_line": 1, "executed_branches": [], "missing_branches": []}}, "classes": {"": {"executed_lines": [9, 11, 12, 14, 17, 26, 29, 38, 39, 40, 41], "summary": {"covered_lines": 11, "num_statements": 11, "percent_covered": 100.0, "percent_covered_display": "100", "missing_lines": 0, "excluded_lines": 0, "percent_statements_covered": 100.0, "percent_statements_covered_display": "100", "num_branches": 2, "num_partial_branches": 0, "covered_branches": 2, "missing_branches": 0, "percent_branches_covered": 100.0, "percent_branches_covered_display": "100"}, "missing_lines": [], "excluded_lines": [], "start_line": 1, "executed_branches": [[39, 40], [39, 41]], "missing_branches": []}}}, "skills/bmad-story-automator/src/story_automator/commands/agent_config_cmd.py": {"executed_lines": [1, 3, 5, 6, 9, 75], "summary": {"covered_lines": 6, "num_statements": 77, "percent_covered": 5.504587155963303, "percent_covered_display": "6", "missing_lines": 71, "excluded_lines": 0, "percent_statements_covered": 7.792207792207792, "percent_statements_covered_display": "8", "num_branches": 32, "num_partial_branches": 0, "covered_branches": 0, "missing_branches": 32, "percent_branches_covered": 0.0, "percent_branches_covered_display": "0"}, "missing_lines": [10, 11, 12, 13, 14, 15, 16, 17, 18, 19, 20, 21, 22, 23, 24, 25, 26, 27, 28, 29, 30, 31, 32, 33, 34, 35, 36, 37, 38, 39, 40, 41, 42, 44, 45, 46, 47, 48, 49, 50, 51, 52, 53, 54, 55, 56, 57, 58, 59, 60, 61, 62, 63, 64, 65, 66, 67, 68, 69, 70, 71, 72, 76, 77, 78, 79, 80, 81, 82, 83, 84], "excluded_lines": [], "executed_branches": [], "missing_branches": [[10, 11], [10, 13], [18, 19], [18, 26], [19, 20], [19, 22], [26, 27], [26, 48], [27, 28], [27, 30], [37, 38], [37, 44], [38, 37], [38, 39], [48, 49], [48, 58], [49, 50], [49, 52], [52, 53], [52, 56], [53, 52], [53, 54], [58, 59], [58, 71], [59, 60], [59, 62], [64, 65], [64, 67], [78, 79], [78, 84], [79, 80], [79, 83]], "functions": {"cmd_agent_config": {"executed_lines": [], "summary": {"covered_lines": 0, "num_statements": 62, "percent_covered": 0.0, "percent_covered_display": "0", "missing_lines": 62, "excluded_lines": 0, "percent_statements_covered": 0.0, "percent_statements_covered_display": "0", "num_branches": 28, "num_partial_branches": 0, "covered_branches": 0, "missing_branches": 28, "percent_branches_covered": 0.0, "percent_branches_covered_display": "0"}, "missing_lines": [10, 11, 12, 13, 14, 15, 16, 17, 18, 19, 20, 21, 22, 23, 24, 25, 26, 27, 28, 29, 30, 31, 32, 33, 34, 35, 36, 37, 38, 39, 40, 41, 42, 44, 45, 46, 47, 48, 49, 50, 51, 52, 53, 54, 55, 56, 57, 58, 59, 60, 61, 62, 63, 64, 65, 66, 67, 68, 69, 70, 71, 72], "excluded_lines": [], "start_line": 9, "executed_branches": [], "missing_branches": [[10, 11], [10, 13], [18, 19], [18, 26], [19, 20], [19, 22], [26, 27], [26, 48], [27, 28], [27, 30], [37, 38], [37, 44], [38, 37], [38, 39], [48, 49], [48, 58], [49, 50], [49, 52], [52, 53], [52, 56], [53, 52], [53, 54], [58, 59], [58, 71], [59, 60], [59, 62], [64, 65], [64, 67]]}, "_flag_map": {"executed_lines": [], "summary": {"covered_lines": 0, "num_statements": 9, "percent_covered": 0.0, "percent_covered_display": "0", "missing_lines": 9, "excluded_lines": 0, "percent_statements_covered": 0.0, "percent_statements_covered_display": "0", "num_branches": 4, "num_partial_branches": 0, "covered_branches": 0, "missing_branches": 4, "percent_branches_covered": 0.0, "percent_branches_covered_display": "0"}, "missing_lines": [76, 77, 78, 79, 80, 81, 82, 83, 84], "excluded_lines": [], "start_line": 75, "executed_branches": [], "missing_branches": [[78, 79], [78, 84], [79, 80], [79, 83]]}, "": {"executed_lines": [1, 3, 5, 6, 9, 75], "summary": {"covered_lines": 6, "num_statements": 6, "percent_covered": 100.0, "percent_covered_display": "100", "missing_lines": 0, "excluded_lines": 0, "percent_statements_covered": 100.0, "percent_statements_covered_display": "100", "num_branches": 0, "num_partial_branches": 0, "covered_branches": 0, "missing_branches": 0, "percent_branches_covered": 100.0, "percent_branches_covered_display": "100"}, "missing_lines": [], "excluded_lines": [], "start_line": 1, "executed_branches": [], "missing_branches": []}}, "classes": {"": {"executed_lines": [1, 3, 5, 6, 9, 75], "summary": {"covered_lines": 6, "num_statements": 77, "percent_covered": 5.504587155963303, "percent_covered_display": "6", "missing_lines": 71, "excluded_lines": 0, "percent_statements_covered": 7.792207792207792, "percent_statements_covered_display": "8", "num_branches": 32, "num_partial_branches": 0, "covered_branches": 0, "missing_branches": 32, "percent_branches_covered": 0.0, "percent_branches_covered_display": "0"}, "missing_lines": [10, 11, 12, 13, 14, 15, 16, 17, 18, 19, 20, 21, 22, 23, 24, 25, 26, 27, 28, 29, 30, 31, 32, 33, 34, 35, 36, 37, 38, 39, 40, 41, 42, 44, 45, 46, 47, 48, 49, 50, 51, 52, 53, 54, 55, 56, 57, 58, 59, 60, 61, 62, 63, 64, 65, 66, 67, 68, 69, 70, 71, 72, 76, 77, 78, 79, 80, 81, 82, 83, 84], "excluded_lines": [], "start_line": 1, "executed_branches": [], "missing_branches": [[10, 11], [10, 13], [18, 19], [18, 26], [19, 20], [19, 22], [26, 27], [26, 48], [27, 28], [27, 30], [37, 38], [37, 44], [38, 37], [38, 39], [48, 49], [48, 58], [49, 50], [49, 52], [52, 53], [52, 56], [53, 52], [53, 54], [58, 59], [58, 71], [59, 60], [59, 62], [64, 65], [64, 67], [78, 79], [78, 84], [79, 80], [79, 83]]}}}, "skills/bmad-story-automator/src/story_automator/commands/audit_verify_cmd.py": {"executed_lines": [14, 16, 17, 18, 21, 22, 23, 24, 25, 26, 27, 28, 29, 31, 34, 47, 48, 50, 51, 54, 55, 57, 58, 59, 69, 77], "summary": {"covered_lines": 26, "num_statements": 30, "percent_covered": 86.11111111111111, "percent_covered_display": "86", "missing_lines": 4, "excluded_lines": 0, "percent_statements_covered": 86.66666666666667, "percent_statements_covered_display": "87", "num_branches": 6, "num_partial_branches": 1, "covered_branches": 5, "missing_branches": 1, "percent_branches_covered": 83.33333333333333, "percent_branches_covered_display": "83"}, "missing_lines": [30, 60, 66, 67], "excluded_lines": [], "executed_branches": [[24, 25], [24, 31], [26, 27], [51, 54], [51, 57]], "missing_branches": [[26, 30]], "functions": {"_flag_map": {"executed_lines": [22, 23, 24, 25, 26, 27, 28, 29, 31], "summary": {"covered_lines": 9, "num_statements": 10, "percent_covered": 85.71428571428571, "percent_covered_display": "86", "missing_lines": 1, "excluded_lines": 0, "percent_statements_covered": 90.0, "percent_statements_covered_display": "90", "num_branches": 4, "num_partial_branches": 1, "covered_branches": 3, "missing_branches": 1, "percent_branches_covered": 75.0, "percent_branches_covered_display": "75"}, "missing_lines": [30], "excluded_lines": [], "start_line": 21, "executed_branches": [[24, 25], [24, 31], [26, 27]], "missing_branches": [[26, 30]]}, "cmd_audit_verify": {"executed_lines": [47, 48, 50, 51, 54, 55, 57, 58, 59, 69, 77], "summary": {"covered_lines": 11, "num_statements": 14, "percent_covered": 81.25, "percent_covered_display": "81", "missing_lines": 3, "excluded_lines": 0, "percent_statements_covered": 78.57142857142857, "percent_statements_covered_display": "79", "num_branches": 2, "num_partial_branches": 0, "covered_branches": 2, "missing_branches": 0, "percent_branches_covered": 100.0, "percent_branches_covered_display": "100"}, "missing_lines": [60, 66, 67], "excluded_lines": [], "start_line": 34, "executed_branches": [[51, 54], [51, 57]], "missing_branches": []}, "": {"executed_lines": [14, 16, 17, 18, 21, 34], "summary": {"covered_lines": 6, "num_statements": 6, "percent_covered": 100.0, "percent_covered_display": "100", "missing_lines": 0, "excluded_lines": 0, "percent_statements_covered": 100.0, "percent_statements_covered_display": "100", "num_branches": 0, "num_partial_branches": 0, "covered_branches": 0, "missing_branches": 0, "percent_branches_covered": 100.0, "percent_branches_covered_display": "100"}, "missing_lines": [], "excluded_lines": [], "start_line": 1, "executed_branches": [], "missing_branches": []}}, "classes": {"": {"executed_lines": [14, 16, 17, 18, 21, 22, 23, 24, 25, 26, 27, 28, 29, 31, 34, 47, 48, 50, 51, 54, 55, 57, 58, 59, 69, 77], "summary": {"covered_lines": 26, "num_statements": 30, "percent_covered": 86.11111111111111, "percent_covered_display": "86", "missing_lines": 4, "excluded_lines": 0, "percent_statements_covered": 86.66666666666667, "percent_statements_covered_display": "87", "num_branches": 6, "num_partial_branches": 1, "covered_branches": 5, "missing_branches": 1, "percent_branches_covered": 83.33333333333333, "percent_branches_covered_display": "83"}, "missing_lines": [30, 60, 66, 67], "excluded_lines": [], "start_line": 1, "executed_branches": [[24, 25], [24, 31], [26, 27], [51, 54], [51, 57]], "missing_branches": [[26, 30]]}}}, "skills/bmad-story-automator/src/story_automator/commands/basic.py": {"executed_lines": [1, 3, 4, 5, 6, 7, 8, 10, 11, 12, 13, 20, 21, 24, 25, 26, 27, 30, 31, 32, 35, 36, 37, 39, 44, 45, 46, 47, 51, 63, 90, 91, 92, 93, 94, 95, 96, 97, 98, 99, 100, 101, 102, 103, 104, 105, 106, 107, 108, 109, 110, 113, 116, 117, 118, 121, 122, 123, 124, 131, 132, 141, 142, 143, 146, 147, 148, 150, 151, 153, 154, 159, 163, 164, 165, 167, 169, 175, 176, 181, 182, 185, 223], "summary": {"covered_lines": 83, "num_statements": 185, "percent_covered": 39.11439114391144, "percent_covered_display": "39", "missing_lines": 102, "excluded_lines": 0, "percent_statements_covered": 44.86486486486486, "percent_statements_covered_display": "45", "num_branches": 86, "num_partial_branches": 11, "covered_branches": 23, "missing_branches": 63, "percent_branches_covered": 26.74418604651163, "percent_branches_covered_display": "27"}, "missing_lines": [38, 48, 52, 53, 54, 55, 56, 57, 58, 59, 60, 64, 65, 66, 67, 68, 69, 70, 71, 72, 73, 74, 75, 76, 77, 78, 79, 80, 81, 82, 83, 84, 85, 86, 87, 112, 114, 115, 119, 120, 149, 152, 155, 158, 166, 168, 186, 187, 188, 189, 190, 191, 192, 193, 194, 195, 196, 197, 198, 199, 200, 201, 202, 203, 204, 205, 206, 207, 208, 209, 210, 211, 212, 213, 214, 215, 216, 217, 218, 219, 220, 224, 225, 226, 227, 228, 229, 230, 231, 232, 233, 234, 235, 236, 237, 238, 239, 240, 241, 242, 243, 244], "excluded_lines": [], "executed_branches": [[37, 39], [44, 45], [45, 46], [95, 96], [95, 113], [97, 98], [97, 100], [100, 101], [100, 108], [103, 104], [103, 106], [106, 107], [108, 109], [113, 116], [118, 121], [148, 150], [151, 153], [159, 163], [159, 164], [165, 167], [167, 169], [169, 175], [169, 176]], "missing_branches": [[37, 38], [44, 48], [45, 44], [52, 53], [52, 55], [56, 57], [56, 59], [57, 56], [57, 58], [66, 67], [66, 71], [67, 68], [67, 69], [69, 66], [69, 70], [71, 72], [71, 74], [75, 76], [75, 77], [78, 79], [78, 83], [80, 78], [80, 81], [106, 95], [108, 112], [113, 114], [118, 119], [148, 149], [151, 152], [165, 166], [167, 168], [189, 190], [189, 196], [190, 191], [190, 192], [192, 193], [192, 194], [194, 189], [194, 195], [196, 197], [196, 199], [199, 200], [199, 202], [203, 204], [203, 206], [207, 208], [207, 210], [210, 211], [210, 213], [215, 216], [215, 218], [224, 225], [224, 227], [228, 229], [228, 231], [229, 228], [229, 230], [231, 232], [231, 234], [234, 235], [234, 237], [238, 239], [238, 241]], "functions": {"_workflow_root": {"executed_lines": [21], "summary": {"covered_lines": 1, "num_statements": 1, "percent_covered": 100.0, "percent_covered_display": "100", "missing_lines": 0, "excluded_lines": 0, "percent_statements_covered": 100.0, "percent_statements_covered_display": "100", "num_branches": 0, "num_partial_branches": 0, "covered_branches": 0, "missing_branches": 0, "percent_branches_covered": 100.0, "percent_branches_covered_display": "100"}, "missing_lines": [], "excluded_lines": [], "start_line": 20, "executed_branches": [], "missing_branches": []}, "_workflow_doc_relative": {"executed_lines": [25, 26, 27, 30, 31, 32], "summary": {"covered_lines": 6, "num_statements": 6, "percent_covered": 100.0, "percent_covered_display": "100", "missing_lines": 0, "excluded_lines": 0, "percent_statements_covered": 100.0, "percent_statements_covered_display": "100", "num_branches": 0, "num_partial_branches": 0, "covered_branches": 0, "missing_branches": 0, "percent_branches_covered": 100.0, "percent_branches_covered_display": "100"}, "missing_lines": [], "excluded_lines": [], "start_line": 24, "executed_branches": [], "missing_branches": []}, "_stop_hook_command": {"executed_lines": [36, 37, 39, 44, 45, 46, 47], "summary": {"covered_lines": 7, "num_statements": 9, "percent_covered": 66.66666666666667, "percent_covered_display": "67", "missing_lines": 2, "excluded_lines": 0, "percent_statements_covered": 77.77777777777777, "percent_statements_covered_display": "78", "num_branches": 6, "num_partial_branches": 3, "covered_branches": 3, "missing_branches": 3, "percent_branches_covered": 50.0, "percent_branches_covered_display": "50"}, "missing_lines": [38, 48], "excluded_lines": [], "start_line": 35, "executed_branches": [[37, 39], [44, 45], [45, 46]], "missing_branches": [[37, 38], [44, 48], [45, 44]]}, "cmd_derive_project_slug": {"executed_lines": [], "summary": {"covered_lines": 0, "num_statements": 9, "percent_covered": 0.0, "percent_covered_display": "0", "missing_lines": 9, "excluded_lines": 0, "percent_statements_covered": 0.0, "percent_statements_covered_display": "0", "num_branches": 6, "num_partial_branches": 0, "covered_branches": 0, "missing_branches": 6, "percent_branches_covered": 0.0, "percent_branches_covered_display": "0"}, "missing_lines": [52, 53, 54, 55, 56, 57, 58, 59, 60], "excluded_lines": [], "start_line": 51, "executed_branches": [], "missing_branches": [[52, 53], [52, 55], [56, 57], [56, 59], [57, 56], [57, 58]]}, "cmd_ensure_marker_gitignore": {"executed_lines": [], "summary": {"covered_lines": 0, "num_statements": 24, "percent_covered": 0.0, "percent_covered_display": "0", "missing_lines": 24, "excluded_lines": 0, "percent_statements_covered": 0.0, "percent_statements_covered_display": "0", "num_branches": 14, "num_partial_branches": 0, "covered_branches": 0, "missing_branches": 14, "percent_branches_covered": 0.0, "percent_branches_covered_display": "0"}, "missing_lines": [64, 65, 66, 67, 68, 69, 70, 71, 72, 73, 74, 75, 76, 77, 78, 79, 80, 81, 82, 83, 84, 85, 86, 87], "excluded_lines": [], "start_line": 63, "executed_branches": [], "missing_branches": [[66, 67], [66, 71], [67, 68], [67, 69], [69, 66], [69, 70], [71, 72], [71, 74], [75, 76], [75, 77], [78, 79], [78, 83], [80, 78], [80, 81]]}, "cmd_ensure_stop_hook": {"executed_lines": [91, 92, 93, 94, 95, 96, 97, 98, 99, 100, 101, 102, 103, 104, 105, 106, 107, 108, 109, 110, 113, 116, 117, 118, 121, 122, 123, 124, 131, 132, 141, 142, 143], "summary": {"covered_lines": 33, "num_statements": 38, "percent_covered": 83.33333333333333, "percent_covered_display": "83", "missing_lines": 5, "excluded_lines": 0, "percent_statements_covered": 86.84210526315789, "percent_statements_covered_display": "87", "num_branches": 16, "num_partial_branches": 4, "covered_branches": 12, "missing_branches": 4, "percent_branches_covered": 75.0, "percent_branches_covered_display": "75"}, "missing_lines": [112, 114, 115, 119, 120], "excluded_lines": [], "start_line": 90, "executed_branches": [[95, 96], [95, 113], [97, 98], [97, 100], [100, 101], [100, 108], [103, 104], [103, 106], [106, 107], [108, 109], [113, 116], [118, 121]], "missing_branches": [[106, 95], [108, 112], [113, 114], [118, 119]]}, "cmd_stop_hook": {"executed_lines": [147, 148, 150, 151, 153, 154, 159, 163, 164, 165, 167, 169, 175, 176, 181, 182], "summary": {"covered_lines": 16, "num_statements": 22, "percent_covered": 70.58823529411765, "percent_covered_display": "71", "missing_lines": 6, "excluded_lines": 0, "percent_statements_covered": 72.72727272727273, "percent_statements_covered_display": "73", "num_branches": 12, "num_partial_branches": 4, "covered_branches": 8, "missing_branches": 4, "percent_branches_covered": 66.66666666666667, "percent_branches_covered_display": "67"}, "missing_lines": [149, 152, 155, 158, 166, 168], "excluded_lines": [], "start_line": 146, "executed_branches": [[148, 150], [151, 153], [159, 163], [159, 164], [165, 167], [167, 169], [169, 175], [169, 176]], "missing_branches": [[148, 149], [151, 152], [165, 166], [167, 168]]}, "cmd_commit_story": {"executed_lines": [], "summary": {"covered_lines": 0, "num_statements": 35, "percent_covered": 0.0, "percent_covered_display": "0", "missing_lines": 35, "excluded_lines": 0, "percent_statements_covered": 0.0, "percent_statements_covered_display": "0", "num_branches": 20, "num_partial_branches": 0, "covered_branches": 0, "missing_branches": 20, "percent_branches_covered": 0.0, "percent_branches_covered_display": "0"}, "missing_lines": [186, 187, 188, 189, 190, 191, 192, 193, 194, 195, 196, 197, 198, 199, 200, 201, 202, 203, 204, 205, 206, 207, 208, 209, 210, 211, 212, 213, 214, 215, 216, 217, 218, 219, 220], "excluded_lines": [], "start_line": 185, "executed_branches": [], "missing_branches": [[189, 190], [189, 196], [190, 191], [190, 192], [192, 193], [192, 194], [194, 189], [194, 195], [196, 197], [196, 199], [199, 200], [199, 202], [203, 204], [203, 206], [207, 208], [207, 210], [210, 211], [210, 213], [215, 216], [215, 218]]}, "cmd_list_sessions": {"executed_lines": [], "summary": {"covered_lines": 0, "num_statements": 21, "percent_covered": 0.0, "percent_covered_display": "0", "missing_lines": 21, "excluded_lines": 0, "percent_statements_covered": 0.0, "percent_statements_covered_display": "0", "num_branches": 12, "num_partial_branches": 0, "covered_branches": 0, "missing_branches": 12, "percent_branches_covered": 0.0, "percent_branches_covered_display": "0"}, "missing_lines": [224, 225, 226, 227, 228, 229, 230, 231, 232, 233, 234, 235, 236, 237, 238, 239, 240, 241, 242, 243, 244], "excluded_lines": [], "start_line": 223, "executed_branches": [], "missing_branches": [[224, 225], [224, 227], [228, 229], [228, 231], [229, 228], [229, 230], [231, 232], [231, 234], [234, 235], [234, 237], [238, 239], [238, 241]]}, "": {"executed_lines": [1, 3, 4, 5, 6, 7, 8, 10, 11, 12, 13, 20, 24, 35, 51, 63, 90, 146, 185, 223], "summary": {"covered_lines": 20, "num_statements": 20, "percent_covered": 100.0, "percent_covered_display": "100", "missing_lines": 0, "excluded_lines": 0, "percent_statements_covered": 100.0, "percent_statements_covered_display": "100", "num_branches": 0, "num_partial_branches": 0, "covered_branches": 0, "missing_branches": 0, "percent_branches_covered": 100.0, "percent_branches_covered_display": "100"}, "missing_lines": [], "excluded_lines": [], "start_line": 1, "executed_branches": [], "missing_branches": []}}, "classes": {"": {"executed_lines": [1, 3, 4, 5, 6, 7, 8, 10, 11, 12, 13, 20, 21, 24, 25, 26, 27, 30, 31, 32, 35, 36, 37, 39, 44, 45, 46, 47, 51, 63, 90, 91, 92, 93, 94, 95, 96, 97, 98, 99, 100, 101, 102, 103, 104, 105, 106, 107, 108, 109, 110, 113, 116, 117, 118, 121, 122, 123, 124, 131, 132, 141, 142, 143, 146, 147, 148, 150, 151, 153, 154, 159, 163, 164, 165, 167, 169, 175, 176, 181, 182, 185, 223], "summary": {"covered_lines": 83, "num_statements": 185, "percent_covered": 39.11439114391144, "percent_covered_display": "39", "missing_lines": 102, "excluded_lines": 0, "percent_statements_covered": 44.86486486486486, "percent_statements_covered_display": "45", "num_branches": 86, "num_partial_branches": 11, "covered_branches": 23, "missing_branches": 63, "percent_branches_covered": 26.74418604651163, "percent_branches_covered_display": "27"}, "missing_lines": [38, 48, 52, 53, 54, 55, 56, 57, 58, 59, 60, 64, 65, 66, 67, 68, 69, 70, 71, 72, 73, 74, 75, 76, 77, 78, 79, 80, 81, 82, 83, 84, 85, 86, 87, 112, 114, 115, 119, 120, 149, 152, 155, 158, 166, 168, 186, 187, 188, 189, 190, 191, 192, 193, 194, 195, 196, 197, 198, 199, 200, 201, 202, 203, 204, 205, 206, 207, 208, 209, 210, 211, 212, 213, 214, 215, 216, 217, 218, 219, 220, 224, 225, 226, 227, 228, 229, 230, 231, 232, 233, 234, 235, 236, 237, 238, 239, 240, 241, 242, 243, 244], "excluded_lines": [], "start_line": 1, "executed_branches": [[37, 39], [44, 45], [45, 46], [95, 96], [95, 113], [97, 98], [97, 100], [100, 101], [100, 108], [103, 104], [103, 106], [106, 107], [108, 109], [113, 116], [118, 121], [148, 150], [151, 153], [159, 163], [159, 164], [165, 167], [167, 169], [169, 175], [169, 176]], "missing_branches": [[37, 38], [44, 48], [45, 44], [52, 53], [52, 55], [56, 57], [56, 59], [57, 56], [57, 58], [66, 67], [66, 71], [67, 68], [67, 69], [69, 66], [69, 70], [71, 72], [71, 74], [75, 76], [75, 77], [78, 79], [78, 83], [80, 78], [80, 81], [106, 95], [108, 112], [113, 114], [118, 119], [148, 149], [151, 152], [165, 166], [167, 168], [189, 190], [189, 196], [190, 191], [190, 192], [192, 193], [192, 194], [194, 189], [194, 195], [196, 197], [196, 199], [199, 200], [199, 202], [203, 204], [203, 206], [207, 208], [207, 210], [210, 211], [210, 213], [215, 216], [215, 218], [224, 225], [224, 227], [228, 229], [228, 231], [229, 228], [229, 230], [231, 232], [231, 234], [234, 235], [234, 237], [238, 239], [238, 241]]}}}, "skills/bmad-story-automator/src/story_automator/commands/calibration_cmd.py": {"executed_lines": [12, 14, 16, 21, 22, 25, 26, 27, 28, 29, 30, 31, 32, 33, 34, 35, 38, 47, 48, 51, 52, 60, 76, 77, 78, 79, 86, 87, 88, 89], "summary": {"covered_lines": 30, "num_statements": 33, "percent_covered": 92.6829268292683, "percent_covered_display": "93", "missing_lines": 3, "excluded_lines": 0, "percent_statements_covered": 90.9090909090909, "percent_statements_covered_display": "91", "num_branches": 8, "num_partial_branches": 0, "covered_branches": 8, "missing_branches": 0, "percent_branches_covered": 100.0, "percent_branches_covered_display": "100"}, "missing_lines": [53, 58, 59], "excluded_lines": [], "executed_branches": [[28, 29], [28, 35], [30, 31], [30, 34], [78, 79], [78, 86], [86, 87], [86, 88]], "missing_branches": [], "functions": {"_flag_map": {"executed_lines": [26, 27, 28, 29, 30, 31, 32, 33, 34, 35], "summary": {"covered_lines": 10, "num_statements": 10, "percent_covered": 100.0, "percent_covered_display": "100", "missing_lines": 0, "excluded_lines": 0, "percent_statements_covered": 100.0, "percent_statements_covered_display": "100", "num_branches": 4, "num_partial_branches": 0, "covered_branches": 4, "missing_branches": 0, "percent_branches_covered": 100.0, "percent_branches_covered_display": "100"}, "missing_lines": [], "excluded_lines": [], "start_line": 25, "executed_branches": [[28, 29], [28, 35], [30, 31], [30, 34]], "missing_branches": []}, "cmd_calibration": {"executed_lines": [47, 48, 51, 52, 60, 76, 77, 78, 79, 86, 87, 88, 89], "summary": {"covered_lines": 13, "num_statements": 16, "percent_covered": 85.0, "percent_covered_display": "85", "missing_lines": 3, "excluded_lines": 0, "percent_statements_covered": 81.25, "percent_statements_covered_display": "81", "num_branches": 4, "num_partial_branches": 0, "covered_branches": 4, "missing_branches": 0, "percent_branches_covered": 100.0, "percent_branches_covered_display": "100"}, "missing_lines": [53, 58, 59], "excluded_lines": [], "start_line": 38, "executed_branches": [[78, 79], [78, 86], [86, 87], [86, 88]], "missing_branches": []}, "": {"executed_lines": [12, 14, 16, 21, 22, 25, 38], "summary": {"covered_lines": 7, "num_statements": 7, "percent_covered": 100.0, "percent_covered_display": "100", "missing_lines": 0, "excluded_lines": 0, "percent_statements_covered": 100.0, "percent_statements_covered_display": "100", "num_branches": 0, "num_partial_branches": 0, "covered_branches": 0, "missing_branches": 0, "percent_branches_covered": 100.0, "percent_branches_covered_display": "100"}, "missing_lines": [], "excluded_lines": [], "start_line": 1, "executed_branches": [], "missing_branches": []}}, "classes": {"": {"executed_lines": [12, 14, 16, 21, 22, 25, 26, 27, 28, 29, 30, 31, 32, 33, 34, 35, 38, 47, 48, 51, 52, 60, 76, 77, 78, 79, 86, 87, 88, 89], "summary": {"covered_lines": 30, "num_statements": 33, "percent_covered": 92.6829268292683, "percent_covered_display": "93", "missing_lines": 3, "excluded_lines": 0, "percent_statements_covered": 90.9090909090909, "percent_statements_covered_display": "91", "num_branches": 8, "num_partial_branches": 0, "covered_branches": 8, "missing_branches": 0, "percent_branches_covered": 100.0, "percent_branches_covered_display": "100"}, "missing_lines": [53, 58, 59], "excluded_lines": [], "start_line": 1, "executed_branches": [[28, 29], [28, 35], [30, 31], [30, 34], [78, 79], [78, 86], [86, 87], [86, 88]], "missing_branches": []}}}, "skills/bmad-story-automator/src/story_automator/commands/ceiling_check.py": {"executed_lines": [11, 13, 14, 17, 20, 21, 22, 23, 24, 25, 26, 27, 28, 30, 33, 40, 41, 42, 43, 44, 45, 46, 47, 48, 49, 50, 51, 52, 53, 54, 55, 61, 66, 67, 68, 76], "summary": {"covered_lines": 36, "num_statements": 37, "percent_covered": 95.74468085106383, "percent_covered_display": "96", "missing_lines": 1, "excluded_lines": 0, "percent_statements_covered": 97.29729729729729, "percent_statements_covered_display": "97", "num_branches": 10, "num_partial_branches": 1, "covered_branches": 9, "missing_branches": 1, "percent_branches_covered": 90.0, "percent_branches_covered_display": "90"}, "missing_lines": [29], "excluded_lines": [], "executed_branches": [[23, 24], [23, 30], [25, 26], [43, 44], [43, 46], [46, 47], [46, 49], [49, 50], [49, 52]], "missing_branches": [[25, 29]], "functions": {"_flag_map": {"executed_lines": [21, 22, 23, 24, 25, 26, 27, 28, 30], "summary": {"covered_lines": 9, "num_statements": 10, "percent_covered": 85.71428571428571, "percent_covered_display": "86", "missing_lines": 1, "excluded_lines": 0, "percent_statements_covered": 90.0, "percent_statements_covered_display": "90", "num_branches": 4, "num_partial_branches": 1, "covered_branches": 3, "missing_branches": 1, "percent_branches_covered": 75.0, "percent_branches_covered_display": "75"}, "missing_lines": [29], "excluded_lines": [], "start_line": 20, "executed_branches": [[23, 24], [23, 30], [25, 26]], "missing_branches": [[25, 29]]}, "cmd_ceiling_check": {"executed_lines": [40, 41, 42, 43, 44, 45, 46, 47, 48, 49, 50, 51, 52, 53, 54, 55, 61, 66, 67, 68, 76], "summary": {"covered_lines": 21, "num_statements": 21, "percent_covered": 100.0, "percent_covered_display": "100", "missing_lines": 0, "excluded_lines": 0, "percent_statements_covered": 100.0, "percent_statements_covered_display": "100", "num_branches": 6, "num_partial_branches": 0, "covered_branches": 6, "missing_branches": 0, "percent_branches_covered": 100.0, "percent_branches_covered_display": "100"}, "missing_lines": [], "excluded_lines": [], "start_line": 33, "executed_branches": [[43, 44], [43, 46], [46, 47], [46, 49], [49, 50], [49, 52]], "missing_branches": []}, "": {"executed_lines": [11, 13, 14, 17, 20, 33], "summary": {"covered_lines": 6, "num_statements": 6, "percent_covered": 100.0, "percent_covered_display": "100", "missing_lines": 0, "excluded_lines": 0, "percent_statements_covered": 100.0, "percent_statements_covered_display": "100", "num_branches": 0, "num_partial_branches": 0, "covered_branches": 0, "missing_branches": 0, "percent_branches_covered": 100.0, "percent_branches_covered_display": "100"}, "missing_lines": [], "excluded_lines": [], "start_line": 1, "executed_branches": [], "missing_branches": []}}, "classes": {"": {"executed_lines": [11, 13, 14, 17, 20, 21, 22, 23, 24, 25, 26, 27, 28, 30, 33, 40, 41, 42, 43, 44, 45, 46, 47, 48, 49, 50, 51, 52, 53, 54, 55, 61, 66, 67, 68, 76], "summary": {"covered_lines": 36, "num_statements": 37, "percent_covered": 95.74468085106383, "percent_covered_display": "96", "missing_lines": 1, "excluded_lines": 0, "percent_statements_covered": 97.29729729729729, "percent_statements_covered_display": "97", "num_branches": 10, "num_partial_branches": 1, "covered_branches": 9, "missing_branches": 1, "percent_branches_covered": 90.0, "percent_branches_covered_display": "90"}, "missing_lines": [29], "excluded_lines": [], "start_line": 1, "executed_branches": [[23, 24], [23, 30], [25, 26], [43, 44], [43, 46], [46, 47], [46, 49], [49, 50], [49, 52]], "missing_branches": [[25, 29]]}}}, "skills/bmad-story-automator/src/story_automator/commands/drift_cmd.py": {"executed_lines": [14, 16, 17, 18, 25, 28, 29, 30, 31, 32, 33, 34, 35, 36, 38, 41, 42, 52, 53, 61, 70, 71, 72, 73, 74, 75, 76, 77, 78, 79, 80, 81, 84, 85, 86, 87, 88, 89, 90, 91, 92], "summary": {"covered_lines": 41, "num_statements": 42, "percent_covered": 96.29629629629629, "percent_covered_display": "96", "missing_lines": 1, "excluded_lines": 0, "percent_statements_covered": 97.61904761904762, "percent_statements_covered_display": "98", "num_branches": 12, "num_partial_branches": 1, "covered_branches": 11, "missing_branches": 1, "percent_branches_covered": 91.66666666666667, "percent_branches_covered_display": "92"}, "missing_lines": [37], "excluded_lines": [], "executed_branches": [[31, 32], [31, 38], [33, 34], [74, 75], [74, 77], [77, 78], [77, 80], [80, 81], [80, 85], [88, 89], [88, 91]], "missing_branches": [[33, 37]], "functions": {"_flag_map": {"executed_lines": [29, 30, 31, 32, 33, 34, 35, 36, 38], "summary": {"covered_lines": 9, "num_statements": 10, "percent_covered": 85.71428571428571, "percent_covered_display": "86", "missing_lines": 1, "excluded_lines": 0, "percent_statements_covered": 90.0, "percent_statements_covered_display": "90", "num_branches": 4, "num_partial_branches": 1, "covered_branches": 3, "missing_branches": 1, "percent_branches_covered": 75.0, "percent_branches_covered_display": "75"}, "missing_lines": [37], "excluded_lines": [], "start_line": 28, "executed_branches": [[31, 32], [31, 38], [33, 34]], "missing_branches": [[33, 37]]}, "_entry_to_dict": {"executed_lines": [42], "summary": {"covered_lines": 1, "num_statements": 1, "percent_covered": 100.0, "percent_covered_display": "100", "missing_lines": 0, "excluded_lines": 0, "percent_statements_covered": 100.0, "percent_statements_covered_display": "100", "num_branches": 0, "num_partial_branches": 0, "covered_branches": 0, "missing_branches": 0, "percent_branches_covered": 100.0, "percent_branches_covered_display": "100"}, "missing_lines": [], "excluded_lines": [], "start_line": 41, "executed_branches": [], "missing_branches": []}, "_report_to_dict": {"executed_lines": [53], "summary": {"covered_lines": 1, "num_statements": 1, "percent_covered": 100.0, "percent_covered_display": "100", "missing_lines": 0, "excluded_lines": 0, "percent_statements_covered": 100.0, "percent_statements_covered_display": "100", "num_branches": 0, "num_partial_branches": 0, "covered_branches": 0, "missing_branches": 0, "percent_branches_covered": 100.0, "percent_branches_covered_display": "100"}, "missing_lines": [], "excluded_lines": [], "start_line": 52, "executed_branches": [], "missing_branches": []}, "cmd_drift": {"executed_lines": [70, 71, 72, 73, 74, 75, 76, 77, 78, 79, 80, 81, 84, 85, 86, 87, 88, 89, 90, 91, 92], "summary": {"covered_lines": 21, "num_statements": 21, "percent_covered": 100.0, "percent_covered_display": "100", "missing_lines": 0, "excluded_lines": 0, "percent_statements_covered": 100.0, "percent_statements_covered_display": "100", "num_branches": 8, "num_partial_branches": 0, "covered_branches": 8, "missing_branches": 0, "percent_branches_covered": 100.0, "percent_branches_covered_display": "100"}, "missing_lines": [], "excluded_lines": [], "start_line": 61, "executed_branches": [[74, 75], [74, 77], [77, 78], [77, 80], [80, 81], [80, 85], [88, 89], [88, 91]], "missing_branches": []}, "": {"executed_lines": [14, 16, 17, 18, 25, 28, 41, 52, 61], "summary": {"covered_lines": 9, "num_statements": 9, "percent_covered": 100.0, "percent_covered_display": "100", "missing_lines": 0, "excluded_lines": 0, "percent_statements_covered": 100.0, "percent_statements_covered_display": "100", "num_branches": 0, "num_partial_branches": 0, "covered_branches": 0, "missing_branches": 0, "percent_branches_covered": 100.0, "percent_branches_covered_display": "100"}, "missing_lines": [], "excluded_lines": [], "start_line": 1, "executed_branches": [], "missing_branches": []}}, "classes": {"": {"executed_lines": [14, 16, 17, 18, 25, 28, 29, 30, 31, 32, 33, 34, 35, 36, 38, 41, 42, 52, 53, 61, 70, 71, 72, 73, 74, 75, 76, 77, 78, 79, 80, 81, 84, 85, 86, 87, 88, 89, 90, 91, 92], "summary": {"covered_lines": 41, "num_statements": 42, "percent_covered": 96.29629629629629, "percent_covered_display": "96", "missing_lines": 1, "excluded_lines": 0, "percent_statements_covered": 97.61904761904762, "percent_statements_covered_display": "98", "num_branches": 12, "num_partial_branches": 1, "covered_branches": 11, "missing_branches": 1, "percent_branches_covered": 91.66666666666667, "percent_branches_covered_display": "92"}, "missing_lines": [37], "excluded_lines": [], "start_line": 1, "executed_branches": [[31, 32], [31, 38], [33, 34], [74, 75], [74, 77], [77, 78], [77, 80], [80, 81], [80, 85], [88, 89], [88, 91]], "missing_branches": [[33, 37]]}}}, "skills/bmad-story-automator/src/story_automator/commands/orchestrator.py": {"executed_lines": [1, 3, 4, 5, 6, 8, 9, 15, 22, 23, 27, 31, 32, 33, 43, 51, 52, 56, 63, 64, 65, 66, 67, 70, 73, 74, 77, 86, 87, 88, 89, 92, 93, 95, 97, 98, 120, 121, 123, 126, 171, 172, 178, 179, 180, 181, 187, 205, 206, 208, 209, 215, 239, 240, 241, 249, 250, 251, 252, 263, 271, 272, 278, 279, 280, 281, 287, 288, 289, 298, 299, 300, 301, 302, 303, 312, 313, 314, 315, 316, 317, 318, 325, 326, 327, 337, 338, 349, 350, 351, 352, 353, 354, 355, 356, 357, 358, 359, 367, 368, 369, 372, 373, 379, 380, 381, 382, 383, 384, 385, 386, 387, 388, 389, 390, 398, 415, 434, 452, 453, 456, 457, 463, 477, 478, 479, 480, 483, 484, 487, 488, 489, 490, 491, 492, 493, 494, 497, 500, 501, 502, 507, 508, 509, 510, 511, 513, 520, 525, 526, 527, 528, 529, 530, 531, 540, 541, 544, 545, 546, 547, 548, 549, 550, 551, 552, 553, 554, 556, 559, 560, 561, 562, 563, 566, 567, 569, 570, 571, 572, 573, 578, 579, 580, 581, 582, 583, 584, 585, 586, 587, 599, 621, 622, 632, 633, 636, 637, 640, 641, 642, 643, 644, 645, 646, 647, 648, 649, 650, 651, 664, 672, 688, 689, 692, 693, 695, 696, 697, 698, 699, 716, 717, 720, 721, 722, 731, 734, 735, 736, 737, 742, 751, 754, 755, 758, 759, 760, 761, 762, 763, 764, 768, 769, 777, 778, 781, 782, 783, 794, 795, 798, 799, 802, 803, 804, 805, 806, 807, 808, 809, 810, 811, 816, 817, 818, 821, 822, 824, 827, 828, 830, 837, 838, 839, 846, 847, 848, 851, 852, 853, 856, 857, 858, 861, 867, 868, 871, 872, 877, 878], "summary": {"covered_lines": 291, "num_statements": 450, "percent_covered": 61.67763157894737, "percent_covered_display": "62", "missing_lines": 159, "excluded_lines": 0, "percent_statements_covered": 64.66666666666667, "percent_statements_covered_display": "65", "num_branches": 158, "num_partial_branches": 36, "covered_branches": 84, "missing_branches": 74, "percent_branches_covered": 53.164556962025316, "percent_branches_covered_display": "53"}, "missing_lines": [94, 96, 122, 127, 128, 129, 130, 131, 132, 133, 134, 135, 136, 139, 140, 141, 142, 143, 144, 145, 146, 147, 148, 149, 150, 151, 155, 156, 157, 158, 159, 163, 167, 168, 173, 177, 182, 186, 188, 189, 192, 193, 194, 195, 196, 204, 207, 210, 214, 216, 217, 226, 227, 238, 262, 264, 268, 273, 277, 305, 360, 361, 364, 370, 371, 374, 375, 391, 395, 399, 400, 401, 402, 403, 404, 411, 412, 416, 417, 418, 419, 420, 421, 422, 423, 424, 425, 426, 427, 428, 429, 430, 431, 435, 436, 437, 438, 439, 440, 441, 442, 443, 444, 445, 446, 447, 448, 449, 454, 455, 485, 486, 512, 514, 515, 555, 604, 605, 606, 607, 608, 615, 617, 638, 639, 673, 676, 677, 685, 690, 691, 694, 700, 701, 702, 703, 704, 705, 706, 707, 708, 710, 713, 718, 719, 723, 730, 738, 741, 756, 757, 765, 766, 767, 800, 801, 820, 823, 829], "excluded_lines": [], "executed_branches": [[93, 95], [95, 97], [121, 123], [172, 178], [180, 181], [180, 205], [181, 187], [205, 206], [205, 208], [208, 209], [209, 215], [240, 241], [240, 249], [249, 250], [249, 251], [251, 252], [272, 278], [280, 281], [280, 288], [288, 289], [288, 351], [299, 300], [299, 312], [301, 302], [312, 313], [312, 326], [317, 318], [317, 326], [351, 352], [351, 356], [352, 353], [356, 357], [356, 372], [357, 358], [372, 373], [373, 379], [384, 385], [384, 387], [453, 456], [477, 478], [477, 479], [484, 487], [491, 492], [491, 513], [492, 493], [494, 497], [494, 501], [507, 508], [513, 520], [525, 526], [525, 540], [550, 551], [550, 561], [551, 552], [569, 570], [569, 579], [572, 573], [572, 578], [579, 580], [582, 583], [621, 622], [621, 632], [637, 640], [646, 647], [648, 649], [689, 692], [693, 695], [717, 720], [722, 731], [737, 742], [755, 758], [762, 763], [762, 778], [763, 764], [799, 802], [808, 809], [808, 824], [810, 811], [811, 816], [811, 817], [817, 818], [828, 830], [872, 877], [872, 878]], "missing_branches": [[93, 94], [95, 96], [121, 122], [172, 173], [181, 182], [188, 189], [188, 193], [193, 194], [193, 196], [208, 264], [209, 210], [216, 217], [216, 227], [251, 262], [272, 273], [301, 305], [352, 354], [357, 370], [372, 391], [373, 374], [399, 400], [399, 402], [403, 404], [403, 411], [416, 417], [416, 419], [421, 422], [421, 426], [423, 424], [423, 425], [426, 427], [426, 429], [435, 436], [435, 438], [439, 440], [439, 444], [441, 442], [441, 443], [444, 445], [444, 447], [453, 454], [484, 485], [492, 512], [507, 510], [513, 514], [551, 555], [579, 605], [582, 604], [605, 606], [605, 617], [607, 608], [607, 615], [637, 638], [646, 677], [648, 673], [689, 690], [693, 694], [700, 701], [700, 703], [703, 704], [703, 705], [705, 706], [705, 707], [707, 708], [707, 710], [717, 718], [722, 723], [737, 738], [755, 756], [763, 767], [799, 800], [810, 823], [817, 820], [828, 829]], "functions": {"_telemetry_emitter": {"executed_lines": [74], "summary": {"covered_lines": 1, "num_statements": 1, "percent_covered": 100.0, "percent_covered_display": "100", "missing_lines": 0, "excluded_lines": 0, "percent_statements_covered": 100.0, "percent_statements_covered_display": "100", "num_branches": 0, "num_partial_branches": 0, "covered_branches": 0, "missing_branches": 0, "percent_branches_covered": 100.0, "percent_branches_covered_display": "100"}, "missing_lines": [], "excluded_lines": [], "start_line": 73, "executed_branches": [], "missing_branches": []}, "_emit_safe": {"executed_lines": [86, 87, 88, 89], "summary": {"covered_lines": 4, "num_statements": 4, "percent_covered": 100.0, "percent_covered_display": "100", "missing_lines": 0, "excluded_lines": 0, "percent_statements_covered": 100.0, "percent_statements_covered_display": "100", "num_branches": 0, "num_partial_branches": 0, "covered_branches": 0, "missing_branches": 0, "percent_branches_covered": 100.0, "percent_branches_covered_display": "100"}, "missing_lines": [], "excluded_lines": [], "start_line": 77, "executed_branches": [], "missing_branches": []}, "cmd_orchestrator_helper": {"executed_lines": [93, 95, 97, 98, 120, 121, 123], "summary": {"covered_lines": 7, "num_statements": 10, "percent_covered": 62.5, "percent_covered_display": "62", "missing_lines": 3, "excluded_lines": 0, "percent_statements_covered": 70.0, "percent_statements_covered_display": "70", "num_branches": 6, "num_partial_branches": 3, "covered_branches": 3, "missing_branches": 3, "percent_branches_covered": 50.0, "percent_branches_covered_display": "50"}, "missing_lines": [94, 96, 122], "excluded_lines": [], "start_line": 92, "executed_branches": [[93, 95], [95, 97], [121, 123]], "missing_branches": [[93, 94], [95, 96], [121, 122]]}, "_usage": {"executed_lines": [], "summary": {"covered_lines": 0, "num_statements": 31, "percent_covered": 0.0, "percent_covered_display": "0", "missing_lines": 31, "excluded_lines": 0, "percent_statements_covered": 0.0, "percent_statements_covered_display": "0", "num_branches": 0, "num_partial_branches": 0, "covered_branches": 0, "missing_branches": 0, "percent_branches_covered": 100.0, "percent_branches_covered_display": "100"}, "missing_lines": [127, 128, 129, 130, 131, 132, 133, 134, 135, 136, 139, 140, 141, 142, 143, 144, 145, 146, 147, 148, 149, 150, 151, 155, 156, 157, 158, 159, 163, 167, 168], "excluded_lines": [], "start_line": 126, "executed_branches": [], "missing_branches": []}, "_sprint_status": {"executed_lines": [172, 178, 179, 180, 181, 187, 205, 206, 208, 209, 215, 239, 240, 241, 249, 250, 251, 252, 263], "summary": {"covered_lines": 19, "num_statements": 42, "percent_covered": 48.484848484848484, "percent_covered_display": "48", "missing_lines": 23, "excluded_lines": 0, "percent_statements_covered": 45.23809523809524, "percent_statements_covered_display": "45", "num_branches": 24, "num_partial_branches": 5, "covered_branches": 13, "missing_branches": 11, "percent_branches_covered": 54.166666666666664, "percent_branches_covered_display": "54"}, "missing_lines": [173, 177, 182, 186, 188, 189, 192, 193, 194, 195, 196, 204, 207, 210, 214, 216, 217, 226, 227, 238, 262, 264, 268], "excluded_lines": [], "start_line": 171, "executed_branches": [[172, 178], [180, 181], [180, 205], [181, 187], [205, 206], [205, 208], [208, 209], [209, 215], [240, 241], [240, 249], [249, 250], [249, 251], [251, 252]], "missing_branches": [[172, 173], [181, 182], [188, 189], [188, 193], [193, 194], [193, 196], [208, 264], [209, 210], [216, 217], [216, 227], [251, 262]]}, "_marker": {"executed_lines": [272, 278, 279, 280, 281, 287, 288, 289, 298, 299, 300, 301, 302, 303, 312, 313, 314, 315, 316, 317, 318, 325, 326, 327, 337, 338, 349, 350, 351, 352, 353, 354, 355, 356, 357, 358, 359, 367, 368, 369, 372, 373, 379, 380, 381, 382, 383, 384, 385, 386, 387, 388, 389, 390], "summary": {"covered_lines": 54, "num_statements": 66, "percent_covered": 80.85106382978724, "percent_covered_display": "81", "missing_lines": 12, "excluded_lines": 0, "percent_statements_covered": 81.81818181818181, "percent_statements_covered_display": "82", "num_branches": 28, "num_partial_branches": 6, "covered_branches": 22, "missing_branches": 6, "percent_branches_covered": 78.57142857142857, "percent_branches_covered_display": "79"}, "missing_lines": [273, 277, 305, 360, 361, 364, 370, 371, 374, 375, 391, 395], "excluded_lines": [], "start_line": 271, "executed_branches": [[272, 278], [280, 281], [280, 288], [288, 289], [288, 351], [299, 300], [299, 312], [301, 302], [312, 313], [312, 326], [317, 318], [317, 326], [351, 352], [351, 356], [352, 353], [356, 357], [356, 372], [357, 358], [372, 373], [373, 379], [384, 385], [384, 387]], "missing_branches": [[272, 273], [301, 305], [352, 354], [357, 370], [372, 391], [373, 374]]}, "_state_list": {"executed_lines": [], "summary": {"covered_lines": 0, "num_statements": 8, "percent_covered": 0.0, "percent_covered_display": "0", "missing_lines": 8, "excluded_lines": 0, "percent_statements_covered": 0.0, "percent_statements_covered_display": "0", "num_branches": 4, "num_partial_branches": 0, "covered_branches": 0, "missing_branches": 4, "percent_branches_covered": 0.0, "percent_branches_covered_display": "0"}, "missing_lines": [399, 400, 401, 402, 403, 404, 411, 412], "excluded_lines": [], "start_line": 398, "executed_branches": [], "missing_branches": [[399, 400], [399, 402], [403, 404], [403, 411]]}, "_state_latest": {"executed_lines": [], "summary": {"covered_lines": 0, "num_statements": 16, "percent_covered": 0.0, "percent_covered_display": "0", "missing_lines": 16, "excluded_lines": 0, "percent_statements_covered": 0.0, "percent_statements_covered_display": "0", "num_branches": 8, "num_partial_branches": 0, "covered_branches": 0, "missing_branches": 8, "percent_branches_covered": 0.0, "percent_branches_covered_display": "0"}, "missing_lines": [416, 417, 418, 419, 420, 421, 422, 423, 424, 425, 426, 427, 428, 429, 430, 431], "excluded_lines": [], "start_line": 415, "executed_branches": [], "missing_branches": [[416, 417], [416, 419], [421, 422], [421, 426], [423, 424], [423, 425], [426, 427], [426, 429]]}, "_state_latest_incomplete": {"executed_lines": [], "summary": {"covered_lines": 0, "num_statements": 15, "percent_covered": 0.0, "percent_covered_display": "0", "missing_lines": 15, "excluded_lines": 0, "percent_statements_covered": 0.0, "percent_statements_covered_display": "0", "num_branches": 8, "num_partial_branches": 0, "covered_branches": 0, "missing_branches": 8, "percent_branches_covered": 0.0, "percent_branches_covered_display": "0"}, "missing_lines": [435, 436, 437, 438, 439, 440, 441, 442, 443, 444, 445, 446, 447, 448, 449], "excluded_lines": [], "start_line": 434, "executed_branches": [], "missing_branches": [[435, 436], [435, 438], [439, 440], [439, 444], [441, 442], [441, 443], [444, 445], [444, 447]]}, "_state_summary": {"executed_lines": [453, 456, 457, 463, 477, 478, 479, 480], "summary": {"covered_lines": 8, "num_statements": 10, "percent_covered": 78.57142857142857, "percent_covered_display": "79", "missing_lines": 2, "excluded_lines": 0, "percent_statements_covered": 80.0, "percent_statements_covered_display": "80", "num_branches": 4, "num_partial_branches": 1, "covered_branches": 3, "missing_branches": 1, "percent_branches_covered": 75.0, "percent_branches_covered_display": "75"}, "missing_lines": [454, 455], "excluded_lines": [], "start_line": 452, "executed_branches": [[453, 456], [477, 478], [477, 479]], "missing_branches": [[453, 454]]}, "_state_update": {"executed_lines": [484, 487, 488, 489, 490, 491, 492, 493, 494, 497, 500, 501, 502, 507, 508, 509, 510, 511, 513, 520, 525, 526, 527, 528, 529, 530, 531, 540, 541], "summary": {"covered_lines": 29, "num_statements": 34, "percent_covered": 81.25, "percent_covered_display": "81", "missing_lines": 5, "excluded_lines": 0, "percent_statements_covered": 85.29411764705883, "percent_statements_covered_display": "85", "num_branches": 14, "num_partial_branches": 4, "covered_branches": 10, "missing_branches": 4, "percent_branches_covered": 71.42857142857143, "percent_branches_covered_display": "71"}, "missing_lines": [485, 486, 512, 514, 515], "excluded_lines": [], "start_line": 483, "executed_branches": [[484, 487], [491, 492], [491, 513], [492, 493], [494, 497], [494, 501], [507, 508], [513, 520], [525, 526], [525, 540]], "missing_branches": [[484, 485], [492, 512], [507, 510], [513, 514]]}, "_escalate": {"executed_lines": [545, 546, 547, 548, 549, 550, 551, 552, 553, 554, 556, 559, 560, 561, 562, 563, 566, 567, 569, 570, 571, 572, 573, 578, 579, 580, 581, 582, 583, 584, 585, 586, 587, 599, 621, 622, 632, 633], "summary": {"covered_lines": 38, "num_statements": 46, "percent_covered": 76.5625, "percent_covered_display": "77", "missing_lines": 8, "excluded_lines": 0, "percent_statements_covered": 82.6086956521739, "percent_statements_covered_display": "83", "num_branches": 18, "num_partial_branches": 3, "covered_branches": 11, "missing_branches": 7, "percent_branches_covered": 61.111111111111114, "percent_branches_covered_display": "61"}, "missing_lines": [555, 604, 605, 606, 607, 608, 615, 617], "excluded_lines": [], "start_line": 544, "executed_branches": [[550, 551], [550, 561], [551, 552], [569, 570], [569, 579], [572, 573], [572, 578], [579, 580], [582, 583], [621, 622], [621, 632]], "missing_branches": [[551, 555], [579, 605], [582, 604], [605, 606], [605, 617], [607, 608], [607, 615]]}, "_commit_ready": {"executed_lines": [637, 640, 641, 642, 643, 644, 645, 646, 647, 648, 649, 650, 651, 664, 672], "summary": {"covered_lines": 15, "num_statements": 21, "percent_covered": 66.66666666666667, "percent_covered_display": "67", "missing_lines": 6, "excluded_lines": 0, "percent_statements_covered": 71.42857142857143, "percent_statements_covered_display": "71", "num_branches": 6, "num_partial_branches": 3, "covered_branches": 3, "missing_branches": 3, "percent_branches_covered": 50.0, "percent_branches_covered_display": "50"}, "missing_lines": [638, 639, 673, 676, 677, 685], "excluded_lines": [], "start_line": 636, "executed_branches": [[637, 640], [646, 647], [648, 649]], "missing_branches": [[637, 638], [646, 677], [648, 673]]}, "_normalize_key": {"executed_lines": [689, 692, 693, 695, 696, 697, 698, 699], "summary": {"covered_lines": 8, "num_statements": 22, "percent_covered": 29.41176470588235, "percent_covered_display": "29", "missing_lines": 14, "excluded_lines": 0, "percent_statements_covered": 36.36363636363637, "percent_statements_covered_display": "36", "num_branches": 12, "num_partial_branches": 2, "covered_branches": 2, "missing_branches": 10, "percent_branches_covered": 16.666666666666668, "percent_branches_covered_display": "17"}, "missing_lines": [690, 691, 694, 700, 701, 702, 703, 704, 705, 706, 707, 708, 710, 713], "excluded_lines": [], "start_line": 688, "executed_branches": [[689, 692], [693, 695]], "missing_branches": [[689, 690], [693, 694], [700, 701], [700, 703], [703, 704], [703, 705], [705, 706], [705, 707], [707, 708], [707, 710]]}, "_story_file_status": {"executed_lines": [717, 720, 721, 722, 731, 734, 735, 736, 737, 742, 751], "summary": {"covered_lines": 11, "num_statements": 17, "percent_covered": 60.869565217391305, "percent_covered_display": "61", "missing_lines": 6, "excluded_lines": 0, "percent_statements_covered": 64.70588235294117, "percent_statements_covered_display": "65", "num_branches": 6, "num_partial_branches": 3, "covered_branches": 3, "missing_branches": 3, "percent_branches_covered": 50.0, "percent_branches_covered_display": "50"}, "missing_lines": [718, 719, 723, 730, 738, 741], "excluded_lines": [], "start_line": 716, "executed_branches": [[717, 720], [722, 731], [737, 742]], "missing_branches": [[717, 718], [722, 723], [737, 738]]}, "_verify_code_review": {"executed_lines": [755, 758, 759, 760, 761, 762, 763, 764, 768, 769, 777, 778, 781, 782, 783, 794, 795], "summary": {"covered_lines": 17, "num_statements": 22, "percent_covered": 75.0, "percent_covered_display": "75", "missing_lines": 5, "excluded_lines": 0, "percent_statements_covered": 77.27272727272727, "percent_statements_covered_display": "77", "num_branches": 6, "num_partial_branches": 2, "covered_branches": 4, "missing_branches": 2, "percent_branches_covered": 66.66666666666667, "percent_branches_covered_display": "67"}, "missing_lines": [756, 757, 765, 766, 767], "excluded_lines": [], "start_line": 754, "executed_branches": [[755, 758], [762, 763], [762, 778], [763, 764]], "missing_branches": [[755, 756], [763, 767]]}, "_verify_step": {"executed_lines": [799, 802, 803, 804, 805, 806, 807, 808, 809, 810, 811, 816, 817, 818, 821, 822, 824, 827, 828, 830, 837, 838, 839, 846, 847, 848], "summary": {"covered_lines": 26, "num_statements": 31, "percent_covered": 79.06976744186046, "percent_covered_display": "79", "missing_lines": 5, "excluded_lines": 0, "percent_statements_covered": 83.87096774193549, "percent_statements_covered_display": "84", "num_branches": 12, "num_partial_branches": 4, "covered_branches": 8, "missing_branches": 4, "percent_branches_covered": 66.66666666666667, "percent_branches_covered_display": "67"}, "missing_lines": [800, 801, 820, 823, 829], "excluded_lines": [], "start_line": 798, "executed_branches": [[799, 802], [808, 809], [808, 824], [810, 811], [811, 816], [811, 817], [817, 818], [828, 830]], "missing_branches": [[799, 800], [810, 823], [817, 820], [828, 829]]}, "_parse_context_int": {"executed_lines": [852, 853], "summary": {"covered_lines": 2, "num_statements": 2, "percent_covered": 100.0, "percent_covered_display": "100", "missing_lines": 0, "excluded_lines": 0, "percent_statements_covered": 100.0, "percent_statements_covered_display": "100", "num_branches": 0, "num_partial_branches": 0, "covered_branches": 0, "missing_branches": 0, "percent_branches_covered": 100.0, "percent_branches_covered_display": "100"}, "missing_lines": [], "excluded_lines": [], "start_line": 851, "executed_branches": [], "missing_branches": []}, "_parse_context_str": {"executed_lines": [857, 858], "summary": {"covered_lines": 2, "num_statements": 2, "percent_covered": 100.0, "percent_covered_display": "100", "missing_lines": 0, "excluded_lines": 0, "percent_statements_covered": 100.0, "percent_statements_covered_display": "100", "num_branches": 0, "num_partial_branches": 0, "covered_branches": 0, "missing_branches": 0, "percent_branches_covered": 100.0, "percent_branches_covered_display": "100"}, "missing_lines": [], "excluded_lines": [], "start_line": 856, "executed_branches": [], "missing_branches": []}, "_escalate_correlation_id": {"executed_lines": [867, 868], "summary": {"covered_lines": 2, "num_statements": 2, "percent_covered": 100.0, "percent_covered_display": "100", "missing_lines": 0, "excluded_lines": 0, "percent_statements_covered": 100.0, "percent_statements_covered_display": "100", "num_branches": 0, "num_partial_branches": 0, "covered_branches": 0, "missing_branches": 0, "percent_branches_covered": 100.0, "percent_branches_covered_display": "100"}, "missing_lines": [], "excluded_lines": [], "start_line": 861, "executed_branches": [], "missing_branches": []}, "_flag_value": {"executed_lines": [872, 877, 878], "summary": {"covered_lines": 3, "num_statements": 3, "percent_covered": 100.0, "percent_covered_display": "100", "missing_lines": 0, "excluded_lines": 0, "percent_statements_covered": 100.0, "percent_statements_covered_display": "100", "num_branches": 2, "num_partial_branches": 0, "covered_branches": 2, "missing_branches": 0, "percent_branches_covered": 100.0, "percent_branches_covered_display": "100"}, "missing_lines": [], "excluded_lines": [], "start_line": 871, "executed_branches": [[872, 877], [872, 878]], "missing_branches": []}, "": {"executed_lines": [1, 3, 4, 5, 6, 8, 9, 15, 22, 23, 27, 31, 32, 33, 43, 51, 52, 56, 63, 64, 65, 66, 67, 70, 73, 77, 92, 126, 171, 271, 398, 415, 434, 452, 483, 544, 636, 688, 716, 754, 798, 851, 856, 861, 871], "summary": {"covered_lines": 45, "num_statements": 45, "percent_covered": 100.0, "percent_covered_display": "100", "missing_lines": 0, "excluded_lines": 0, "percent_statements_covered": 100.0, "percent_statements_covered_display": "100", "num_branches": 0, "num_partial_branches": 0, "covered_branches": 0, "missing_branches": 0, "percent_branches_covered": 100.0, "percent_branches_covered_display": "100"}, "missing_lines": [], "excluded_lines": [], "start_line": 1, "executed_branches": [], "missing_branches": []}}, "classes": {"": {"executed_lines": [1, 3, 4, 5, 6, 8, 9, 15, 22, 23, 27, 31, 32, 33, 43, 51, 52, 56, 63, 64, 65, 66, 67, 70, 73, 74, 77, 86, 87, 88, 89, 92, 93, 95, 97, 98, 120, 121, 123, 126, 171, 172, 178, 179, 180, 181, 187, 205, 206, 208, 209, 215, 239, 240, 241, 249, 250, 251, 252, 263, 271, 272, 278, 279, 280, 281, 287, 288, 289, 298, 299, 300, 301, 302, 303, 312, 313, 314, 315, 316, 317, 318, 325, 326, 327, 337, 338, 349, 350, 351, 352, 353, 354, 355, 356, 357, 358, 359, 367, 368, 369, 372, 373, 379, 380, 381, 382, 383, 384, 385, 386, 387, 388, 389, 390, 398, 415, 434, 452, 453, 456, 457, 463, 477, 478, 479, 480, 483, 484, 487, 488, 489, 490, 491, 492, 493, 494, 497, 500, 501, 502, 507, 508, 509, 510, 511, 513, 520, 525, 526, 527, 528, 529, 530, 531, 540, 541, 544, 545, 546, 547, 548, 549, 550, 551, 552, 553, 554, 556, 559, 560, 561, 562, 563, 566, 567, 569, 570, 571, 572, 573, 578, 579, 580, 581, 582, 583, 584, 585, 586, 587, 599, 621, 622, 632, 633, 636, 637, 640, 641, 642, 643, 644, 645, 646, 647, 648, 649, 650, 651, 664, 672, 688, 689, 692, 693, 695, 696, 697, 698, 699, 716, 717, 720, 721, 722, 731, 734, 735, 736, 737, 742, 751, 754, 755, 758, 759, 760, 761, 762, 763, 764, 768, 769, 777, 778, 781, 782, 783, 794, 795, 798, 799, 802, 803, 804, 805, 806, 807, 808, 809, 810, 811, 816, 817, 818, 821, 822, 824, 827, 828, 830, 837, 838, 839, 846, 847, 848, 851, 852, 853, 856, 857, 858, 861, 867, 868, 871, 872, 877, 878], "summary": {"covered_lines": 291, "num_statements": 450, "percent_covered": 61.67763157894737, "percent_covered_display": "62", "missing_lines": 159, "excluded_lines": 0, "percent_statements_covered": 64.66666666666667, "percent_statements_covered_display": "65", "num_branches": 158, "num_partial_branches": 36, "covered_branches": 84, "missing_branches": 74, "percent_branches_covered": 53.164556962025316, "percent_branches_covered_display": "53"}, "missing_lines": [94, 96, 122, 127, 128, 129, 130, 131, 132, 133, 134, 135, 136, 139, 140, 141, 142, 143, 144, 145, 146, 147, 148, 149, 150, 151, 155, 156, 157, 158, 159, 163, 167, 168, 173, 177, 182, 186, 188, 189, 192, 193, 194, 195, 196, 204, 207, 210, 214, 216, 217, 226, 227, 238, 262, 264, 268, 273, 277, 305, 360, 361, 364, 370, 371, 374, 375, 391, 395, 399, 400, 401, 402, 403, 404, 411, 412, 416, 417, 418, 419, 420, 421, 422, 423, 424, 425, 426, 427, 428, 429, 430, 431, 435, 436, 437, 438, 439, 440, 441, 442, 443, 444, 445, 446, 447, 448, 449, 454, 455, 485, 486, 512, 514, 515, 555, 604, 605, 606, 607, 608, 615, 617, 638, 639, 673, 676, 677, 685, 690, 691, 694, 700, 701, 702, 703, 704, 705, 706, 707, 708, 710, 713, 718, 719, 723, 730, 738, 741, 756, 757, 765, 766, 767, 800, 801, 820, 823, 829], "excluded_lines": [], "start_line": 1, "executed_branches": [[93, 95], [95, 97], [121, 123], [172, 178], [180, 181], [180, 205], [181, 187], [205, 206], [205, 208], [208, 209], [209, 215], [240, 241], [240, 249], [249, 250], [249, 251], [251, 252], [272, 278], [280, 281], [280, 288], [288, 289], [288, 351], [299, 300], [299, 312], [301, 302], [312, 313], [312, 326], [317, 318], [317, 326], [351, 352], [351, 356], [352, 353], [356, 357], [356, 372], [357, 358], [372, 373], [373, 379], [384, 385], [384, 387], [453, 456], [477, 478], [477, 479], [484, 487], [491, 492], [491, 513], [492, 493], [494, 497], [494, 501], [507, 508], [513, 520], [525, 526], [525, 540], [550, 551], [550, 561], [551, 552], [569, 570], [569, 579], [572, 573], [572, 578], [579, 580], [582, 583], [621, 622], [621, 632], [637, 640], [646, 647], [648, 649], [689, 692], [693, 695], [717, 720], [722, 731], [737, 742], [755, 758], [762, 763], [762, 778], [763, 764], [799, 802], [808, 809], [808, 824], [810, 811], [811, 816], [811, 817], [817, 818], [828, 830], [872, 877], [872, 878]], "missing_branches": [[93, 94], [95, 96], [121, 122], [172, 173], [181, 182], [188, 189], [188, 193], [193, 194], [193, 196], [208, 264], [209, 210], [216, 217], [216, 227], [251, 262], [272, 273], [301, 305], [352, 354], [357, 370], [372, 391], [373, 374], [399, 400], [399, 402], [403, 404], [403, 411], [416, 417], [416, 419], [421, 422], [421, 426], [423, 424], [423, 425], [426, 427], [426, 429], [435, 436], [435, 438], [439, 440], [439, 444], [441, 442], [441, 443], [444, 445], [444, 447], [453, 454], [484, 485], [492, 512], [507, 510], [513, 514], [551, 555], [579, 605], [582, 604], [605, 606], [605, 617], [607, 608], [607, 615], [637, 638], [646, 677], [648, 673], [689, 690], [693, 694], [700, 701], [700, 703], [703, 704], [703, 705], [705, 706], [705, 707], [707, 708], [707, 710], [717, 718], [722, 723], [737, 738], [755, 756], [763, 767], [799, 800], [810, 823], [817, 820], [828, 829]]}}}, "skills/bmad-story-automator/src/story_automator/commands/orchestrator_epic_agents.py": {"executed_lines": [1, 3, 4, 5, 7, 8, 13, 14, 15, 20, 21, 31, 35, 41, 42, 45, 46, 49, 50, 51, 54, 55, 56, 57, 58, 59, 60, 61, 62, 67, 68, 69, 78, 79, 80, 81, 82, 87, 89, 90, 91, 92, 96, 97, 108, 120, 121, 131, 134, 135, 136, 139, 140, 141, 142, 143, 144, 145, 146, 147, 154, 155, 156, 165, 166, 167, 178, 179, 180, 181, 185, 186, 195, 196, 197, 198, 199, 207, 210, 211, 212, 215, 216, 217, 222, 223, 224, 225, 236, 237, 238, 239, 240, 241, 242, 243, 248, 249, 252, 253, 254, 255, 266, 280, 281, 292, 293, 294, 304, 307, 373, 374, 382, 383, 384, 385, 386, 387, 390, 397, 400, 403, 404, 405, 406, 407, 408, 410, 411, 414, 415, 416, 417, 418, 419, 420, 425, 437, 448, 453, 454, 455, 456, 457, 458, 459, 460, 463, 466, 469, 470, 471, 484, 485, 488, 489, 490, 491, 502, 511, 514, 515, 516, 517, 518, 521, 522, 523, 524, 525, 526, 529, 530, 531, 532, 533, 534, 535, 538, 539, 542, 543, 544, 545, 546, 547, 548, 549, 550, 551, 552, 553, 554, 555, 556, 557, 560, 561, 562, 563, 564, 567, 568, 573, 574, 575, 576, 580, 581, 582, 583, 584, 585, 586, 590, 593, 594, 595, 596, 597, 598, 599, 600, 601, 602, 603, 604, 607, 608, 609, 610, 613, 616, 617, 621, 622, 623, 624, 625, 626, 627, 630, 631, 634, 635, 636, 637, 638, 639, 640, 641, 642, 643, 644, 649, 650, 651, 654, 655, 666, 667, 668, 669, 670, 671, 672, 673, 674, 675, 683, 684, 685, 686, 688, 689, 690, 691, 692, 693, 698, 700, 705, 708, 709, 710, 711, 712, 715, 716, 717, 718, 719, 720, 723, 724, 725, 728, 729, 730, 731, 732, 733, 735, 736, 737, 738, 739, 741, 742, 744, 745, 746, 748, 749, 750, 751, 752, 753, 754, 755, 756, 757, 758, 759, 760, 761, 762, 763, 764, 765, 766, 767, 768, 769, 771, 772, 773, 774, 775, 776, 778, 779, 780, 781, 782, 783, 784, 786, 787, 788, 789, 790, 791, 793, 794, 795, 796, 797, 798, 799, 800, 802, 808, 809, 810, 811, 812, 813, 814, 816, 823, 824, 825, 826, 827, 828, 829, 830, 832, 836, 837, 838, 839, 842, 843, 844, 845, 846, 847, 849], "summary": {"covered_lines": 390, "num_statements": 456, "percent_covered": 82.44047619047619, "percent_covered_display": "82", "missing_lines": 66, "excluded_lines": 0, "percent_statements_covered": 85.52631578947368, "percent_statements_covered_display": "86", "num_branches": 216, "num_partial_branches": 40, "covered_branches": 164, "missing_branches": 52, "percent_branches_covered": 75.92592592592592, "percent_branches_covered_display": "76"}, "missing_lines": [52, 53, 109, 119, 137, 138, 168, 177, 213, 214, 218, 221, 308, 309, 310, 311, 312, 313, 314, 316, 317, 322, 330, 331, 332, 333, 334, 335, 336, 339, 340, 341, 342, 346, 347, 348, 349, 357, 365, 366, 367, 368, 369, 370, 389, 395, 396, 401, 402, 409, 412, 413, 449, 450, 462, 464, 465, 467, 468, 577, 587, 652, 687, 699, 726, 848], "excluded_lines": [], "executed_branches": [[51, 54], [58, 59], [58, 61], [59, 58], [59, 60], [68, 69], [68, 79], [80, 81], [80, 89], [91, 92], [136, 139], [142, 143], [142, 145], [143, 142], [143, 144], [145, 146], [145, 166], [154, 155], [154, 166], [167, 178], [179, 180], [179, 196], [185, 186], [212, 215], [217, 222], [224, 225], [224, 237], [239, 240], [239, 254], [241, 242], [241, 249], [249, 239], [249, 252], [252, 239], [252, 253], [254, 255], [254, 281], [383, 384], [383, 390], [385, 386], [390, 397], [400, 403], [407, 408], [408, 410], [411, 414], [418, 419], [418, 437], [456, 457], [456, 463], [458, 459], [463, 466], [466, 469], [516, 517], [516, 526], [518, 521], [518, 522], [523, 516], [523, 524], [524, 523], [524, 525], [531, 532], [531, 535], [533, 531], [533, 534], [547, 548], [547, 557], [549, 550], [549, 551], [553, 554], [553, 555], [562, 563], [562, 564], [573, 574], [575, 576], [583, 584], [584, 585], [584, 586], [595, 596], [595, 604], [598, 599], [598, 600], [602, 603], [608, 609], [608, 610], [617, 621], [617, 627], [623, 617], [623, 624], [624, 625], [624, 626], [637, 638], [637, 639], [640, 641], [640, 642], [643, 644], [643, 649], [649, 650], [649, 651], [651, 654], [670, 671], [670, 6
[...]
sing_branches": 0, "percent_branches_covered": 100.0, "percent_branches_covered_display": "100"}, "missing_lines": [], "excluded_lines": [], "start_line": 53, "executed_branches": [], "missing_branches": []}, "file_exists": {"executed_lines": [58], "summary": {"covered_lines": 1, "num_statements": 1, "percent_covered": 100.0, "percent_covered_display": "100", "missing_lines": 0, "excluded_lines": 0, "percent_statements_covered": 100.0, "percent_statements_covered_display": "100", "num_branches": 0, "num_partial_branches": 0, "covered_branches": 0, "missing_branches": 0, "percent_branches_covered": 100.0, "percent_branches_covered_display": "100"}, "missing_lines": [], "excluded_lines": [], "start_line": 57, "executed_branches": [], "missing_branches": []}, "dir_exists": {"executed_lines": [], "summary": {"covered_lines": 0, "num_statements": 1, "percent_covered": 0.0, "percent_covered_display": "0", "missing_lines": 1, "excluded_lines": 0, "percent_statements_covered": 0.0, "percent_statements_covered_display": "0", "num_branches": 0, "num_partial_branches": 0, "covered_branches": 0, "missing_branches": 0, "percent_branches_covered": 100.0, "percent_branches_covered_display": "100"}, "missing_lines": [62], "excluded_lines": [], "start_line": 61, "executed_branches": [], "missing_branches": []}, "ensure_dir": {"executed_lines": [66], "summary": {"covered_lines": 1, "num_statements": 1, "percent_covered": 100.0, "percent_covered_display": "100", "missing_lines": 0, "excluded_lines": 0, "percent_statements_covered": 100.0, "percent_statements_covered_display": "100", "num_branches": 0, "num_partial_branches": 0, "covered_branches": 0, "missing_branches": 0, "percent_branches_covered": 100.0, "percent_branches_covered_display": "100"}, "missing_lines": [], "excluded_lines": [], "start_line": 65, "executed_branches": [], "missing_branches": []}, "write_atomic": {"executed_lines": [70, 71, 72, 73, 79, 80, 81, 82, 83, 84, 85, 87, 88], "summary": {"covered_lines": 13, "num_statements": 13, "percent_covered": 100.0, "percent_covered_display": "100", "missing_lines": 0, "excluded_lines": 0, "percent_statements_covered": 100.0, "percent_statements_covered_display": "100", "num_branches": 0, "num_partial_branches": 0, "covered_branches": 0, "missing_branches": 0, "percent_branches_covered": 100.0, "percent_branches_covered_display": "100"}, "missing_lines": [], "excluded_lines": [], "start_line": 69, "executed_branches": [], "missing_branches": []}, "atomic_write": {"executed_lines": [92], "summary": {"covered_lines": 1, "num_statements": 1, "percent_covered": 100.0, "percent_covered_display": "100", "missing_lines": 0, "excluded_lines": 0, "percent_statements_covered": 100.0, "percent_statements_covered_display": "100", "num_branches": 0, "num_partial_branches": 0, "covered_branches": 0, "missing_branches": 0, "percent_branches_covered": 100.0, "percent_branches_covered_display": "100"}, "missing_lines": [], "excluded_lines": [], "start_line": 91, "executed_branches": [], "missing_branches": []}, "run_cmd": {"executed_lines": [101, 102, 104, 105, 115], "summary": {"covered_lines": 5, "num_statements": 13, "percent_covered": 35.294117647058826, "percent_covered_display": "35", "missing_lines": 8, "excluded_lines": 0, "percent_statements_covered": 38.46153846153846, "percent_statements_covered_display": "38", "num_branches": 4, "num_partial_branches": 1, "covered_branches": 1, "missing_branches": 3, "percent_branches_covered": 25.0, "percent_branches_covered_display": "25"}, "missing_lines": [103, 116, 117, 118, 119, 120, 121, 122], "excluded_lines": [], "start_line": 95, "executed_branches": [[102, 104]], "missing_branches": [[102, 103], [118, 119], [118, 120]]}, "get_pwd": {"executed_lines": [126], "summary": {"covered_lines": 1, "num_statements": 1, "percent_covered": 100.0, "percent_covered_display": "100", "missing_lines": 0, "excluded_lines": 0, "percent_statements_covered": 100.0, "percent_statements_covered_display": "100", "num_branches": 0, "num_partial_branches": 0, "covered_branches": 0, "missing_branches": 0, "percent_branches_covered": 100.0, "percent_branches_covered_display": "100"}, "missing_lines": [], "excluded_lines": [], "start_line": 125, "executed_branches": [], "missing_branches": []}, "get_project_root": {"executed_lines": [130], "summary": {"covered_lines": 1, "num_statements": 1, "percent_covered": 100.0, "percent_covered_display": "100", "missing_lines": 0, "excluded_lines": 0, "percent_statements_covered": 100.0, "percent_statements_covered_display": "100", "num_branches": 0, "num_partial_branches": 0, "covered_branches": 0, "missing_branches": 0, "percent_branches_covered": 100.0, "percent_branches_covered_display": "100"}, "missing_lines": [], "excluded_lines": [], "start_line": 129, "executed_branches": [], "missing_branches": []}, "get_project_slug": {"executed_lines": [], "summary": {"covered_lines": 0, "num_statements": 3, "percent_covered": 0.0, "percent_covered_display": "0", "missing_lines": 3, "excluded_lines": 0, "percent_statements_covered": 0.0, "percent_statements_covered_display": "0", "num_branches": 0, "num_partial_branches": 0, "covered_branches": 0, "missing_branches": 0, "percent_branches_covered": 100.0, "percent_branches_covered_display": "100"}, "missing_lines": [134, 135, 136], "excluded_lines": [], "start_line": 133, "executed_branches": [], "missing_branches": []}, "md5_hex8": {"executed_lines": [140], "summary": {"covered_lines": 1, "num_statements": 1, "percent_covered": 100.0, "percent_covered_display": "100", "missing_lines": 0, "excluded_lines": 0, "percent_statements_covered": 100.0, "percent_statements_covered_display": "100", "num_branches": 0, "num_partial_branches": 0, "covered_branches": 0, "missing_branches": 0, "percent_branches_covered": 100.0, "percent_branches_covered_display": "100"}, "missing_lines": [], "excluded_lines": [], "start_line": 139, "executed_branches": [], "missing_branches": []}, "get_project_hash": {"executed_lines": [144], "summary": {"covered_lines": 1, "num_statements": 1, "percent_covered": 100.0, "percent_covered_display": "100", "missing_lines": 0, "excluded_lines": 0, "percent_statements_covered": 100.0, "percent_statements_covered_display": "100", "num_branches": 0, "num_partial_branches": 0, "covered_branches": 0, "missing_branches": 0, "percent_branches_covered": 100.0, "percent_branches_covered_display": "100"}, "missing_lines": [], "excluded_lines": [], "start_line": 143, "executed_branches": [], "missing_branches": []}, "project_slug": {"executed_lines": [], "summary": {"covered_lines": 0, "num_statements": 1, "percent_covered": 0.0, "percent_covered_display": "0", "missing_lines": 1, "excluded_lines": 0, "percent_statements_covered": 0.0, "percent_statements_covered_display": "0", "num_branches": 0, "num_partial_branches": 0, "covered_branches": 0, "missing_branches": 0, "percent_branches_covered": 100.0, "percent_branches_covered_display": "100"}, "missing_lines": [148], "excluded_lines": [], "start_line": 147, "executed_branches": [], "missing_branches": []}, "project_hash": {"executed_lines": [152], "summary": {"covered_lines": 1, "num_statements": 1, "percent_covered": 100.0, "percent_covered_display": "100", "missing_lines": 0, "excluded_lines": 0, "percent_statements_covered": 100.0, "percent_statements_covered_display": "100", "num_branches": 0, "num_partial_branches": 0, "covered_branches": 0, "missing_branches": 0, "percent_branches_covered": 100.0, "percent_branches_covered_display": "100"}, "missing_lines": [], "excluded_lines": [], "start_line": 151, "executed_branches": [], "missing_branches": []}, "trim_lines": {"executed_lines": [156], "summary": {"covered_lines": 1, "num_statements": 1, "percent_covered": 100.0, "percent_covered_display": "100", "missing_lines": 0, "excluded_lines": 0, "percent_statements_covered": 100.0, "percent_statements_covered_display": "100", "num_branches": 0, "num_partial_branches": 0, "covered_branches": 0, "missing_branches": 0, "percent_branches_covered": 100.0, "percent_branches_covered_display": "100"}, "missing_lines": [], "excluded_lines": [], "start_line": 155, "executed_branches": [], "missing_branches": []}, "filter_input_box": {"executed_lines": [160, 161, 162, 163, 164, 167, 170, 172, 173], "summary": {"covered_lines": 9, "num_statements": 14, "percent_covered": 63.63636363636363, "percent_covered_display": "64", "missing_lines": 5, "excluded_lines": 0, "percent_statements_covered": 64.28571428571429, "percent_statements_covered_display": "64", "num_branches": 8, "num_partial_branches": 3, "covered_branches": 5, "missing_branches": 3, "percent_branches_covered": 62.5, "percent_branches_covered_display": "62"}, "missing_lines": [165, 166, 168, 169, 171], "excluded_lines": [], "start_line": 159, "executed_branches": [[163, 164], [163, 173], [164, 167], [167, 170], [170, 172]], "missing_branches": [[164, 165], [167, 168], [170, 171]]}, "is_help_flag": {"executed_lines": [], "summary": {"covered_lines": 0, "num_statements": 1, "percent_covered": 0.0, "percent_covered_display": "0", "missing_lines": 1, "excluded_lines": 0, "percent_statements_covered": 0.0, "percent_statements_covered_display": "0", "num_branches": 0, "num_partial_branches": 0, "covered_branches": 0, "missing_branches": 0, "percent_branches_covered": 100.0, "percent_branches_covered_display": "100"}, "missing_lines": [177], "excluded_lines": [], "start_line": 176, "executed_branches": [], "missing_branches": []}, "help_flag": {"executed_lines": [], "summary": {"covered_lines": 0, "num_statements": 1, "percent_covered": 0.0, "percent_covered_display": "0", "missing_lines": 1, "excluded_lines": 0, "percent_statements_covered": 0.0, "percent_statements_covered_display": "0", "num_branches": 0, "num_partial_branches": 0, "covered_branches": 0, "missing_branches": 0, "percent_branches_covered": 100.0, "percent_branches_covered_display": "100"}, "missing_lines": [181], "excluded_lines": [], "start_line": 180, "executed_branches": [], "missing_branches": []}, "strip_inline_yaml_comment": {"executed_lines": [185, 186, 187, 188, 189, 192, 195, 196, 197, 198, 199, 200, 201, 202, 203], "summary": {"covered_lines": 15, "num_statements": 19, "percent_covered": 78.78787878787878, "percent_covered_display": "79", "missing_lines": 4, "excluded_lines": 0, "percent_statements_covered": 78.94736842105263, "percent_statements_covered_display": "79", "num_branches": 14, "num_partial_branches": 3, "covered_branches": 11, "missing_branches": 3, "percent_branches_covered": 78.57142857142857, "percent_branches_covered_display": "79"}, "missing_lines": [190, 191, 193, 194], "excluded_lines": [], "start_line": 184, "executed_branches": [[188, 189], [188, 203], [189, 192], [192, 195], [195, 196], [195, 201], [196, 197], [196, 198], [198, 199], [201, 188], [201, 202]], "missing_branches": [[189, 190], [192, 193], [198, 200]]}, "unquote_scalar": {"executed_lines": [207, 208, 209, 210], "summary": {"covered_lines": 4, "num_statements": 4, "percent_covered": 100.0, "percent_covered_display": "100", "missing_lines": 0, "excluded_lines": 0, "percent_statements_covered": 100.0, "percent_statements_covered_display": "100", "num_branches": 2, "num_partial_branches": 0, "covered_branches": 2, "missing_branches": 0, "percent_branches_covered": 100.0, "percent_branches_covered_display": "100"}, "missing_lines": [], "excluded_lines": [], "start_line": 206, "executed_branches": [[208, 209], [208, 210]], "missing_branches": []}, "parse_string_list_literal": {"executed_lines": [214, 215, 216, 217, 218, 219, 220, 221, 222, 223], "summary": {"covered_lines": 10, "num_statements": 10, "percent_covered": 100.0, "percent_covered_display": "100", "missing_lines": 0, "excluded_lines": 0, "percent_statements_covered": 100.0, "percent_statements_covered_display": "100", "num_branches": 4, "num_partial_branches": 0, "covered_branches": 4, "missing_branches": 0, "percent_branches_covered": 100.0, "percent_branches_covered_display": "100"}, "missing_lines": [], "excluded_lines": [], "start_line": 213, "executed_branches": [[215, 216], [215, 217], [221, 222], [221, 223]], "missing_branches": []}, "default_string": {"executed_lines": [], "summary": {"covered_lines": 0, "num_statements": 1, "percent_covered": 0.0, "percent_covered_display": "0", "missing_lines": 1, "excluded_lines": 0, "percent_statements_covered": 0.0, "percent_statements_covered_display": "0", "num_branches": 0, "num_partial_branches": 0, "covered_branches": 0, "missing_branches": 0, "percent_branches_covered": 100.0, "percent_branches_covered_display": "100"}, "missing_lines": [227], "excluded_lines": [], "start_line": 226, "executed_branches": [], "missing_branches": []}, "count_matches": {"executed_lines": [], "summary": {"covered_lines": 0, "num_statements": 1, "percent_covered": 0.0, "percent_covered_display": "0", "missing_lines": 1, "excluded_lines": 0, "percent_statements_covered": 0.0, "percent_statements_covered_display": "0", "num_branches": 0, "num_partial_branches": 0, "covered_branches": 0, "missing_branches": 0, "percent_branches_covered": 100.0, "percent_branches_covered_display": "100"}, "missing_lines": [231], "excluded_lines": [], "start_line": 230, "executed_branches": [], "missing_branches": []}, "extract_json_line": {"executed_lines": [235, 236, 237, 238, 241, 242], "summary": {"covered_lines": 6, "num_statements": 8, "percent_covered": 83.33333333333333, "percent_covered_display": "83", "missing_lines": 2, "excluded_lines": 0, "percent_statements_covered": 75.0, "percent_statements_covered_display": "75", "num_branches": 4, "num_partial_branches": 0, "covered_branches": 4, "missing_branches": 0, "percent_branches_covered": 100.0, "percent_branches_covered_display": "100"}, "missing_lines": [239, 240], "excluded_lines": [], "start_line": 234, "executed_branches": [[235, 236], [235, 242], [236, 235], [236, 237]], "missing_branches": []}, "truthy": {"executed_lines": [], "summary": {"covered_lines": 0, "num_statements": 7, "percent_covered": 0.0, "percent_covered_display": "0", "missing_lines": 7, "excluded_lines": 0, "percent_statements_covered": 0.0, "percent_statements_covered_display": "0", "num_branches": 6, "num_partial_branches": 0, "covered_branches": 0, "missing_branches": 6, "percent_branches_covered": 0.0, "percent_branches_covered_display": "0"}, "missing_lines": [246, 247, 248, 249, 250, 251, 252], "excluded_lines": [], "start_line": 245, "executed_branches": [], "missing_branches": [[246, 247], [246, 248], [248, 249], [248, 250], [250, 251], [250, 252]]}, "iso_now": {"executed_lines": [256], "summary": {"covered_lines": 1, "num_statements": 1, "percent_covered": 100.0, "percent_covered_display": "100", "missing_lines": 0, "excluded_lines": 0, "percent_statements_covered": 100.0, "percent_statements_covered_display": "100", "num_branches": 0, "num_partial_branches": 0, "covered_branches": 0, "missing_branches": 0, "percent_branches_covered": 100.0, "percent_branches_covered_display": "100"}, "missing_lines": [], "excluded_lines": [], "start_line": 255, "executed_branches": [], "missing_branches": []}, "print_json": {"executed_lines": [260], "summary": {"covered_lines": 1, "num_statements": 1, "percent_covered": 100.0, "percent_covered_display": "100", "missing_lines": 0, "excluded_lines": 0, "percent_statements_covered": 100.0, "percent_statements_covered_display": "100", "num_branches": 0, "num_partial_branches": 0, "covered_branches": 0, "missing_branches": 0, "percent_branches_covered": 100.0, "percent_branches_covered_display": "100"}, "missing_lines": [], "excluded_lines": [], "start_line": 259, "executed_branches": [], "missing_branches": []}, "command_exists": {"executed_lines": [264], "summary": {"covered_lines": 1, "num_statements": 1, "percent_covered": 100.0, "percent_covered_display": "100", "missing_lines": 0, "excluded_lines": 0, "percent_statements_covered": 100.0, "percent_statements_covered_display": "100", "num_branches": 0, "num_partial_branches": 0, "covered_branches": 0, "missing_branches": 0, "percent_branches_covered": 100.0, "percent_branches_covered_display": "100"}, "missing_lines": [], "excluded_lines": [], "start_line": 263, "executed_branches": [], "missing_branches": []}, "": {"executed_lines": [1, 3, 4, 5, 6, 7, 8, 9, 10, 11, 12, 13, 14, 16, 19, 20, 23, 24, 25, 26, 27, 29, 33, 41, 45, 49, 53, 57, 61, 65, 69, 91, 95, 125, 129, 133, 139, 143, 147, 151, 155, 159, 176, 180, 184, 206, 213, 226, 230, 234, 245, 255, 259, 263], "summary": {"covered_lines": 54, "num_statements": 54, "percent_covered": 100.0, "percent_covered_display": "100", "missing_lines": 0, "excluded_lines": 0, "percent_statements_covered": 100.0, "percent_statements_covered_display": "100", "num_branches": 0, "num_partial_branches": 0, "covered_branches": 0, "missing_branches": 0, "percent_branches_covered": 100.0, "percent_branches_covered_display": "100"}, "missing_lines": [], "excluded_lines": [], "start_line": 1, "executed_branches": [], "missing_branches": []}}, "classes": {"CommandResult": {"executed_lines": [30, 31, 34, 36, 37], "summary": {"covered_lines": 5, "num_statements": 7, "percent_covered": 63.63636363636363, "percent_covered_display": "64", "missing_lines": 2, "excluded_lines": 0, "percent_statements_covered": 71.42857142857143, "percent_statements_covered_display": "71", "num_branches": 4, "num_partial_branches": 2, "covered_branches": 2, "missing_branches": 2, "percent_branches_covered": 50.0, "percent_branches_covered_display": "50"}, "missing_lines": [35, 38], "excluded_lines": [], "start_line": 24, "executed_branches": [[34, 36], [36, 37]], "missing_branches": [[34, 35], [36, 38]]}, "": {"executed_lines": [1, 3, 4, 5, 6, 7, 8, 9, 10, 11, 12, 13, 14, 16, 19, 20, 23, 24, 25, 26, 27, 29, 33, 41, 42, 45, 46, 49, 50, 53, 54, 57, 58, 61, 65, 66, 69, 70, 71, 72, 73, 79, 80, 81, 82, 83, 84, 85, 87, 88, 91, 92, 95, 101, 102, 104, 105, 115, 125, 126, 129, 130, 133, 139, 140, 143, 144, 147, 151, 152, 155, 156, 159, 160, 161, 162, 163, 164, 167, 170, 172, 173, 176, 180, 184, 185, 186, 187, 188, 189, 192, 195, 196, 197, 198, 199, 200, 201, 202, 203, 206, 207, 208, 209, 210, 213, 214, 215, 216, 217, 218, 219, 220, 221, 222, 223, 226, 230, 234, 235, 236, 237, 238, 241, 242, 245, 255, 256, 259, 260, 263, 264], "summary": {"covered_lines": 132, "num_statements": 167, "percent_covered": 76.07655502392345, "percent_covered_display": "76", "missing_lines": 35, "excluded_lines": 0, "percent_statements_covered": 79.04191616766467, "percent_statements_covered_display": "79", "num_branches": 42, "num_partial_branches": 7, "covered_branches": 27, "missing_branches": 15, "percent_branches_covered": 64.28571428571429, "percent_branches_covered_display": "64"}, "missing_lines": [62, 103, 116, 117, 118, 119, 120, 121, 122, 134, 135, 136, 148, 165, 166, 168, 169, 171, 177, 181, 190, 191, 193, 194, 227, 231, 239, 240, 246, 247, 248, 249, 250, 251, 252], "excluded_lines": [], "start_line": 1, "executed_branches": [[102, 104], [163, 164], [163, 173], [164, 167], [167, 170], [170, 172], [188, 189], [188, 203], [189, 192], [192, 195], [195, 196], [195, 201], [196, 197], [196, 198], [198, 199], [201, 188], [201, 202], [208, 209], [208, 210], [215, 216], [215, 217], [221, 222], [221, 223], [235, 236], [235, 242], [236, 235], [236, 237]], "missing_branches": [[102, 103], [118, 119], [118, 120], [164, 165], [167, 168], [170, 171], [189, 190], [192, 193], [198, 200], [246, 247], [246, 248], [248, 249], [248, 250], [250, 251], [250, 252]]}}}}, "totals": {"covered_lines": 5687, "num_statements": 7106, "percent_covered": 76.88698490412077, "percent_covered_display": "77", "missing_lines": 1419, "excluded_lines": 20, "percent_statements_covered": 80.03095975232198, "percent_statements_covered_display": "80", "num_branches": 2698, "num_partial_branches": 435, "covered_branches": 1851, "missing_branches": 847, "percent_branches_covered": 68.60637509266122, "percent_branches_covered_display": "69"}}